This file contains any messages produced by compilers while
running configure, to aid debugging if configure makes a mistake.

It was created by configure, which was
generated by GNU Autoconf 2.68.  Invocation command line was

  $ ./configure --enable-ne2000 --enable-all-optimizations --enable-cpu-level=6 --enable-x86-64 --enable-vmx=2 --enable-pci --enable-usb --enable-usb-ohci --enable-e1000 --enable-debugger --enable-disasm --disable-debugger-gui --with-sdl --prefix=/Users/yingli/tools/bochs

## --------- ##
## Platform. ##
## --------- ##

hostname = jauzzz.local
uname -m = x86_64
uname -r = 18.7.0
uname -s = Darwin
uname -v = Darwin Kernel Version 18.7.0: Tue Aug 20 16:57:14 PDT 2019; root:xnu-4903.271.2~2/RELEASE_X86_64

/usr/bin/uname -p = i386
/bin/uname -X     = unknown

/bin/arch              = unknown
/usr/bin/arch -k       = unknown
/usr/convex/getsysinfo = unknown
/usr/bin/hostinfo      = Mach kernel version:
	 Darwin Kernel Version 18.7.0: Tue Aug 20 16:57:14 PDT 2019; root:xnu-4903.271.2~2/RELEASE_X86_64
Kernel configured for up to 4 processors.
2 processors are physically available.
4 processors are logically available.
Processor type: x86_64h (Intel x86-64h Haswell)
Processors active: 0 1 2 3
Primary memory available: 8.00 gigabytes
Default processor set: 417 tasks, 2075 threads, 4 processors
Load average: 5.66, Mach factor: 0.52
/bin/machine           = unknown
/usr/bin/oslevel       = unknown
/bin/universe          = unknown

PATH: /usr/local/opt/openssl@1.1/bin
PATH: /Applications/CMake.app/Contents/bin
PATH: /usr/local/sbin
PATH: /usr/local/opt/openssl@1.1/bin
PATH: /Applications/CMake.app/Contents/bin
PATH: /usr/local/sbin
PATH: /usr/local/bin
PATH: /usr/bin
PATH: /bin
PATH: /usr/sbin
PATH: /sbin
PATH: /Library/TeX/texbin
PATH: /opt/X11/bin


## ----------- ##
## Core tests. ##
## ----------- ##

configure:3146: checking build system type
configure:3160: result: x86_64-apple-darwin18.7.0
configure:3180: checking host system type
configure:3193: result: x86_64-apple-darwin18.7.0
configure:3213: checking target system type
configure:3226: result: x86_64-apple-darwin18.7.0
configure:3253: checking if you are configuring for another platform
configure:3260: result: no
configure:3325: checking for standard CFLAGS on this platform
configure:3327: result: -fpascal-strings -fno-common -Wno-four-char-constants -Wno-unknown-pragmas -Dmacintosh
configure:3395: checking for gcc
configure:3411: found /usr/bin/gcc
configure:3422: result: gcc
configure:3651: checking for C compiler version
configure:3660: gcc --version >&5
Apple LLVM version 10.0.1 (clang-1001.0.46.4)
Target: x86_64-apple-darwin18.7.0
Thread model: posix
InstalledDir: /Library/Developer/CommandLineTools/usr/bin
Configured with: --prefix=/Library/Developer/CommandLineTools/usr --with-gxx-include-dir=/Library/Developer/CommandLineTools/SDKs/MacOSX10.14.sdk/usr/include/c++/4.2.1
configure:3671: $? = 0
configure:3660: gcc -v >&5
Configured with: --prefix=/Library/Developer/CommandLineTools/usr --with-gxx-include-dir=/Library/Developer/CommandLineTools/SDKs/MacOSX10.14.sdk/usr/include/c++/4.2.1
Apple LLVM version 10.0.1 (clang-1001.0.46.4)
Target: x86_64-apple-darwin18.7.0
Thread model: posix
InstalledDir: /Library/Developer/CommandLineTools/usr/bin
configure:3671: $? = 0
configure:3660: gcc -V >&5
clang: error: unsupported option '-V -Wno-atomic-implicit-seq-cst'
clang: error: no input files
configure:3671: $? = 1
configure:3660: gcc -qversion >&5
clang: error: unknown argument '-qversion', did you mean '--version'?
clang: error: no input files
configure:3671: $? = 1
configure:3691: checking whether the C compiler works
configure:3713: gcc  -fpascal-strings -fno-common -Wno-four-char-constants -Wno-unknown-pragmas -Dmacintosh -I/usr/local/opt/openssl@1.1/include -fpascal-strings -fno-common -Wno-four-char-constants -Wno-unknown-pragmas -Dmacintosh -L/usr/local/opt/openssl@1.1/lib conftest.c  >&5
configure:3717: $? = 0
configure:3765: result: yes
configure:3768: checking for C compiler default output file name
configure:3770: result: a.out
configure:3776: checking for suffix of executables
configure:3783: gcc -o conftest  -fpascal-strings -fno-common -Wno-four-char-constants -Wno-unknown-pragmas -Dmacintosh -I/usr/local/opt/openssl@1.1/include -fpascal-strings -fno-common -Wno-four-char-constants -Wno-unknown-pragmas -Dmacintosh -L/usr/local/opt/openssl@1.1/lib conftest.c  >&5
configure:3787: $? = 0
configure:3809: result: 
configure:3831: checking whether we are cross compiling
configure:3839: gcc -o conftest  -fpascal-strings -fno-common -Wno-four-char-constants -Wno-unknown-pragmas -Dmacintosh -I/usr/local/opt/openssl@1.1/include -fpascal-strings -fno-common -Wno-four-char-constants -Wno-unknown-pragmas -Dmacintosh -L/usr/local/opt/openssl@1.1/lib conftest.c  >&5
configure:3843: $? = 0
configure:3850: ./conftest
configure:3854: $? = 0
configure:3869: result: no
configure:3874: checking for suffix of object files
configure:3896: gcc -c  -fpascal-strings -fno-common -Wno-four-char-constants -Wno-unknown-pragmas -Dmacintosh -I/usr/local/opt/openssl@1.1/include -fpascal-strings -fno-common -Wno-four-char-constants -Wno-unknown-pragmas -Dmacintosh conftest.c >&5
configure:3900: $? = 0
configure:3921: result: o
configure:3925: checking whether we are using the GNU C compiler
configure:3944: gcc -c  -fpascal-strings -fno-common -Wno-four-char-constants -Wno-unknown-pragmas -Dmacintosh -I/usr/local/opt/openssl@1.1/include -fpascal-strings -fno-common -Wno-four-char-constants -Wno-unknown-pragmas -Dmacintosh conftest.c >&5
configure:3944: $? = 0
configure:3953: result: yes
configure:3962: checking whether gcc accepts -g
configure:3982: gcc -c -g -I/usr/local/opt/openssl@1.1/include -fpascal-strings -fno-common -Wno-four-char-constants -Wno-unknown-pragmas -Dmacintosh conftest.c >&5
configure:3982: $? = 0
configure:4023: result: yes
configure:4040: checking for gcc option to accept ISO C89
configure:4104: gcc  -c  -fpascal-strings -fno-common -Wno-four-char-constants -Wno-unknown-pragmas -Dmacintosh -I/usr/local/opt/openssl@1.1/include -fpascal-strings -fno-common -Wno-four-char-constants -Wno-unknown-pragmas -Dmacintosh conftest.c >&5
configure:4104: $? = 0
configure:4117: result: none needed
configure:4195: checking for g++
configure:4211: found /usr/bin/g++
configure:4222: result: g++
configure:4249: checking for C++ compiler version
configure:4258: g++ --version >&5
Apple LLVM version 10.0.1 (clang-1001.0.46.4)
Target: x86_64-apple-darwin18.7.0
Thread model: posix
InstalledDir: /Library/Developer/CommandLineTools/usr/bin
Configured with: --prefix=/Library/Developer/CommandLineTools/usr --with-gxx-include-dir=/Library/Developer/CommandLineTools/SDKs/MacOSX10.14.sdk/usr/include/c++/4.2.1
configure:4269: $? = 0
configure:4258: g++ -v >&5
Configured with: --prefix=/Library/Developer/CommandLineTools/usr --with-gxx-include-dir=/Library/Developer/CommandLineTools/SDKs/MacOSX10.14.sdk/usr/include/c++/4.2.1
Apple LLVM version 10.0.1 (clang-1001.0.46.4)
Target: x86_64-apple-darwin18.7.0
Thread model: posix
InstalledDir: /Library/Developer/CommandLineTools/usr/bin
configure:4269: $? = 0
configure:4258: g++ -V >&5
clang: error: unsupported option '-V -Wno-atomic-implicit-seq-cst'
clang: error: no input files
configure:4269: $? = 1
configure:4258: g++ -qversion >&5
clang: error: unknown argument '-qversion', did you mean '--version'?
clang: error: no input files
configure:4269: $? = 1
configure:4273: checking whether we are using the GNU C++ compiler
configure:4292: g++ -c  -fpascal-strings -fno-common -Wno-four-char-constants -Wno-unknown-pragmas -Dmacintosh -I/usr/local/opt/openssl@1.1/include -fpascal-strings -fno-common -Wno-four-char-constants -Wno-unknown-pragmas -Dmacintosh conftest.cpp >&5
configure:4292: $? = 0
configure:4301: result: yes
configure:4310: checking whether g++ accepts -g
configure:4330: g++ -c -g -I/usr/local/opt/openssl@1.1/include -fpascal-strings -fno-common -Wno-four-char-constants -Wno-unknown-pragmas -Dmacintosh conftest.cpp >&5
configure:4330: $? = 0
configure:4371: result: yes
configure:4394: checking whether make sets $(MAKE)
configure:4416: result: yes
configure:4502: checking for a sed that does not truncate output
configure:4556: result: /usr/bin/sed
configure:4559: checking for grep that handles long lines and -e
configure:4617: result: /usr/bin/grep
configure:4622: checking for egrep
configure:4684: result: /usr/bin/grep -E
configure:4700: checking for ld used by gcc
configure:4767: result: /Library/Developer/CommandLineTools/usr/bin/ld
configure:4774: checking if the linker (/Library/Developer/CommandLineTools/usr/bin/ld) is GNU ld
configure:4789: result: no
configure:4794: checking for /Library/Developer/CommandLineTools/usr/bin/ld option to reload object files
configure:4801: result: -r
configure:4810: checking for BSD-compatible nm
configure:4852: result: /usr/bin/nm -B
configure:4856: checking whether ln -s works
configure:4860: result: yes
configure:4867: checking how to recognise dependent libraries
configure:5067: result: pass_all
configure:5253: checking how to run the C preprocessor
configure:5284: gcc -E -I/usr/local/opt/openssl@1.1/include -fpascal-strings -fno-common -Wno-four-char-constants -Wno-unknown-pragmas -Dmacintosh conftest.c
configure:5284: $? = 0
configure:5298: gcc -E -I/usr/local/opt/openssl@1.1/include -fpascal-strings -fno-common -Wno-four-char-constants -Wno-unknown-pragmas -Dmacintosh conftest.c
conftest.c:9:10: fatal error: 'ac_nonexistent.h' file not found
#include <ac_nonexistent.h>
         ^~~~~~~~~~~~~~~~~~
1 error generated.
configure:5298: $? = 1
configure: failed program was:
| /* confdefs.h */
| #define PACKAGE_NAME ""
| #define PACKAGE_TARNAME ""
| #define PACKAGE_VERSION ""
| #define PACKAGE_STRING ""
| #define PACKAGE_BUGREPORT ""
| #define PACKAGE_URL ""
| /* end confdefs.h.  */
| #include <ac_nonexistent.h>
configure:5323: result: gcc -E
configure:5343: gcc -E -I/usr/local/opt/openssl@1.1/include -fpascal-strings -fno-common -Wno-four-char-constants -Wno-unknown-pragmas -Dmacintosh conftest.c
configure:5343: $? = 0
configure:5357: gcc -E -I/usr/local/opt/openssl@1.1/include -fpascal-strings -fno-common -Wno-four-char-constants -Wno-unknown-pragmas -Dmacintosh conftest.c
conftest.c:9:10: fatal error: 'ac_nonexistent.h' file not found
#include <ac_nonexistent.h>
         ^~~~~~~~~~~~~~~~~~
1 error generated.
configure:5357: $? = 1
configure: failed program was:
| /* confdefs.h */
| #define PACKAGE_NAME ""
| #define PACKAGE_TARNAME ""
| #define PACKAGE_VERSION ""
| #define PACKAGE_STRING ""
| #define PACKAGE_BUGREPORT ""
| #define PACKAGE_URL ""
| /* end confdefs.h.  */
| #include <ac_nonexistent.h>
configure:5386: checking for ANSI C header files
configure:5406: gcc -c  -fpascal-strings -fno-common -Wno-four-char-constants -Wno-unknown-pragmas -Dmacintosh -I/usr/local/opt/openssl@1.1/include -fpascal-strings -fno-common -Wno-four-char-constants -Wno-unknown-pragmas -Dmacintosh conftest.c >&5
configure:5406: $? = 0
configure:5479: gcc -o conftest  -fpascal-strings -fno-common -Wno-four-char-constants -Wno-unknown-pragmas -Dmacintosh -I/usr/local/opt/openssl@1.1/include -fpascal-strings -fno-common -Wno-four-char-constants -Wno-unknown-pragmas -Dmacintosh -L/usr/local/opt/openssl@1.1/lib conftest.c  >&5
configure:5479: $? = 0
configure:5479: ./conftest
configure:5479: $? = 0
configure:5490: result: yes
configure:5503: checking for sys/types.h
configure:5503: gcc -c  -fpascal-strings -fno-common -Wno-four-char-constants -Wno-unknown-pragmas -Dmacintosh -I/usr/local/opt/openssl@1.1/include -fpascal-strings -fno-common -Wno-four-char-constants -Wno-unknown-pragmas -Dmacintosh conftest.c >&5
configure:5503: $? = 0
configure:5503: result: yes
configure:5503: checking for sys/stat.h
configure:5503: gcc -c  -fpascal-strings -fno-common -Wno-four-char-constants -Wno-unknown-pragmas -Dmacintosh -I/usr/local/opt/openssl@1.1/include -fpascal-strings -fno-common -Wno-four-char-constants -Wno-unknown-pragmas -Dmacintosh conftest.c >&5
configure:5503: $? = 0
configure:5503: result: yes
configure:5503: checking for stdlib.h
configure:5503: gcc -c  -fpascal-strings -fno-common -Wno-four-char-constants -Wno-unknown-pragmas -Dmacintosh -I/usr/local/opt/openssl@1.1/include -fpascal-strings -fno-common -Wno-four-char-constants -Wno-unknown-pragmas -Dmacintosh conftest.c >&5
configure:5503: $? = 0
configure:5503: result: yes
configure:5503: checking for string.h
configure:5503: gcc -c  -fpascal-strings -fno-common -Wno-four-char-constants -Wno-unknown-pragmas -Dmacintosh -I/usr/local/opt/openssl@1.1/include -fpascal-strings -fno-common -Wno-four-char-constants -Wno-unknown-pragmas -Dmacintosh conftest.c >&5
configure:5503: $? = 0
configure:5503: result: yes
configure:5503: checking for memory.h
configure:5503: gcc -c  -fpascal-strings -fno-common -Wno-four-char-constants -Wno-unknown-pragmas -Dmacintosh -I/usr/local/opt/openssl@1.1/include -fpascal-strings -fno-common -Wno-four-char-constants -Wno-unknown-pragmas -Dmacintosh conftest.c >&5
configure:5503: $? = 0
configure:5503: result: yes
configure:5503: checking for strings.h
configure:5503: gcc -c  -fpascal-strings -fno-common -Wno-four-char-constants -Wno-unknown-pragmas -Dmacintosh -I/usr/local/opt/openssl@1.1/include -fpascal-strings -fno-common -Wno-four-char-constants -Wno-unknown-pragmas -Dmacintosh conftest.c >&5
configure:5503: $? = 0
configure:5503: result: yes
configure:5503: checking for inttypes.h
configure:5503: gcc -c  -fpascal-strings -fno-common -Wno-four-char-constants -Wno-unknown-pragmas -Dmacintosh -I/usr/local/opt/openssl@1.1/include -fpascal-strings -fno-common -Wno-four-char-constants -Wno-unknown-pragmas -Dmacintosh conftest.c >&5
configure:5503: $? = 0
configure:5503: result: yes
configure:5503: checking for stdint.h
configure:5503: gcc -c  -fpascal-strings -fno-common -Wno-four-char-constants -Wno-unknown-pragmas -Dmacintosh -I/usr/local/opt/openssl@1.1/include -fpascal-strings -fno-common -Wno-four-char-constants -Wno-unknown-pragmas -Dmacintosh conftest.c >&5
configure:5503: $? = 0
configure:5503: result: yes
configure:5503: checking for unistd.h
configure:5503: gcc -c  -fpascal-strings -fno-common -Wno-four-char-constants -Wno-unknown-pragmas -Dmacintosh -I/usr/local/opt/openssl@1.1/include -fpascal-strings -fno-common -Wno-four-char-constants -Wno-unknown-pragmas -Dmacintosh conftest.c >&5
configure:5503: $? = 0
configure:5503: result: yes
configure:5517: checking dlfcn.h usability
configure:5517: gcc -c  -fpascal-strings -fno-common -Wno-four-char-constants -Wno-unknown-pragmas -Dmacintosh -I/usr/local/opt/openssl@1.1/include -fpascal-strings -fno-common -Wno-four-char-constants -Wno-unknown-pragmas -Dmacintosh conftest.c >&5
configure:5517: $? = 0
configure:5517: result: yes
configure:5517: checking dlfcn.h presence
configure:5517: gcc -E -I/usr/local/opt/openssl@1.1/include -fpascal-strings -fno-common -Wno-four-char-constants -Wno-unknown-pragmas -Dmacintosh conftest.c
configure:5517: $? = 0
configure:5517: result: yes
configure:5517: checking for dlfcn.h
configure:5517: result: yes
configure:5532: checking how to run the C++ preprocessor
configure:5559: g++ -E -I/usr/local/opt/openssl@1.1/include -fpascal-strings -fno-common -Wno-four-char-constants -Wno-unknown-pragmas -Dmacintosh conftest.cpp
configure:5559: $? = 0
configure:5573: g++ -E -I/usr/local/opt/openssl@1.1/include -fpascal-strings -fno-common -Wno-four-char-constants -Wno-unknown-pragmas -Dmacintosh conftest.cpp
conftest.cpp:20:10: fatal error: 'ac_nonexistent.h' file not found
#include <ac_nonexistent.h>
         ^~~~~~~~~~~~~~~~~~
1 error generated.
configure:5573: $? = 1
configure: failed program was:
| /* confdefs.h */
| #define PACKAGE_NAME ""
| #define PACKAGE_TARNAME ""
| #define PACKAGE_VERSION ""
| #define PACKAGE_STRING ""
| #define PACKAGE_BUGREPORT ""
| #define PACKAGE_URL ""
| #define STDC_HEADERS 1
| #define HAVE_SYS_TYPES_H 1
| #define HAVE_SYS_STAT_H 1
| #define HAVE_STDLIB_H 1
| #define HAVE_STRING_H 1
| #define HAVE_MEMORY_H 1
| #define HAVE_STRINGS_H 1
| #define HAVE_INTTYPES_H 1
| #define HAVE_STDINT_H 1
| #define HAVE_UNISTD_H 1
| #define HAVE_DLFCN_H 1
| /* end confdefs.h.  */
| #include <ac_nonexistent.h>
configure:5598: result: g++ -E
configure:5618: g++ -E -I/usr/local/opt/openssl@1.1/include -fpascal-strings -fno-common -Wno-four-char-constants -Wno-unknown-pragmas -Dmacintosh conftest.cpp
configure:5618: $? = 0
configure:5632: g++ -E -I/usr/local/opt/openssl@1.1/include -fpascal-strings -fno-common -Wno-four-char-constants -Wno-unknown-pragmas -Dmacintosh conftest.cpp
conftest.cpp:20:10: fatal error: 'ac_nonexistent.h' file not found
#include <ac_nonexistent.h>
         ^~~~~~~~~~~~~~~~~~
1 error generated.
configure:5632: $? = 1
configure: failed program was:
| /* confdefs.h */
| #define PACKAGE_NAME ""
| #define PACKAGE_TARNAME ""
| #define PACKAGE_VERSION ""
| #define PACKAGE_STRING ""
| #define PACKAGE_BUGREPORT ""
| #define PACKAGE_URL ""
| #define STDC_HEADERS 1
| #define HAVE_SYS_TYPES_H 1
| #define HAVE_SYS_STAT_H 1
| #define HAVE_STDLIB_H 1
| #define HAVE_STRING_H 1
| #define HAVE_MEMORY_H 1
| #define HAVE_STRINGS_H 1
| #define HAVE_INTTYPES_H 1
| #define HAVE_STDINT_H 1
| #define HAVE_UNISTD_H 1
| #define HAVE_DLFCN_H 1
| /* end confdefs.h.  */
| #include <ac_nonexistent.h>
configure:5714: checking for g77
configure:5744: result: no
configure:5714: checking for xlf
configure:5744: result: no
configure:5714: checking for f77
configure:5744: result: no
configure:5714: checking for frt
configure:5744: result: no
configure:5714: checking for pgf77
configure:5744: result: no
configure:5714: checking for cf77
configure:5744: result: no
configure:5714: checking for fort77
configure:5744: result: no
configure:5714: checking for fl32
configure:5744: result: no
configure:5714: checking for af77
configure:5744: result: no
configure:5714: checking for xlf90
configure:5744: result: no
configure:5714: checking for f90
configure:5744: result: no
configure:5714: checking for pgf90
configure:5744: result: no
configure:5714: checking for pghpf
configure:5744: result: no
configure:5714: checking for epcf90
configure:5744: result: no
configure:5714: checking for gfortran
configure:5744: result: no
configure:5714: checking for g95
configure:5744: result: no
configure:5714: checking for xlf95
configure:5744: result: no
configure:5714: checking for f95
configure:5744: result: no
configure:5714: checking for fort
configure:5744: result: no
configure:5714: checking for ifort
configure:5744: result: no
configure:5714: checking for ifc
configure:5744: result: no
configure:5714: checking for efc
configure:5744: result: no
configure:5714: checking for pgfortran
configure:5744: result: no
configure:5714: checking for pgf95
configure:5744: result: no
configure:5714: checking for lf95
configure:5744: result: no
configure:5714: checking for ftn
configure:5744: result: no
configure:5767: checking for Fortran 77 compiler version
configure:5776:  --version >&5
./configure: line 5778: --version: command not found
configure:5787: $? = 127
configure:5776:  -v >&5
./configure: line 5778: -v: command not found
configure:5787: $? = 127
configure:5776:  -V >&5
./configure: line 5778: -V: command not found
configure:5787: $? = 127
configure:5776:  -qversion >&5
./configure: line 5778: -qversion: command not found
configure:5787: $? = 127
configure:5796: checking whether we are using the GNU Fortran 77 compiler
configure:5809:  -c  conftest.F >&5
./configure: line 2389: -c: command not found
configure:5809: $? = 127
configure: failed program was:
|       program main
| #ifndef __GNUC__
|        choke me
| #endif
| 
|       end
configure:5818: result: no
configure:5824: checking whether  accepts -g
configure:5835:  -c -g conftest.f >&5
./configure: line 2389: -c: command not found
configure:5835: $? = 127
configure: failed program was:
|       program main
| 
|       end
configure:5843: result: no
configure:5877: checking the maximum length of command line arguments
configure:5942: result: 65536
configure:5953: checking command to parse /usr/bin/nm -B output from gcc object
configure:6042: gcc -c  -fpascal-strings -fno-common -Wno-four-char-constants -Wno-unknown-pragmas -Dmacintosh -I/usr/local/opt/openssl@1.1/include -fpascal-strings -fno-common -Wno-four-char-constants -Wno-unknown-pragmas -Dmacintosh conftest.c >&5
configure:6045: $? = 0
configure:6049: /usr/bin/nm -B conftest.o \| sed -n -e 's/^.*[ 	]\([BCDEGRST][BCDEGRST]*\)[ 	][ 	]*\(\)\([_A-Za-z][_A-Za-z0-9]*\)$/\1 \2\3 \3/p' \> conftest.nm
configure:6052: $? = 0
cannot find nm_test_var in conftest.nm
configure:6042: gcc -c  -fpascal-strings -fno-common -Wno-four-char-constants -Wno-unknown-pragmas -Dmacintosh -I/usr/local/opt/openssl@1.1/include -fpascal-strings -fno-common -Wno-four-char-constants -Wno-unknown-pragmas -Dmacintosh conftest.c >&5
configure:6045: $? = 0
configure:6049: /usr/bin/nm -B conftest.o \| sed -n -e 's/^.*[ 	]\([BCDEGRST][BCDEGRST]*\)[ 	][ 	]*\(_\)\([_A-Za-z][_A-Za-z0-9]*\)$/\1 \2\3 \3/p' \> conftest.nm
configure:6052: $? = 0
configure:6104: gcc -o conftest  -fpascal-strings -fno-common -Wno-four-char-constants -Wno-unknown-pragmas -Dmacintosh -I/usr/local/opt/openssl@1.1/include -fpascal-strings -fno-common -Wno-four-char-constants -Wno-unknown-pragmas -Dmacintosh -L/usr/local/opt/openssl@1.1/lib conftest.c conftstm.o >&5
configure:6107: $? = 0
configure:6145: result: ok
configure:6149: checking for objdir
configure:6164: result: .libs
configure:6256: checking for ar
configure:6272: found /usr/bin/ar
configure:6283: result: ar
configure:6348: checking for ranlib
configure:6364: found /usr/bin/ranlib
configure:6375: result: ranlib
configure:6440: checking for strip
configure:6456: found /usr/bin/strip
configure:6467: result: strip
configure:6739: checking if gcc static flag  works
configure:6762: result: yes
configure:6784: checking if gcc supports -fno-rtti -fno-exceptions
configure:6802: gcc -c  -fpascal-strings -fno-common -Wno-four-char-constants -Wno-unknown-pragmas -Dmacintosh -I/usr/local/opt/openssl@1.1/include -fpascal-strings -fno-common -Wno-four-char-constants -Wno-unknown-pragmas -Dmacintosh -fno-rtti -fno-exceptions conftest.c >&5
configure:6806: $? = 0
configure:6817: result: yes
configure:6832: checking for gcc option to produce PIC
configure:7009: result: -fno-common
configure:7017: checking if gcc PIC flag -fno-common works
configure:7035: gcc -c  -fpascal-strings -fno-common -Wno-four-char-constants -Wno-unknown-pragmas -Dmacintosh -I/usr/local/opt/openssl@1.1/include -fpascal-strings -fno-common -Wno-four-char-constants -Wno-unknown-pragmas -Dmacintosh -fno-common -DPIC conftest.c >&5
configure:7039: $? = 0
configure:7050: result: yes
configure:7074: checking if gcc supports -c -o file.o
configure:7102: gcc -c  -fpascal-strings -fno-common -Wno-four-char-constants -Wno-unknown-pragmas -Dmacintosh -I/usr/local/opt/openssl@1.1/include -fpascal-strings -fno-common -Wno-four-char-constants -Wno-unknown-pragmas -Dmacintosh -o out/conftest2.o conftest.c >&5
configure:7106: $? = 0
configure:7126: result: yes
configure:7152: checking whether the gcc linker (/Library/Developer/CommandLineTools/usr/bin/ld) supports shared libraries
configure:7942: result: yes
configure:8013: checking dynamic linker characteristics
configure:8535: result: darwin18.7.0 dyld
configure:8539: checking how to hardcode library paths into programs
configure:8564: result: immediate
configure:8578: checking whether stripping libraries is possible
configure:8591: result: yes
configure:8632: checking for dlopen in -ldl
configure:8657: gcc -o conftest  -fpascal-strings -fno-common -Wno-four-char-constants -Wno-unknown-pragmas -Dmacintosh -I/usr/local/opt/openssl@1.1/include -fpascal-strings -fno-common -Wno-four-char-constants -Wno-unknown-pragmas -Dmacintosh -L/usr/local/opt/openssl@1.1/lib conftest.c -ldl   >&5
configure:8657: $? = 0
configure:8666: result: yes
configure:8881: checking whether a program can dlopen itself
configure:8953: gcc -o conftest  -fpascal-strings -fno-common -Wno-four-char-constants -Wno-unknown-pragmas -Dmacintosh -I/usr/local/opt/openssl@1.1/include -fpascal-strings -fno-common -Wno-four-char-constants -Wno-unknown-pragmas -Dmacintosh -DHAVE_DLFCN_H -L/usr/local/opt/openssl@1.1/lib  conftest.c -ldl  >&5
configure:8949:5: warning: implicitly declaring library function 'exit' with type 'void (int) __attribute__((noreturn))' [-Wimplicit-function-declaration]
    exit (status);
    ^
configure:8949:5: note: include the header <stdlib.h> or explicitly provide a declaration for 'exit'
1 warning generated.
configure:8956: $? = 0
configure:8974: result: yes
configure:8979: checking whether a statically linked program can dlopen itself
configure:9051: gcc -o conftest  -fpascal-strings -fno-common -Wno-four-char-constants -Wno-unknown-pragmas -Dmacintosh -I/usr/local/opt/openssl@1.1/include -fpascal-strings -fno-common -Wno-four-char-constants -Wno-unknown-pragmas -Dmacintosh -DHAVE_DLFCN_H -L/usr/local/opt/openssl@1.1/lib   conftest.c -ldl  >&5
configure:9047:5: warning: implicitly declaring library function 'exit' with type 'void (int) __attribute__((noreturn))' [-Wimplicit-function-declaration]
    exit (status);
    ^
configure:9047:5: note: include the header <stdlib.h> or explicitly provide a declaration for 'exit'
1 warning generated.
configure:9054: $? = 0
configure:9072: result: yes
configure:9095: checking if libtool supports shared libraries
configure:9097: result: yes
configure:9100: checking whether to build shared libraries
configure:9158: result: yes
configure:9161: checking whether to build static libraries
configure:9165: result: no
configure:9256: creating libtool
configure:9796: checking for ld used by g++
configure:9863: result: /Library/Developer/CommandLineTools/usr/bin/ld
configure:9870: checking if the linker (/Library/Developer/CommandLineTools/usr/bin/ld) is GNU ld
configure:9885: result: no
configure:9936: checking whether the g++ linker (/Library/Developer/CommandLineTools/usr/bin/ld) supports shared libraries
configure:10706: result: yes
configure:10728: g++ -c  -fpascal-strings -fno-common -Wno-four-char-constants -Wno-unknown-pragmas -Dmacintosh -I/usr/local/opt/openssl@1.1/include -fpascal-strings -fno-common -Wno-four-char-constants -Wno-unknown-pragmas -Dmacintosh conftest.cc >&5
configure:10731: $? = 0
configure:10827: checking for g++ option to produce PIC
configure:11079: result: -fno-common
configure:11087: checking if g++ PIC flag -fno-common works
configure:11105: g++ -c  -fpascal-strings -fno-common -Wno-four-char-constants -Wno-unknown-pragmas -Dmacintosh -I/usr/local/opt/openssl@1.1/include -fpascal-strings -fno-common -Wno-four-char-constants -Wno-unknown-pragmas -Dmacintosh -fno-common -DPIC conftest.cc >&5
configure:11109: $? = 0
configure:11120: result: yes
configure:11144: checking if g++ supports -c -o file.o
configure:11172: g++ -c  -fpascal-strings -fno-common -Wno-four-char-constants -Wno-unknown-pragmas -Dmacintosh -I/usr/local/opt/openssl@1.1/include -fpascal-strings -fno-common -Wno-four-char-constants -Wno-unknown-pragmas -Dmacintosh -o out/conftest2.o conftest.cc >&5
configure:11176: $? = 0
configure:11196: result: yes
configure:11222: checking whether the g++ linker (/Library/Developer/CommandLineTools/usr/bin/ld) supports shared libraries
configure:11247: result: yes
configure:11318: checking dynamic linker characteristics
configure:11840: result: darwin18.7.0 dyld
configure:11844: checking how to hardcode library paths into programs
configure:11869: result: immediate
configure:11883: checking whether stripping libraries is possible
configure:11896: result: yes
configure:11937: checking for dlopen in -ldl
configure:11971: result: yes
configure:12186: checking whether a program can dlopen itself
configure:12279: result: yes
configure:12284: checking whether a statically linked program can dlopen itself
configure:12377: result: yes
configure:18339: checking for an ANSI C-conforming const
configure:18404: gcc -c  -fpascal-strings -fno-common -Wno-four-char-constants -Wno-unknown-pragmas -Dmacintosh -I/usr/local/opt/openssl@1.1/include -fpascal-strings -fno-common -Wno-four-char-constants -Wno-unknown-pragmas -Dmacintosh conftest.c >&5
configure:18404: $? = 0
configure:18411: result: yes
configure:18422: checking for dirent.h that defines DIR
configure:18441: gcc -c  -fpascal-strings -fno-common -Wno-four-char-constants -Wno-unknown-pragmas -Dmacintosh -I/usr/local/opt/openssl@1.1/include -fpascal-strings -fno-common -Wno-four-char-constants -Wno-unknown-pragmas -Dmacintosh conftest.c >&5
configure:18441: $? = 0
configure:18449: result: yes
configure:18462: checking for library containing opendir
configure:18493: gcc -o conftest  -fpascal-strings -fno-common -Wno-four-char-constants -Wno-unknown-pragmas -Dmacintosh -I/usr/local/opt/openssl@1.1/include -fpascal-strings -fno-common -Wno-four-char-constants -Wno-unknown-pragmas -Dmacintosh -L/usr/local/opt/openssl@1.1/lib conftest.c  >&5
configure:18493: $? = 0
configure:18510: result: none required
configure:18593: checking which extension is used for loadable modules
configure:18603: result: .so
configure:18614: checking which variable specifies run-time library path
configure:18621: result: DYLD_LIBRARY_PATH
configure:18632: checking for the default library search path
configure:18639: result: /usr/local/lib /lib /usr/lib
configure:18657: checking for objdir
configure:18678: result: .libs
configure:18687: checking whether libtool supports -dlopen/-dlpreopen
configure:18699: result: yes
configure:18716: checking for shl_load
configure:18716: gcc -o conftest  -fpascal-strings -fno-common -Wno-four-char-constants -Wno-unknown-pragmas -Dmacintosh -I/usr/local/opt/openssl@1.1/include -fpascal-strings -fno-common -Wno-four-char-constants -Wno-unknown-pragmas -Dmacintosh -L/usr/local/opt/openssl@1.1/lib conftest.c  >&5
Undefined symbols for architecture x86_64:
  "_shl_load", referenced from:
      _main in conftest-b5925e.o
ld: symbol(s) not found for architecture x86_64
clang: error: linker command failed with exit code 1 (use -v to see invocation)
configure:18716: $? = 1
configure: failed program was:
| /* confdefs.h */
| #define PACKAGE_NAME ""
| #define PACKAGE_TARNAME ""
| #define PACKAGE_VERSION ""
| #define PACKAGE_STRING ""
| #define PACKAGE_BUGREPORT ""
| #define PACKAGE_URL ""
| #define STDC_HEADERS 1
| #define HAVE_SYS_TYPES_H 1
| #define HAVE_SYS_STAT_H 1
| #define HAVE_STDLIB_H 1
| #define HAVE_STRING_H 1
| #define HAVE_MEMORY_H 1
| #define HAVE_STRINGS_H 1
| #define HAVE_INTTYPES_H 1
| #define HAVE_STDINT_H 1
| #define HAVE_UNISTD_H 1
| #define HAVE_DLFCN_H 1
| #define HAVE_DIRENT_H 1
| #define LTDL_SHLIB_EXT ".so"
| #define LTDL_SHLIBPATH_VAR "DYLD_LIBRARY_PATH"
| #define LTDL_SYSSEARCHPATH "/usr/local/lib:/lib:/usr/lib"
| #define LTDL_OBJDIR ".libs/"
| #define HAVE_PRELOADED_SYMBOLS 1
| /* end confdefs.h.  */
| /* Define shl_load to an innocuous variant, in case <limits.h> declares shl_load.
|    For example, HP-UX 11i <limits.h> declares gettimeofday.  */
| #define shl_load innocuous_shl_load
| 
| /* System header to define __stub macros and hopefully few prototypes,
|     which can conflict with char shl_load (); below.
|     Prefer <limits.h> to <assert.h> if __STDC__ is defined, since
|     <limits.h> exists even on freestanding compilers.  */
| 
| #ifdef __STDC__
| # include <limits.h>
| #else
| # include <assert.h>
| #endif
| 
| #undef shl_load
| 
| /* Override any GCC internal prototype to avoid an error.
|    Use char because int might match the return type of a GCC
|    builtin and then its argument prototype would still apply.  */
| #ifdef __cplusplus
| extern "C"
| #endif
| char shl_load ();
| /* The GNU C library defines this for functions which it implements
|     to always fail with ENOSYS.  Some functions are actually named
|     something starting with __ and the normal name is an alias.  */
| #if defined __stub_shl_load || defined __stub___shl_load
| choke me
| #endif
| 
| int
| main ()
| {
| return shl_load ();
|   ;
|   return 0;
| }
configure:18716: result: no
configure:18722: checking for shl_load in -ldld
configure:18747: gcc -o conftest  -fpascal-strings -fno-common -Wno-four-char-constants -Wno-unknown-pragmas -Dmacintosh -I/usr/local/opt/openssl@1.1/include -fpascal-strings -fno-common -Wno-four-char-constants -Wno-unknown-pragmas -Dmacintosh -L/usr/local/opt/openssl@1.1/lib conftest.c -ldld   >&5
ld: library not found for -ldld
clang: error: linker command failed with exit code 1 (use -v to see invocation)
configure:18747: $? = 1
configure: failed program was:
| /* confdefs.h */
| #define PACKAGE_NAME ""
| #define PACKAGE_TARNAME ""
| #define PACKAGE_VERSION ""
| #define PACKAGE_STRING ""
| #define PACKAGE_BUGREPORT ""
| #define PACKAGE_URL ""
| #define STDC_HEADERS 1
| #define HAVE_SYS_TYPES_H 1
| #define HAVE_SYS_STAT_H 1
| #define HAVE_STDLIB_H 1
| #define HAVE_STRING_H 1
| #define HAVE_MEMORY_H 1
| #define HAVE_STRINGS_H 1
| #define HAVE_INTTYPES_H 1
| #define HAVE_STDINT_H 1
| #define HAVE_UNISTD_H 1
| #define HAVE_DLFCN_H 1
| #define HAVE_DIRENT_H 1
| #define LTDL_SHLIB_EXT ".so"
| #define LTDL_SHLIBPATH_VAR "DYLD_LIBRARY_PATH"
| #define LTDL_SYSSEARCHPATH "/usr/local/lib:/lib:/usr/lib"
| #define LTDL_OBJDIR ".libs/"
| #define HAVE_PRELOADED_SYMBOLS 1
| /* end confdefs.h.  */
| 
| /* Override any GCC internal prototype to avoid an error.
|    Use char because int might match the return type of a GCC
|    builtin and then its argument prototype would still apply.  */
| #ifdef __cplusplus
| extern "C"
| #endif
| char shl_load ();
| int
| main ()
| {
| return shl_load ();
|   ;
|   return 0;
| }
configure:18756: result: no
configure:18764: checking for dlopen in -ldl
configure:18798: result: yes
configure:18942: checking for dlerror
configure:18942: gcc -o conftest  -fpascal-strings -fno-common -Wno-four-char-constants -Wno-unknown-pragmas -Dmacintosh -I/usr/local/opt/openssl@1.1/include -fpascal-strings -fno-common -Wno-four-char-constants -Wno-unknown-pragmas -Dmacintosh -L/usr/local/opt/openssl@1.1/lib conftest.c  -ldl >&5
configure:18942: $? = 0
configure:18942: result: yes
configure:18961: checking for _ prefix in compiled symbols
configure:18971: gcc -c  -fpascal-strings -fno-common -Wno-four-char-constants -Wno-unknown-pragmas -Dmacintosh -I/usr/local/opt/openssl@1.1/include -fpascal-strings -fno-common -Wno-four-char-constants -Wno-unknown-pragmas -Dmacintosh conftest.c >&5
conftest.c:2:12: warning: expression result unused [-Wunused-value]
int main(){nm_test_func;return 0;}
           ^~~~~~~~~~~~
1 warning generated.
configure:18974: $? = 0
configure:18978: /usr/bin/nm -B conftest.o \| sed -n -e 's/^.*[ 	]\([BCDEGRST][BCDEGRST]*\)[ 	][ 	]*\(_\)\([_A-Za-z][_A-Za-z0-9]*\)$/\1 \2\3 \3/p' \> conftest.nm
configure:18981: $? = 0
configure:19003: result: yes
configure:19010: checking whether we have to add an underscore for dlsym
configure:19085: gcc -o conftest  -fpascal-strings -fno-common -Wno-four-char-constants -Wno-unknown-pragmas -Dmacintosh -I/usr/local/opt/openssl@1.1/include -fpascal-strings -fno-common -Wno-four-char-constants -Wno-unknown-pragmas -Dmacintosh -L/usr/local/opt/openssl@1.1/lib conftest.c  -ldl >&5
configure:19081:5: warning: implicitly declaring library function 'exit' with type 'void (int) __attribute__((noreturn))' [-Wimplicit-function-declaration]
    exit (status);
    ^
configure:19081:5: note: include the header <stdlib.h> or explicitly provide a declaration for 'exit'
1 warning generated.
configure:19088: $? = 0
configure:19107: result: no
configure:19119: checking whether deplibs are loaded by dlopen
configure:19199: result: yes
configure:19209: checking argz.h usability
configure:19209: gcc -c  -fpascal-strings -fno-common -Wno-four-char-constants -Wno-unknown-pragmas -Dmacintosh -I/usr/local/opt/openssl@1.1/include -fpascal-strings -fno-common -Wno-four-char-constants -Wno-unknown-pragmas -Dmacintosh conftest.c >&5
conftest.c:61:10: fatal error: 'argz.h' file not found
#include <argz.h>
         ^~~~~~~~
1 error generated.
configure:19209: $? = 1
configure: failed program was:
| /* confdefs.h */
| #define PACKAGE_NAME ""
| #define PACKAGE_TARNAME ""
| #define PACKAGE_VERSION ""
| #define PACKAGE_STRING ""
| #define PACKAGE_BUGREPORT ""
| #define PACKAGE_URL ""
| #define STDC_HEADERS 1
| #define HAVE_SYS_TYPES_H 1
| #define HAVE_SYS_STAT_H 1
| #define HAVE_STDLIB_H 1
| #define HAVE_STRING_H 1
| #define HAVE_MEMORY_H 1
| #define HAVE_STRINGS_H 1
| #define HAVE_INTTYPES_H 1
| #define HAVE_STDINT_H 1
| #define HAVE_UNISTD_H 1
| #define HAVE_DLFCN_H 1
| #define HAVE_DIRENT_H 1
| #define LTDL_SHLIB_EXT ".so"
| #define LTDL_SHLIBPATH_VAR "DYLD_LIBRARY_PATH"
| #define LTDL_SYSSEARCHPATH "/usr/local/lib:/lib:/usr/lib"
| #define LTDL_OBJDIR ".libs/"
| #define HAVE_PRELOADED_SYMBOLS 1
| #define HAVE_LIBDL 1
| #define HAVE_DLERROR 1
| /* end confdefs.h.  */
| #include <stdio.h>
| #ifdef HAVE_SYS_TYPES_H
| # include <sys/types.h>
| #endif
| #ifdef HAVE_SYS_STAT_H
| # include <sys/stat.h>
| #endif
| #ifdef STDC_HEADERS
| # include <stdlib.h>
| # include <stddef.h>
| #else
| # ifdef HAVE_STDLIB_H
| #  include <stdlib.h>
| # endif
| #endif
| #ifdef HAVE_STRING_H
| # if !defined STDC_HEADERS && defined HAVE_MEMORY_H
| #  include <memory.h>
| # endif
| # include <string.h>
| #endif
| #ifdef HAVE_STRINGS_H
| # include <strings.h>
| #endif
| #ifdef HAVE_INTTYPES_H
| # include <inttypes.h>
| #endif
| #ifdef HAVE_STDINT_H
| # include <stdint.h>
| #endif
| #ifdef HAVE_UNISTD_H
| # include <unistd.h>
| #endif
| #include <argz.h>
configure:19209: result: no
configure:19209: checking argz.h presence
configure:19209: gcc -E -I/usr/local/opt/openssl@1.1/include -fpascal-strings -fno-common -Wno-four-char-constants -Wno-unknown-pragmas -Dmacintosh conftest.c
conftest.c:28:10: fatal error: 'argz.h' file not found
#include <argz.h>
         ^~~~~~~~
1 error generated.
configure:19209: $? = 1
configure: failed program was:
| /* confdefs.h */
| #define PACKAGE_NAME ""
| #define PACKAGE_TARNAME ""
| #define PACKAGE_VERSION ""
| #define PACKAGE_STRING ""
| #define PACKAGE_BUGREPORT ""
| #define PACKAGE_URL ""
| #define STDC_HEADERS 1
| #define HAVE_SYS_TYPES_H 1
| #define HAVE_SYS_STAT_H 1
| #define HAVE_STDLIB_H 1
| #define HAVE_STRING_H 1
| #define HAVE_MEMORY_H 1
| #define HAVE_STRINGS_H 1
| #define HAVE_INTTYPES_H 1
| #define HAVE_STDINT_H 1
| #define HAVE_UNISTD_H 1
| #define HAVE_DLFCN_H 1
| #define HAVE_DIRENT_H 1
| #define LTDL_SHLIB_EXT ".so"
| #define LTDL_SHLIBPATH_VAR "DYLD_LIBRARY_PATH"
| #define LTDL_SYSSEARCHPATH "/usr/local/lib:/lib:/usr/lib"
| #define LTDL_OBJDIR ".libs/"
| #define HAVE_PRELOADED_SYMBOLS 1
| #define HAVE_LIBDL 1
| #define HAVE_DLERROR 1
| /* end confdefs.h.  */
| #include <argz.h>
configure:19209: result: no
configure:19209: checking for argz.h
configure:19209: result: no
configure:19220: checking for error_t
configure:19220: gcc -c  -fpascal-strings -fno-common -Wno-four-char-constants -Wno-unknown-pragmas -Dmacintosh -I/usr/local/opt/openssl@1.1/include -fpascal-strings -fno-common -Wno-four-char-constants -Wno-unknown-pragmas -Dmacintosh conftest.c >&5
conftest.c:35:13: error: use of undeclared identifier 'error_t'
if (sizeof (error_t))
            ^
1 error generated.
configure:19220: $? = 1
configure: failed program was:
| /* confdefs.h */
| #define PACKAGE_NAME ""
| #define PACKAGE_TARNAME ""
| #define PACKAGE_VERSION ""
| #define PACKAGE_STRING ""
| #define PACKAGE_BUGREPORT ""
| #define PACKAGE_URL ""
| #define STDC_HEADERS 1
| #define HAVE_SYS_TYPES_H 1
| #define HAVE_SYS_STAT_H 1
| #define HAVE_STDLIB_H 1
| #define HAVE_STRING_H 1
| #define HAVE_MEMORY_H 1
| #define HAVE_STRINGS_H 1
| #define HAVE_INTTYPES_H 1
| #define HAVE_STDINT_H 1
| #define HAVE_UNISTD_H 1
| #define HAVE_DLFCN_H 1
| #define HAVE_DIRENT_H 1
| #define LTDL_SHLIB_EXT ".so"
| #define LTDL_SHLIBPATH_VAR "DYLD_LIBRARY_PATH"
| #define LTDL_SYSSEARCHPATH "/usr/local/lib:/lib:/usr/lib"
| #define LTDL_OBJDIR ".libs/"
| #define HAVE_PRELOADED_SYMBOLS 1
| #define HAVE_LIBDL 1
| #define HAVE_DLERROR 1
| /* end confdefs.h.  */
| #if HAVE_ARGZ_H
| #  include <argz.h>
| #endif
| 
| int
| main ()
| {
| if (sizeof (error_t))
| 	 return 0;
|   ;
|   return 0;
| }
configure:19220: result: no
configure:19241: checking for argz_append
configure:19241: gcc -o conftest  -fpascal-strings -fno-common -Wno-four-char-constants -Wno-unknown-pragmas -Dmacintosh -I/usr/local/opt/openssl@1.1/include -fpascal-strings -fno-common -Wno-four-char-constants -Wno-unknown-pragmas -Dmacintosh -L/usr/local/opt/openssl@1.1/lib conftest.c  >&5
Undefined symbols for architecture x86_64:
  "_argz_append", referenced from:
      _main in conftest-0b80e2.o
ld: symbol(s) not found for architecture x86_64
clang: error: linker command failed with exit code 1 (use -v to see invocation)
configure:19241: $? = 1
configure: failed program was:
| /* confdefs.h */
| #define PACKAGE_NAME ""
| #define PACKAGE_TARNAME ""
| #define PACKAGE_VERSION ""
| #define PACKAGE_STRING ""
| #define PACKAGE_BUGREPORT ""
| #define PACKAGE_URL ""
| #define STDC_HEADERS 1
| #define HAVE_SYS_TYPES_H 1
| #define HAVE_SYS_STAT_H 1
| #define HAVE_STDLIB_H 1
| #define HAVE_STRING_H 1
| #define HAVE_MEMORY_H 1
| #define HAVE_STRINGS_H 1
| #define HAVE_INTTYPES_H 1
| #define HAVE_STDINT_H 1
| #define HAVE_UNISTD_H 1
| #define HAVE_DLFCN_H 1
| #define HAVE_DIRENT_H 1
| #define LTDL_SHLIB_EXT ".so"
| #define LTDL_SHLIBPATH_VAR "DYLD_LIBRARY_PATH"
| #define LTDL_SYSSEARCHPATH "/usr/local/lib:/lib:/usr/lib"
| #define LTDL_OBJDIR ".libs/"
| #define HAVE_PRELOADED_SYMBOLS 1
| #define HAVE_LIBDL 1
| #define HAVE_DLERROR 1
| #define error_t int
| /* end confdefs.h.  */
| /* Define argz_append to an innocuous variant, in case <limits.h> declares argz_append.
|    For example, HP-UX 11i <limits.h> declares gettimeofday.  */
| #define argz_append innocuous_argz_append
| 
| /* System header to define __stub macros and hopefully few prototypes,
|     which can conflict with char argz_append (); below.
|     Prefer <limits.h> to <assert.h> if __STDC__ is defined, since
|     <limits.h> exists even on freestanding compilers.  */
| 
| #ifdef __STDC__
| # include <limits.h>
| #else
| # include <assert.h>
| #endif
| 
| #undef argz_append
| 
| /* Override any GCC internal prototype to avoid an error.
|    Use char because int might match the return type of a GCC
|    builtin and then its argument prototype would still apply.  */
| #ifdef __cplusplus
| extern "C"
| #endif
| char argz_append ();
| /* The GNU C library defines this for functions which it implements
|     to always fail with ENOSYS.  Some functions are actually named
|     something starting with __ and the normal name is an alias.  */
| #if defined __stub_argz_append || defined __stub___argz_append
| choke me
| #endif
| 
| int
| main ()
| {
| return argz_append ();
|   ;
|   return 0;
| }
configure:19241: result: no
configure:19241: checking for argz_create_sep
configure:19241: gcc -o conftest  -fpascal-strings -fno-common -Wno-four-char-constants -Wno-unknown-pragmas -Dmacintosh -I/usr/local/opt/openssl@1.1/include -fpascal-strings -fno-common -Wno-four-char-constants -Wno-unknown-pragmas -Dmacintosh -L/usr/local/opt/openssl@1.1/lib conftest.c  >&5
Undefined symbols for architecture x86_64:
  "_argz_create_sep", referenced from:
      _main in conftest-8b390b.o
ld: symbol(s) not found for architecture x86_64
clang: error: linker command failed with exit code 1 (use -v to see invocation)
configure:19241: $? = 1
configure: failed program was:
| /* confdefs.h */
| #define PACKAGE_NAME ""
| #define PACKAGE_TARNAME ""
| #define PACKAGE_VERSION ""
| #define PACKAGE_STRING ""
| #define PACKAGE_BUGREPORT ""
| #define PACKAGE_URL ""
| #define STDC_HEADERS 1
| #define HAVE_SYS_TYPES_H 1
| #define HAVE_SYS_STAT_H 1
| #define HAVE_STDLIB_H 1
| #define HAVE_STRING_H 1
| #define HAVE_MEMORY_H 1
| #define HAVE_STRINGS_H 1
| #define HAVE_INTTYPES_H 1
| #define HAVE_STDINT_H 1
| #define HAVE_UNISTD_H 1
| #define HAVE_DLFCN_H 1
| #define HAVE_DIRENT_H 1
| #define LTDL_SHLIB_EXT ".so"
| #define LTDL_SHLIBPATH_VAR "DYLD_LIBRARY_PATH"
| #define LTDL_SYSSEARCHPATH "/usr/local/lib:/lib:/usr/lib"
| #define LTDL_OBJDIR ".libs/"
| #define HAVE_PRELOADED_SYMBOLS 1
| #define HAVE_LIBDL 1
| #define HAVE_DLERROR 1
| #define error_t int
| /* end confdefs.h.  */
| /* Define argz_create_sep to an innocuous variant, in case <limits.h> declares argz_create_sep.
|    For example, HP-UX 11i <limits.h> declares gettimeofday.  */
| #define argz_create_sep innocuous_argz_create_sep
| 
| /* System header to define __stub macros and hopefully few prototypes,
|     which can conflict with char argz_create_sep (); below.
|     Prefer <limits.h> to <assert.h> if __STDC__ is defined, since
|     <limits.h> exists even on freestanding compilers.  */
| 
| #ifdef __STDC__
| # include <limits.h>
| #else
| # include <assert.h>
| #endif
| 
| #undef argz_create_sep
| 
| /* Override any GCC internal prototype to avoid an error.
|    Use char because int might match the return type of a GCC
|    builtin and then its argument prototype would still apply.  */
| #ifdef __cplusplus
| extern "C"
| #endif
| char argz_create_sep ();
| /* The GNU C library defines this for functions which it implements
|     to always fail with ENOSYS.  Some functions are actually named
|     something starting with __ and the normal name is an alias.  */
| #if defined __stub_argz_create_sep || defined __stub___argz_create_sep
| choke me
| #endif
| 
| int
| main ()
| {
| return argz_create_sep ();
|   ;
|   return 0;
| }
configure:19241: result: no
configure:19241: checking for argz_insert
configure:19241: gcc -o conftest  -fpascal-strings -fno-common -Wno-four-char-constants -Wno-unknown-pragmas -Dmacintosh -I/usr/local/opt/openssl@1.1/include -fpascal-strings -fno-common -Wno-four-char-constants -Wno-unknown-pragmas -Dmacintosh -L/usr/local/opt/openssl@1.1/lib conftest.c  >&5
Undefined symbols for architecture x86_64:
  "_argz_insert", referenced from:
      _main in conftest-673b7c.o
ld: symbol(s) not found for architecture x86_64
clang: error: linker command failed with exit code 1 (use -v to see invocation)
configure:19241: $? = 1
configure: failed program was:
| /* confdefs.h */
| #define PACKAGE_NAME ""
| #define PACKAGE_TARNAME ""
| #define PACKAGE_VERSION ""
| #define PACKAGE_STRING ""
| #define PACKAGE_BUGREPORT ""
| #define PACKAGE_URL ""
| #define STDC_HEADERS 1
| #define HAVE_SYS_TYPES_H 1
| #define HAVE_SYS_STAT_H 1
| #define HAVE_STDLIB_H 1
| #define HAVE_STRING_H 1
| #define HAVE_MEMORY_H 1
| #define HAVE_STRINGS_H 1
| #define HAVE_INTTYPES_H 1
| #define HAVE_STDINT_H 1
| #define HAVE_UNISTD_H 1
| #define HAVE_DLFCN_H 1
| #define HAVE_DIRENT_H 1
| #define LTDL_SHLIB_EXT ".so"
| #define LTDL_SHLIBPATH_VAR "DYLD_LIBRARY_PATH"
| #define LTDL_SYSSEARCHPATH "/usr/local/lib:/lib:/usr/lib"
| #define LTDL_OBJDIR ".libs/"
| #define HAVE_PRELOADED_SYMBOLS 1
| #define HAVE_LIBDL 1
| #define HAVE_DLERROR 1
| #define error_t int
| /* end confdefs.h.  */
| /* Define argz_insert to an innocuous variant, in case <limits.h> declares argz_insert.
|    For example, HP-UX 11i <limits.h> declares gettimeofday.  */
| #define argz_insert innocuous_argz_insert
| 
| /* System header to define __stub macros and hopefully few prototypes,
|     which can conflict with char argz_insert (); below.
|     Prefer <limits.h> to <assert.h> if __STDC__ is defined, since
|     <limits.h> exists even on freestanding compilers.  */
| 
| #ifdef __STDC__
| # include <limits.h>
| #else
| # include <assert.h>
| #endif
| 
| #undef argz_insert
| 
| /* Override any GCC internal prototype to avoid an error.
|    Use char because int might match the return type of a GCC
|    builtin and then its argument prototype would still apply.  */
| #ifdef __cplusplus
| extern "C"
| #endif
| char argz_insert ();
| /* The GNU C library defines this for functions which it implements
|     to always fail with ENOSYS.  Some functions are actually named
|     something starting with __ and the normal name is an alias.  */
| #if defined __stub_argz_insert || defined __stub___argz_insert
| choke me
| #endif
| 
| int
| main ()
| {
| return argz_insert ();
|   ;
|   return 0;
| }
configure:19241: result: no
configure:19241: checking for argz_next
configure:19241: gcc -o conftest  -fpascal-strings -fno-common -Wno-four-char-constants -Wno-unknown-pragmas -Dmacintosh -I/usr/local/opt/openssl@1.1/include -fpascal-strings -fno-common -Wno-four-char-constants -Wno-unknown-pragmas -Dmacintosh -L/usr/local/opt/openssl@1.1/lib conftest.c  >&5
Undefined symbols for architecture x86_64:
  "_argz_next", referenced from:
      _main in conftest-ab44cb.o
ld: symbol(s) not found for architecture x86_64
clang: error: linker command failed with exit code 1 (use -v to see invocation)
configure:19241: $? = 1
configure: failed program was:
| /* confdefs.h */
| #define PACKAGE_NAME ""
| #define PACKAGE_TARNAME ""
| #define PACKAGE_VERSION ""
| #define PACKAGE_STRING ""
| #define PACKAGE_BUGREPORT ""
| #define PACKAGE_URL ""
| #define STDC_HEADERS 1
| #define HAVE_SYS_TYPES_H 1
| #define HAVE_SYS_STAT_H 1
| #define HAVE_STDLIB_H 1
| #define HAVE_STRING_H 1
| #define HAVE_MEMORY_H 1
| #define HAVE_STRINGS_H 1
| #define HAVE_INTTYPES_H 1
| #define HAVE_STDINT_H 1
| #define HAVE_UNISTD_H 1
| #define HAVE_DLFCN_H 1
| #define HAVE_DIRENT_H 1
| #define LTDL_SHLIB_EXT ".so"
| #define LTDL_SHLIBPATH_VAR "DYLD_LIBRARY_PATH"
| #define LTDL_SYSSEARCHPATH "/usr/local/lib:/lib:/usr/lib"
| #define LTDL_OBJDIR ".libs/"
| #define HAVE_PRELOADED_SYMBOLS 1
| #define HAVE_LIBDL 1
| #define HAVE_DLERROR 1
| #define error_t int
| /* end confdefs.h.  */
| /* Define argz_next to an innocuous variant, in case <limits.h> declares argz_next.
|    For example, HP-UX 11i <limits.h> declares gettimeofday.  */
| #define argz_next innocuous_argz_next
| 
| /* System header to define __stub macros and hopefully few prototypes,
|     which can conflict with char argz_next (); below.
|     Prefer <limits.h> to <assert.h> if __STDC__ is defined, since
|     <limits.h> exists even on freestanding compilers.  */
| 
| #ifdef __STDC__
| # include <limits.h>
| #else
| # include <assert.h>
| #endif
| 
| #undef argz_next
| 
| /* Override any GCC internal prototype to avoid an error.
|    Use char because int might match the return type of a GCC
|    builtin and then its argument prototype would still apply.  */
| #ifdef __cplusplus
| extern "C"
| #endif
| char argz_next ();
| /* The GNU C library defines this for functions which it implements
|     to always fail with ENOSYS.  Some functions are actually named
|     something starting with __ and the normal name is an alias.  */
| #if defined __stub_argz_next || defined __stub___argz_next
| choke me
| #endif
| 
| int
| main ()
| {
| return argz_next ();
|   ;
|   return 0;
| }
configure:19241: result: no
configure:19241: checking for argz_stringify
configure:19241: gcc -o conftest  -fpascal-strings -fno-common -Wno-four-char-constants -Wno-unknown-pragmas -Dmacintosh -I/usr/local/opt/openssl@1.1/include -fpascal-strings -fno-common -Wno-four-char-constants -Wno-unknown-pragmas -Dmacintosh -L/usr/local/opt/openssl@1.1/lib conftest.c  >&5
Undefined symbols for architecture x86_64:
  "_argz_stringify", referenced from:
      _main in conftest-d5e56b.o
ld: symbol(s) not found for architecture x86_64
clang: error: linker command failed with exit code 1 (use -v to see invocation)
configure:19241: $? = 1
configure: failed program was:
| /* confdefs.h */
| #define PACKAGE_NAME ""
| #define PACKAGE_TARNAME ""
| #define PACKAGE_VERSION ""
| #define PACKAGE_STRING ""
| #define PACKAGE_BUGREPORT ""
| #define PACKAGE_URL ""
| #define STDC_HEADERS 1
| #define HAVE_SYS_TYPES_H 1
| #define HAVE_SYS_STAT_H 1
| #define HAVE_STDLIB_H 1
| #define HAVE_STRING_H 1
| #define HAVE_MEMORY_H 1
| #define HAVE_STRINGS_H 1
| #define HAVE_INTTYPES_H 1
| #define HAVE_STDINT_H 1
| #define HAVE_UNISTD_H 1
| #define HAVE_DLFCN_H 1
| #define HAVE_DIRENT_H 1
| #define LTDL_SHLIB_EXT ".so"
| #define LTDL_SHLIBPATH_VAR "DYLD_LIBRARY_PATH"
| #define LTDL_SYSSEARCHPATH "/usr/local/lib:/lib:/usr/lib"
| #define LTDL_OBJDIR ".libs/"
| #define HAVE_PRELOADED_SYMBOLS 1
| #define HAVE_LIBDL 1
| #define HAVE_DLERROR 1
| #define error_t int
| /* end confdefs.h.  */
| /* Define argz_stringify to an innocuous variant, in case <limits.h> declares argz_stringify.
|    For example, HP-UX 11i <limits.h> declares gettimeofday.  */
| #define argz_stringify innocuous_argz_stringify
| 
| /* System header to define __stub macros and hopefully few prototypes,
|     which can conflict with char argz_stringify (); below.
|     Prefer <limits.h> to <assert.h> if __STDC__ is defined, since
|     <limits.h> exists even on freestanding compilers.  */
| 
| #ifdef __STDC__
| # include <limits.h>
| #else
| # include <assert.h>
| #endif
| 
| #undef argz_stringify
| 
| /* Override any GCC internal prototype to avoid an error.
|    Use char because int might match the return type of a GCC
|    builtin and then its argument prototype would still apply.  */
| #ifdef __cplusplus
| extern "C"
| #endif
| char argz_stringify ();
| /* The GNU C library defines this for functions which it implements
|     to always fail with ENOSYS.  Some functions are actually named
|     something starting with __ and the normal name is an alias.  */
| #if defined __stub_argz_stringify || defined __stub___argz_stringify
| choke me
| #endif
| 
| int
| main ()
| {
| return argz_stringify ();
|   ;
|   return 0;
| }
configure:19241: result: no
configure:19273: checking assert.h usability
configure:19273: gcc -c  -fpascal-strings -fno-common -Wno-four-char-constants -Wno-unknown-pragmas -Dmacintosh -I/usr/local/opt/openssl@1.1/include -fpascal-strings -fno-common -Wno-four-char-constants -Wno-unknown-pragmas -Dmacintosh conftest.c >&5
configure:19273: $? = 0
configure:19273: result: yes
configure:19273: checking assert.h presence
configure:19273: gcc -E -I/usr/local/opt/openssl@1.1/include -fpascal-strings -fno-common -Wno-four-char-constants -Wno-unknown-pragmas -Dmacintosh conftest.c
configure:19273: $? = 0
configure:19273: result: yes
configure:19273: checking for assert.h
configure:19273: result: yes
configure:19273: checking ctype.h usability
configure:19273: gcc -c  -fpascal-strings -fno-common -Wno-four-char-constants -Wno-unknown-pragmas -Dmacintosh -I/usr/local/opt/openssl@1.1/include -fpascal-strings -fno-common -Wno-four-char-constants -Wno-unknown-pragmas -Dmacintosh conftest.c >&5
configure:19273: $? = 0
configure:19273: result: yes
configure:19273: checking ctype.h presence
configure:19273: gcc -E -I/usr/local/opt/openssl@1.1/include -fpascal-strings -fno-common -Wno-four-char-constants -Wno-unknown-pragmas -Dmacintosh conftest.c
configure:19273: $? = 0
configure:19273: result: yes
configure:19273: checking for ctype.h
configure:19273: result: yes
configure:19273: checking errno.h usability
configure:19273: gcc -c  -fpascal-strings -fno-common -Wno-four-char-constants -Wno-unknown-pragmas -Dmacintosh -I/usr/local/opt/openssl@1.1/include -fpascal-strings -fno-common -Wno-four-char-constants -Wno-unknown-pragmas -Dmacintosh conftest.c >&5
configure:19273: $? = 0
configure:19273: result: yes
configure:19273: checking errno.h presence
configure:19273: gcc -E -I/usr/local/opt/openssl@1.1/include -fpascal-strings -fno-common -Wno-four-char-constants -Wno-unknown-pragmas -Dmacintosh conftest.c
configure:19273: $? = 0
configure:19273: result: yes
configure:19273: checking for errno.h
configure:19273: result: yes
configure:19273: checking malloc.h usability
configure:19273: gcc -c  -fpascal-strings -fno-common -Wno-four-char-constants -Wno-unknown-pragmas -Dmacintosh -I/usr/local/opt/openssl@1.1/include -fpascal-strings -fno-common -Wno-four-char-constants -Wno-unknown-pragmas -Dmacintosh conftest.c >&5
conftest.c:65:10: fatal error: 'malloc.h' file not found
#include <malloc.h>
         ^~~~~~~~~~
1 error generated.
configure:19273: $? = 1
configure: failed program was:
| /* confdefs.h */
| #define PACKAGE_NAME ""
| #define PACKAGE_TARNAME ""
| #define PACKAGE_VERSION ""
| #define PACKAGE_STRING ""
| #define PACKAGE_BUGREPORT ""
| #define PACKAGE_URL ""
| #define STDC_HEADERS 1
| #define HAVE_SYS_TYPES_H 1
| #define HAVE_SYS_STAT_H 1
| #define HAVE_STDLIB_H 1
| #define HAVE_STRING_H 1
| #define HAVE_MEMORY_H 1
| #define HAVE_STRINGS_H 1
| #define HAVE_INTTYPES_H 1
| #define HAVE_STDINT_H 1
| #define HAVE_UNISTD_H 1
| #define HAVE_DLFCN_H 1
| #define HAVE_DIRENT_H 1
| #define LTDL_SHLIB_EXT ".so"
| #define LTDL_SHLIBPATH_VAR "DYLD_LIBRARY_PATH"
| #define LTDL_SYSSEARCHPATH "/usr/local/lib:/lib:/usr/lib"
| #define LTDL_OBJDIR ".libs/"
| #define HAVE_PRELOADED_SYMBOLS 1
| #define HAVE_LIBDL 1
| #define HAVE_DLERROR 1
| #define error_t int
| #define HAVE_ASSERT_H 1
| #define HAVE_CTYPE_H 1
| #define HAVE_ERRNO_H 1
| /* end confdefs.h.  */
| #include <stdio.h>
| #ifdef HAVE_SYS_TYPES_H
| # include <sys/types.h>
| #endif
| #ifdef HAVE_SYS_STAT_H
| # include <sys/stat.h>
| #endif
| #ifdef STDC_HEADERS
| # include <stdlib.h>
| # include <stddef.h>
| #else
| # ifdef HAVE_STDLIB_H
| #  include <stdlib.h>
| # endif
| #endif
| #ifdef HAVE_STRING_H
| # if !defined STDC_HEADERS && defined HAVE_MEMORY_H
| #  include <memory.h>
| # endif
| # include <string.h>
| #endif
| #ifdef HAVE_STRINGS_H
| # include <strings.h>
| #endif
| #ifdef HAVE_INTTYPES_H
| # include <inttypes.h>
| #endif
| #ifdef HAVE_STDINT_H
| # include <stdint.h>
| #endif
| #ifdef HAVE_UNISTD_H
| # include <unistd.h>
| #endif
| #include <malloc.h>
configure:19273: result: no
configure:19273: checking malloc.h presence
configure:19273: gcc -E -I/usr/local/opt/openssl@1.1/include -fpascal-strings -fno-common -Wno-four-char-constants -Wno-unknown-pragmas -Dmacintosh conftest.c
conftest.c:32:10: fatal error: 'malloc.h' file not found
#include <malloc.h>
         ^~~~~~~~~~
1 error generated.
configure:19273: $? = 1
configure: failed program was:
| /* confdefs.h */
| #define PACKAGE_NAME ""
| #define PACKAGE_TARNAME ""
| #define PACKAGE_VERSION ""
| #define PACKAGE_STRING ""
| #define PACKAGE_BUGREPORT ""
| #define PACKAGE_URL ""
| #define STDC_HEADERS 1
| #define HAVE_SYS_TYPES_H 1
| #define HAVE_SYS_STAT_H 1
| #define HAVE_STDLIB_H 1
| #define HAVE_STRING_H 1
| #define HAVE_MEMORY_H 1
| #define HAVE_STRINGS_H 1
| #define HAVE_INTTYPES_H 1
| #define HAVE_STDINT_H 1
| #define HAVE_UNISTD_H 1
| #define HAVE_DLFCN_H 1
| #define HAVE_DIRENT_H 1
| #define LTDL_SHLIB_EXT ".so"
| #define LTDL_SHLIBPATH_VAR "DYLD_LIBRARY_PATH"
| #define LTDL_SYSSEARCHPATH "/usr/local/lib:/lib:/usr/lib"
| #define LTDL_OBJDIR ".libs/"
| #define HAVE_PRELOADED_SYMBOLS 1
| #define HAVE_LIBDL 1
| #define HAVE_DLERROR 1
| #define error_t int
| #define HAVE_ASSERT_H 1
| #define HAVE_CTYPE_H 1
| #define HAVE_ERRNO_H 1
| /* end confdefs.h.  */
| #include <malloc.h>
configure:19273: result: no
configure:19273: checking for malloc.h
configure:19273: result: no
configure:19273: checking for memory.h
configure:19273: result: yes
configure:19273: checking for stdlib.h
configure:19273: result: yes
configure:19273: checking stdio.h usability
configure:19273: gcc -c  -fpascal-strings -fno-common -Wno-four-char-constants -Wno-unknown-pragmas -Dmacintosh -I/usr/local/opt/openssl@1.1/include -fpascal-strings -fno-common -Wno-four-char-constants -Wno-unknown-pragmas -Dmacintosh conftest.c >&5
configure:19273: $? = 0
configure:19273: result: yes
configure:19273: checking stdio.h presence
configure:19273: gcc -E -I/usr/local/opt/openssl@1.1/include -fpascal-strings -fno-common -Wno-four-char-constants -Wno-unknown-pragmas -Dmacintosh conftest.c
configure:19273: $? = 0
configure:19273: result: yes
configure:19273: checking for stdio.h
configure:19273: result: yes
configure:19273: checking for unistd.h
configure:19273: result: yes
configure:19286: checking dl.h usability
configure:19286: gcc -c  -fpascal-strings -fno-common -Wno-four-char-constants -Wno-unknown-pragmas -Dmacintosh -I/usr/local/opt/openssl@1.1/include -fpascal-strings -fno-common -Wno-four-char-constants -Wno-unknown-pragmas -Dmacintosh conftest.c >&5
conftest.c:69:10: fatal error: 'dl.h' file not found
#include <dl.h>
         ^~~~~~
1 error generated.
configure:19286: $? = 1
configure: failed program was:
| /* confdefs.h */
| #define PACKAGE_NAME ""
| #define PACKAGE_TARNAME ""
| #define PACKAGE_VERSION ""
| #define PACKAGE_STRING ""
| #define PACKAGE_BUGREPORT ""
| #define PACKAGE_URL ""
| #define STDC_HEADERS 1
| #define HAVE_SYS_TYPES_H 1
| #define HAVE_SYS_STAT_H 1
| #define HAVE_STDLIB_H 1
| #define HAVE_STRING_H 1
| #define HAVE_MEMORY_H 1
| #define HAVE_STRINGS_H 1
| #define HAVE_INTTYPES_H 1
| #define HAVE_STDINT_H 1
| #define HAVE_UNISTD_H 1
| #define HAVE_DLFCN_H 1
| #define HAVE_DIRENT_H 1
| #define LTDL_SHLIB_EXT ".so"
| #define LTDL_SHLIBPATH_VAR "DYLD_LIBRARY_PATH"
| #define LTDL_SYSSEARCHPATH "/usr/local/lib:/lib:/usr/lib"
| #define LTDL_OBJDIR ".libs/"
| #define HAVE_PRELOADED_SYMBOLS 1
| #define HAVE_LIBDL 1
| #define HAVE_DLERROR 1
| #define error_t int
| #define HAVE_ASSERT_H 1
| #define HAVE_CTYPE_H 1
| #define HAVE_ERRNO_H 1
| #define HAVE_MEMORY_H 1
| #define HAVE_STDLIB_H 1
| #define HAVE_STDIO_H 1
| #define HAVE_UNISTD_H 1
| /* end confdefs.h.  */
| #include <stdio.h>
| #ifdef HAVE_SYS_TYPES_H
| # include <sys/types.h>
| #endif
| #ifdef HAVE_SYS_STAT_H
| # include <sys/stat.h>
| #endif
| #ifdef STDC_HEADERS
| # include <stdlib.h>
| # include <stddef.h>
| #else
| # ifdef HAVE_STDLIB_H
| #  include <stdlib.h>
| # endif
| #endif
| #ifdef HAVE_STRING_H
| # if !defined STDC_HEADERS && defined HAVE_MEMORY_H
| #  include <memory.h>
| # endif
| # include <string.h>
| #endif
| #ifdef HAVE_STRINGS_H
| # include <strings.h>
| #endif
| #ifdef HAVE_INTTYPES_H
| # include <inttypes.h>
| #endif
| #ifdef HAVE_STDINT_H
| # include <stdint.h>
| #endif
| #ifdef HAVE_UNISTD_H
| # include <unistd.h>
| #endif
| #include <dl.h>
configure:19286: result: no
configure:19286: checking dl.h presence
configure:19286: gcc -E -I/usr/local/opt/openssl@1.1/include -fpascal-strings -fno-common -Wno-four-char-constants -Wno-unknown-pragmas -Dmacintosh conftest.c
conftest.c:36:10: fatal error: 'dl.h' file not found
#include <dl.h>
         ^~~~~~
1 error generated.
configure:19286: $? = 1
configure: failed program was:
| /* confdefs.h */
| #define PACKAGE_NAME ""
| #define PACKAGE_TARNAME ""
| #define PACKAGE_VERSION ""
| #define PACKAGE_STRING ""
| #define PACKAGE_BUGREPORT ""
| #define PACKAGE_URL ""
| #define STDC_HEADERS 1
| #define HAVE_SYS_TYPES_H 1
| #define HAVE_SYS_STAT_H 1
| #define HAVE_STDLIB_H 1
| #define HAVE_STRING_H 1
| #define HAVE_MEMORY_H 1
| #define HAVE_STRINGS_H 1
| #define HAVE_INTTYPES_H 1
| #define HAVE_STDINT_H 1
| #define HAVE_UNISTD_H 1
| #define HAVE_DLFCN_H 1
| #define HAVE_DIRENT_H 1
| #define LTDL_SHLIB_EXT ".so"
| #define LTDL_SHLIBPATH_VAR "DYLD_LIBRARY_PATH"
| #define LTDL_SYSSEARCHPATH "/usr/local/lib:/lib:/usr/lib"
| #define LTDL_OBJDIR ".libs/"
| #define HAVE_PRELOADED_SYMBOLS 1
| #define HAVE_LIBDL 1
| #define HAVE_DLERROR 1
| #define error_t int
| #define HAVE_ASSERT_H 1
| #define HAVE_CTYPE_H 1
| #define HAVE_ERRNO_H 1
| #define HAVE_MEMORY_H 1
| #define HAVE_STDLIB_H 1
| #define HAVE_STDIO_H 1
| #define HAVE_UNISTD_H 1
| /* end confdefs.h.  */
| #include <dl.h>
configure:19286: result: no
configure:19286: checking for dl.h
configure:19286: result: no
configure:19286: checking sys/dl.h usability
configure:19286: gcc -c  -fpascal-strings -fno-common -Wno-four-char-constants -Wno-unknown-pragmas -Dmacintosh -I/usr/local/opt/openssl@1.1/include -fpascal-strings -fno-common -Wno-four-char-constants -Wno-unknown-pragmas -Dmacintosh conftest.c >&5
conftest.c:69:10: fatal error: 'sys/dl.h' file not found
#include <sys/dl.h>
         ^~~~~~~~~~
1 error generated.
configure:19286: $? = 1
configure: failed program was:
| /* confdefs.h */
| #define PACKAGE_NAME ""
| #define PACKAGE_TARNAME ""
| #define PACKAGE_VERSION ""
| #define PACKAGE_STRING ""
| #define PACKAGE_BUGREPORT ""
| #define PACKAGE_URL ""
| #define STDC_HEADERS 1
| #define HAVE_SYS_TYPES_H 1
| #define HAVE_SYS_STAT_H 1
| #define HAVE_STDLIB_H 1
| #define HAVE_STRING_H 1
| #define HAVE_MEMORY_H 1
| #define HAVE_STRINGS_H 1
| #define HAVE_INTTYPES_H 1
| #define HAVE_STDINT_H 1
| #define HAVE_UNISTD_H 1
| #define HAVE_DLFCN_H 1
| #define HAVE_DIRENT_H 1
| #define LTDL_SHLIB_EXT ".so"
| #define LTDL_SHLIBPATH_VAR "DYLD_LIBRARY_PATH"
| #define LTDL_SYSSEARCHPATH "/usr/local/lib:/lib:/usr/lib"
| #define LTDL_OBJDIR ".libs/"
| #define HAVE_PRELOADED_SYMBOLS 1
| #define HAVE_LIBDL 1
| #define HAVE_DLERROR 1
| #define error_t int
| #define HAVE_ASSERT_H 1
| #define HAVE_CTYPE_H 1
| #define HAVE_ERRNO_H 1
| #define HAVE_MEMORY_H 1
| #define HAVE_STDLIB_H 1
| #define HAVE_STDIO_H 1
| #define HAVE_UNISTD_H 1
| /* end confdefs.h.  */
| #include <stdio.h>
| #ifdef HAVE_SYS_TYPES_H
| # include <sys/types.h>
| #endif
| #ifdef HAVE_SYS_STAT_H
| # include <sys/stat.h>
| #endif
| #ifdef STDC_HEADERS
| # include <stdlib.h>
| # include <stddef.h>
| #else
| # ifdef HAVE_STDLIB_H
| #  include <stdlib.h>
| # endif
| #endif
| #ifdef HAVE_STRING_H
| # if !defined STDC_HEADERS && defined HAVE_MEMORY_H
| #  include <memory.h>
| # endif
| # include <string.h>
| #endif
| #ifdef HAVE_STRINGS_H
| # include <strings.h>
| #endif
| #ifdef HAVE_INTTYPES_H
| # include <inttypes.h>
| #endif
| #ifdef HAVE_STDINT_H
| # include <stdint.h>
| #endif
| #ifdef HAVE_UNISTD_H
| # include <unistd.h>
| #endif
| #include <sys/dl.h>
configure:19286: result: no
configure:19286: checking sys/dl.h presence
configure:19286: gcc -E -I/usr/local/opt/openssl@1.1/include -fpascal-strings -fno-common -Wno-four-char-constants -Wno-unknown-pragmas -Dmacintosh conftest.c
conftest.c:36:10: fatal error: 'sys/dl.h' file not found
#include <sys/dl.h>
         ^~~~~~~~~~
1 error generated.
configure:19286: $? = 1
configure: failed program was:
| /* confdefs.h */
| #define PACKAGE_NAME ""
| #define PACKAGE_TARNAME ""
| #define PACKAGE_VERSION ""
| #define PACKAGE_STRING ""
| #define PACKAGE_BUGREPORT ""
| #define PACKAGE_URL ""
| #define STDC_HEADERS 1
| #define HAVE_SYS_TYPES_H 1
| #define HAVE_SYS_STAT_H 1
| #define HAVE_STDLIB_H 1
| #define HAVE_STRING_H 1
| #define HAVE_MEMORY_H 1
| #define HAVE_STRINGS_H 1
| #define HAVE_INTTYPES_H 1
| #define HAVE_STDINT_H 1
| #define HAVE_UNISTD_H 1
| #define HAVE_DLFCN_H 1
| #define HAVE_DIRENT_H 1
| #define LTDL_SHLIB_EXT ".so"
| #define LTDL_SHLIBPATH_VAR "DYLD_LIBRARY_PATH"
| #define LTDL_SYSSEARCHPATH "/usr/local/lib:/lib:/usr/lib"
| #define LTDL_OBJDIR ".libs/"
| #define HAVE_PRELOADED_SYMBOLS 1
| #define HAVE_LIBDL 1
| #define HAVE_DLERROR 1
| #define error_t int
| #define HAVE_ASSERT_H 1
| #define HAVE_CTYPE_H 1
| #define HAVE_ERRNO_H 1
| #define HAVE_MEMORY_H 1
| #define HAVE_STDLIB_H 1
| #define HAVE_STDIO_H 1
| #define HAVE_UNISTD_H 1
| /* end confdefs.h.  */
| #include <sys/dl.h>
configure:19286: result: no
configure:19286: checking for sys/dl.h
configure:19286: result: no
configure:19286: checking dld.h usability
configure:19286: gcc -c  -fpascal-strings -fno-common -Wno-four-char-constants -Wno-unknown-pragmas -Dmacintosh -I/usr/local/opt/openssl@1.1/include -fpascal-strings -fno-common -Wno-four-char-constants -Wno-unknown-pragmas -Dmacintosh conftest.c >&5
conftest.c:69:10: fatal error: 'dld.h' file not found
#include <dld.h>
         ^~~~~~~
1 error generated.
configure:19286: $? = 1
configure: failed program was:
| /* confdefs.h */
| #define PACKAGE_NAME ""
| #define PACKAGE_TARNAME ""
| #define PACKAGE_VERSION ""
| #define PACKAGE_STRING ""
| #define PACKAGE_BUGREPORT ""
| #define PACKAGE_URL ""
| #define STDC_HEADERS 1
| #define HAVE_SYS_TYPES_H 1
| #define HAVE_SYS_STAT_H 1
| #define HAVE_STDLIB_H 1
| #define HAVE_STRING_H 1
| #define HAVE_MEMORY_H 1
| #define HAVE_STRINGS_H 1
| #define HAVE_INTTYPES_H 1
| #define HAVE_STDINT_H 1
| #define HAVE_UNISTD_H 1
| #define HAVE_DLFCN_H 1
| #define HAVE_DIRENT_H 1
| #define LTDL_SHLIB_EXT ".so"
| #define LTDL_SHLIBPATH_VAR "DYLD_LIBRARY_PATH"
| #define LTDL_SYSSEARCHPATH "/usr/local/lib:/lib:/usr/lib"
| #define LTDL_OBJDIR ".libs/"
| #define HAVE_PRELOADED_SYMBOLS 1
| #define HAVE_LIBDL 1
| #define HAVE_DLERROR 1
| #define error_t int
| #define HAVE_ASSERT_H 1
| #define HAVE_CTYPE_H 1
| #define HAVE_ERRNO_H 1
| #define HAVE_MEMORY_H 1
| #define HAVE_STDLIB_H 1
| #define HAVE_STDIO_H 1
| #define HAVE_UNISTD_H 1
| /* end confdefs.h.  */
| #include <stdio.h>
| #ifdef HAVE_SYS_TYPES_H
| # include <sys/types.h>
| #endif
| #ifdef HAVE_SYS_STAT_H
| # include <sys/stat.h>
| #endif
| #ifdef STDC_HEADERS
| # include <stdlib.h>
| # include <stddef.h>
| #else
| # ifdef HAVE_STDLIB_H
| #  include <stdlib.h>
| # endif
| #endif
| #ifdef HAVE_STRING_H
| # if !defined STDC_HEADERS && defined HAVE_MEMORY_H
| #  include <memory.h>
| # endif
| # include <string.h>
| #endif
| #ifdef HAVE_STRINGS_H
| # include <strings.h>
| #endif
| #ifdef HAVE_INTTYPES_H
| # include <inttypes.h>
| #endif
| #ifdef HAVE_STDINT_H
| # include <stdint.h>
| #endif
| #ifdef HAVE_UNISTD_H
| # include <unistd.h>
| #endif
| #include <dld.h>
configure:19286: result: no
configure:19286: checking dld.h presence
configure:19286: gcc -E -I/usr/local/opt/openssl@1.1/include -fpascal-strings -fno-common -Wno-four-char-constants -Wno-unknown-pragmas -Dmacintosh conftest.c
conftest.c:36:10: fatal error: 'dld.h' file not found
#include <dld.h>
         ^~~~~~~
1 error generated.
configure:19286: $? = 1
configure: failed program was:
| /* confdefs.h */
| #define PACKAGE_NAME ""
| #define PACKAGE_TARNAME ""
| #define PACKAGE_VERSION ""
| #define PACKAGE_STRING ""
| #define PACKAGE_BUGREPORT ""
| #define PACKAGE_URL ""
| #define STDC_HEADERS 1
| #define HAVE_SYS_TYPES_H 1
| #define HAVE_SYS_STAT_H 1
| #define HAVE_STDLIB_H 1
| #define HAVE_STRING_H 1
| #define HAVE_MEMORY_H 1
| #define HAVE_STRINGS_H 1
| #define HAVE_INTTYPES_H 1
| #define HAVE_STDINT_H 1
| #define HAVE_UNISTD_H 1
| #define HAVE_DLFCN_H 1
| #define HAVE_DIRENT_H 1
| #define LTDL_SHLIB_EXT ".so"
| #define LTDL_SHLIBPATH_VAR "DYLD_LIBRARY_PATH"
| #define LTDL_SYSSEARCHPATH "/usr/local/lib:/lib:/usr/lib"
| #define LTDL_OBJDIR ".libs/"
| #define HAVE_PRELOADED_SYMBOLS 1
| #define HAVE_LIBDL 1
| #define HAVE_DLERROR 1
| #define error_t int
| #define HAVE_ASSERT_H 1
| #define HAVE_CTYPE_H 1
| #define HAVE_ERRNO_H 1
| #define HAVE_MEMORY_H 1
| #define HAVE_STDLIB_H 1
| #define HAVE_STDIO_H 1
| #define HAVE_UNISTD_H 1
| /* end confdefs.h.  */
| #include <dld.h>
configure:19286: result: no
configure:19286: checking for dld.h
configure:19286: result: no
configure:19286: checking mach-o/dyld.h usability
configure:19286: gcc -c  -fpascal-strings -fno-common -Wno-four-char-constants -Wno-unknown-pragmas -Dmacintosh -I/usr/local/opt/openssl@1.1/include -fpascal-strings -fno-common -Wno-four-char-constants -Wno-unknown-pragmas -Dmacintosh conftest.c >&5
configure:19286: $? = 0
configure:19286: result: yes
configure:19286: checking mach-o/dyld.h presence
configure:19286: gcc -E -I/usr/local/opt/openssl@1.1/include -fpascal-strings -fno-common -Wno-four-char-constants -Wno-unknown-pragmas -Dmacintosh conftest.c
configure:19286: $? = 0
configure:19286: result: yes
configure:19286: checking for mach-o/dyld.h
configure:19286: result: yes
configure:19299: checking for string.h
configure:19299: result: yes
configure:19313: checking for strchr
configure:19313: gcc -o conftest  -fpascal-strings -fno-common -Wno-four-char-constants -Wno-unknown-pragmas -Dmacintosh -I/usr/local/opt/openssl@1.1/include -fpascal-strings -fno-common -Wno-four-char-constants -Wno-unknown-pragmas -Dmacintosh -L/usr/local/opt/openssl@1.1/lib conftest.c  >&5
conftest.c:61:6: warning: incompatible redeclaration of library function 'strchr' [-Wincompatible-library-redeclaration]
char strchr ();
     ^
conftest.c:61:6: note: 'strchr' is a builtin with type 'char *(const char *, int)'
1 warning generated.
configure:19313: $? = 0
configure:19313: result: yes
configure:19325: checking for strrchr
configure:19325: gcc -o conftest  -fpascal-strings -fno-common -Wno-four-char-constants -Wno-unknown-pragmas -Dmacintosh -I/usr/local/opt/openssl@1.1/include -fpascal-strings -fno-common -Wno-four-char-constants -Wno-unknown-pragmas -Dmacintosh -L/usr/local/opt/openssl@1.1/lib conftest.c  >&5
conftest.c:62:6: warning: incompatible redeclaration of library function 'strrchr' [-Wincompatible-library-redeclaration]
char strrchr ();
     ^
conftest.c:62:6: note: 'strrchr' is a builtin with type 'char *(const char *, int)'
1 warning generated.
configure:19325: $? = 0
configure:19325: result: yes
configure:19337: checking for memcpy
configure:19337: gcc -o conftest  -fpascal-strings -fno-common -Wno-four-char-constants -Wno-unknown-pragmas -Dmacintosh -I/usr/local/opt/openssl@1.1/include -fpascal-strings -fno-common -Wno-four-char-constants -Wno-unknown-pragmas -Dmacintosh -L/usr/local/opt/openssl@1.1/lib conftest.c  >&5
conftest.c:63:6: warning: incompatible redeclaration of library function 'memcpy' [-Wincompatible-library-redeclaration]
char memcpy ();
     ^
conftest.c:63:6: note: 'memcpy' is a builtin with type 'void *(void *, const void *, unsigned long)'
1 warning generated.
configure:19337: $? = 0
configure:19337: result: yes
configure:19349: checking for memmove
configure:19349: gcc -o conftest  -fpascal-strings -fno-common -Wno-four-char-constants -Wno-unknown-pragmas -Dmacintosh -I/usr/local/opt/openssl@1.1/include -fpascal-strings -fno-common -Wno-four-char-constants -Wno-unknown-pragmas -Dmacintosh -L/usr/local/opt/openssl@1.1/lib conftest.c  >&5
conftest.c:64:6: warning: incompatible redeclaration of library function 'memmove' [-Wincompatible-library-redeclaration]
char memmove ();
     ^
conftest.c:64:6: note: 'memmove' is a builtin with type 'void *(void *, const void *, unsigned long)'
1 warning generated.
configure:19349: $? = 0
configure:19349: result: yes
configure:19349: checking for strcmp
configure:19349: gcc -o conftest  -fpascal-strings -fno-common -Wno-four-char-constants -Wno-unknown-pragmas -Dmacintosh -I/usr/local/opt/openssl@1.1/include -fpascal-strings -fno-common -Wno-four-char-constants -Wno-unknown-pragmas -Dmacintosh -L/usr/local/opt/openssl@1.1/lib conftest.c  >&5
conftest.c:65:6: warning: incompatible redeclaration of library function 'strcmp' [-Wincompatible-library-redeclaration]
char strcmp ();
     ^
conftest.c:65:6: note: 'strcmp' is a builtin with type 'int (const char *, const char *)'
1 warning generated.
configure:19349: $? = 0
configure:19349: result: yes
configure:19361: checking for closedir
configure:19361: gcc -o conftest  -fpascal-strings -fno-common -Wno-four-char-constants -Wno-unknown-pragmas -Dmacintosh -I/usr/local/opt/openssl@1.1/include -fpascal-strings -fno-common -Wno-four-char-constants -Wno-unknown-pragmas -Dmacintosh -L/usr/local/opt/openssl@1.1/lib conftest.c  >&5
configure:19361: $? = 0
configure:19361: result: yes
configure:19361: checking for opendir
configure:19361: gcc -o conftest  -fpascal-strings -fno-common -Wno-four-char-constants -Wno-unknown-pragmas -Dmacintosh -I/usr/local/opt/openssl@1.1/include -fpascal-strings -fno-common -Wno-four-char-constants -Wno-unknown-pragmas -Dmacintosh -L/usr/local/opt/openssl@1.1/lib conftest.c  >&5
configure:19361: $? = 0
configure:19361: result: yes
configure:19361: checking for readdir
configure:19361: gcc -o conftest  -fpascal-strings -fno-common -Wno-four-char-constants -Wno-unknown-pragmas -Dmacintosh -I/usr/local/opt/openssl@1.1/include -fpascal-strings -fno-common -Wno-four-char-constants -Wno-unknown-pragmas -Dmacintosh -L/usr/local/opt/openssl@1.1/lib conftest.c  >&5
configure:19361: $? = 0
configure:19361: result: yes
configure:19375: checking for pkg-config
configure:19393: found /usr/local/bin/pkg-config
configure:19406: result: /usr/local/bin/pkg-config
configure:20100: checking whether byte ordering is bigendian
configure:20115: gcc -c  -fpascal-strings -fno-common -Wno-four-char-constants -Wno-unknown-pragmas -Dmacintosh -I/usr/local/opt/openssl@1.1/include -fpascal-strings -fno-common -Wno-four-char-constants -Wno-unknown-pragmas -Dmacintosh conftest.c >&5
configure:20115: $? = 0
configure:20160: gcc -c  -fpascal-strings -fno-common -Wno-four-char-constants -Wno-unknown-pragmas -Dmacintosh -I/usr/local/opt/openssl@1.1/include -fpascal-strings -fno-common -Wno-four-char-constants -Wno-unknown-pragmas -Dmacintosh conftest.c >&5
configure:20160: $? = 0
configure:20178: gcc -c  -fpascal-strings -fno-common -Wno-four-char-constants -Wno-unknown-pragmas -Dmacintosh -I/usr/local/opt/openssl@1.1/include -fpascal-strings -fno-common -Wno-four-char-constants -Wno-unknown-pragmas -Dmacintosh conftest.c >&5
conftest.c:53:4: error: use of undeclared identifier 'not'
                 not big endian
                 ^
1 error generated.
configure:20178: $? = 1
configure: failed program was:
| /* confdefs.h */
| #define PACKAGE_NAME ""
| #define PACKAGE_TARNAME ""
| #define PACKAGE_VERSION ""
| #define PACKAGE_STRING ""
| #define PACKAGE_BUGREPORT ""
| #define PACKAGE_URL ""
| #define STDC_HEADERS 1
| #define HAVE_SYS_TYPES_H 1
| #define HAVE_SYS_STAT_H 1
| #define HAVE_STDLIB_H 1
| #define HAVE_STRING_H 1
| #define HAVE_MEMORY_H 1
| #define HAVE_STRINGS_H 1
| #define HAVE_INTTYPES_H 1
| #define HAVE_STDINT_H 1
| #define HAVE_UNISTD_H 1
| #define HAVE_DLFCN_H 1
| #define HAVE_DIRENT_H 1
| #define LTDL_SHLIB_EXT ".so"
| #define LTDL_SHLIBPATH_VAR "DYLD_LIBRARY_PATH"
| #define LTDL_SYSSEARCHPATH "/usr/local/lib:/lib:/usr/lib"
| #define LTDL_OBJDIR ".libs/"
| #define HAVE_PRELOADED_SYMBOLS 1
| #define HAVE_LIBDL 1
| #define HAVE_DLERROR 1
| #define error_t int
| #define HAVE_ASSERT_H 1
| #define HAVE_CTYPE_H 1
| #define HAVE_ERRNO_H 1
| #define HAVE_MEMORY_H 1
| #define HAVE_STDLIB_H 1
| #define HAVE_STDIO_H 1
| #define HAVE_UNISTD_H 1
| #define HAVE_MACH_O_DYLD_H 1
| #define HAVE_STRING_H 1
| #define HAVE_STRCHR 1
| #define HAVE_STRRCHR 1
| #define HAVE_MEMCPY 1
| #define HAVE_MEMMOVE 1
| #define HAVE_STRCMP 1
| #define HAVE_CLOSEDIR 1
| #define HAVE_OPENDIR 1
| #define HAVE_READDIR 1
| /* end confdefs.h.  */
| #include <sys/types.h>
| 		#include <sys/param.h>
| 
| int
| main ()
| {
| #if BYTE_ORDER != BIG_ENDIAN
| 		 not big endian
| 		#endif
| 
|   ;
|   return 0;
| }
configure:20306: result: no
configure:20324: checking for inline
configure:20340: gcc -c  -fpascal-strings -fno-common -Wno-four-char-constants -Wno-unknown-pragmas -Dmacintosh -I/usr/local/opt/openssl@1.1/include -fpascal-strings -fno-common -Wno-four-char-constants -Wno-unknown-pragmas -Dmacintosh conftest.c >&5
configure:20340: $? = 0
configure:20348: result: inline
configure:20370: checking size of unsigned char
configure:20375: gcc -o conftest  -fpascal-strings -fno-common -Wno-four-char-constants -Wno-unknown-pragmas -Dmacintosh -I/usr/local/opt/openssl@1.1/include -fpascal-strings -fno-common -Wno-four-char-constants -Wno-unknown-pragmas -Dmacintosh -L/usr/local/opt/openssl@1.1/lib conftest.c  >&5
configure:20375: $? = 0
configure:20375: ./conftest
configure:20375: $? = 0
configure:20389: result: 1
configure:20403: checking size of unsigned short
configure:20408: gcc -o conftest  -fpascal-strings -fno-common -Wno-four-char-constants -Wno-unknown-pragmas -Dmacintosh -I/usr/local/opt/openssl@1.1/include -fpascal-strings -fno-common -Wno-four-char-constants -Wno-unknown-pragmas -Dmacintosh -L/usr/local/opt/openssl@1.1/lib conftest.c  >&5
configure:20408: $? = 0
configure:20408: ./conftest
configure:20408: $? = 0
configure:20422: result: 2
configure:20436: checking size of unsigned int
configure:20441: gcc -o conftest  -fpascal-strings -fno-common -Wno-four-char-constants -Wno-unknown-pragmas -Dmacintosh -I/usr/local/opt/openssl@1.1/include -fpascal-strings -fno-common -Wno-four-char-constants -Wno-unknown-pragmas -Dmacintosh -L/usr/local/opt/openssl@1.1/lib conftest.c  >&5
configure:20441: $? = 0
configure:20441: ./conftest
configure:20441: $? = 0
configure:20455: result: 4
configure:20469: checking size of unsigned long
configure:20474: gcc -o conftest  -fpascal-strings -fno-common -Wno-four-char-constants -Wno-unknown-pragmas -Dmacintosh -I/usr/local/opt/openssl@1.1/include -fpascal-strings -fno-common -Wno-four-char-constants -Wno-unknown-pragmas -Dmacintosh -L/usr/local/opt/openssl@1.1/lib conftest.c  >&5
configure:20474: $? = 0
configure:20474: ./conftest
configure:20474: $? = 0
configure:20488: result: 8
configure:20502: checking size of unsigned long long
configure:20507: gcc -o conftest  -fpascal-strings -fno-common -Wno-four-char-constants -Wno-unknown-pragmas -Dmacintosh -I/usr/local/opt/openssl@1.1/include -fpascal-strings -fno-common -Wno-four-char-constants -Wno-unknown-pragmas -Dmacintosh -L/usr/local/opt/openssl@1.1/lib conftest.c  >&5
configure:20507: $? = 0
configure:20507: ./conftest
configure:20507: $? = 0
configure:20521: result: 8
configure:20535: checking size of int *
configure:20540: gcc -o conftest  -fpascal-strings -fno-common -Wno-four-char-constants -Wno-unknown-pragmas -Dmacintosh -I/usr/local/opt/openssl@1.1/include -fpascal-strings -fno-common -Wno-four-char-constants -Wno-unknown-pragmas -Dmacintosh -L/usr/local/opt/openssl@1.1/lib conftest.c  >&5
configure:20540: $? = 0
configure:20540: ./conftest
configure:20540: $? = 0
configure:20554: result: 8
configure:20566: checking for getenv
configure:20566: gcc -o conftest  -fpascal-strings -fno-common -Wno-four-char-constants -Wno-unknown-pragmas -Dmacintosh -I/usr/local/opt/openssl@1.1/include -fpascal-strings -fno-common -Wno-four-char-constants -Wno-unknown-pragmas -Dmacintosh -L/usr/local/opt/openssl@1.1/lib conftest.c  >&5
configure:20566: $? = 0
configure:20566: result: yes
configure:20578: checking for setenv
configure:20578: gcc -o conftest  -fpascal-strings -fno-common -Wno-four-char-constants -Wno-unknown-pragmas -Dmacintosh -I/usr/local/opt/openssl@1.1/include -fpascal-strings -fno-common -Wno-four-char-constants -Wno-unknown-pragmas -Dmacintosh -L/usr/local/opt/openssl@1.1/lib conftest.c  >&5
configure:20578: $? = 0
configure:20578: result: yes
configure:20590: checking for snprintf
configure:20590: gcc -o conftest  -fpascal-strings -fno-common -Wno-four-char-constants -Wno-unknown-pragmas -Dmacintosh -I/usr/local/opt/openssl@1.1/include -fpascal-strings -fno-common -Wno-four-char-constants -Wno-unknown-pragmas -Dmacintosh -L/usr/local/opt/openssl@1.1/lib conftest.c  >&5
conftest.c:79:6: warning: incompatible redeclaration of library function 'snprintf' [-Wincompatible-library-redeclaration]
char snprintf ();
     ^
conftest.c:79:6: note: 'snprintf' is a builtin with type 'int (char *, unsigned long, const char *, ...)'
1 warning generated.
configure:20590: $? = 0
configure:20590: result: yes
configure:20602: checking for vsnprintf
configure:20602: gcc -o conftest  -fpascal-strings -fno-common -Wno-four-char-constants -Wno-unknown-pragmas -Dmacintosh -I/usr/local/opt/openssl@1.1/include -fpascal-strings -fno-common -Wno-four-char-constants -Wno-unknown-pragmas -Dmacintosh -L/usr/local/opt/openssl@1.1/lib conftest.c  >&5
conftest.c:81:6: warning: incompatible redeclaration of library function 'vsnprintf' [-Wincompatible-library-redeclaration]
char vsnprintf ();
     ^
conftest.c:81:6: note: 'vsnprintf' is a builtin with type 'int (char *, unsigned long, const char *, struct __va_list_tag *)'
1 warning generated.
configure:20602: $? = 0
configure:20602: result: yes
configure:20616: checking for select
configure:20616: gcc -o conftest  -fpascal-strings -fno-common -Wno-four-char-constants -Wno-unknown-pragmas -Dmacintosh -I/usr/local/opt/openssl@1.1/include -fpascal-strings -fno-common -Wno-four-char-constants -Wno-unknown-pragmas -Dmacintosh -L/usr/local/opt/openssl@1.1/lib conftest.c  >&5
configure:20616: $? = 0
configure:20616: result: yes
configure:20626: checking for socklen_t
configure:20626: gcc -c  -fpascal-strings -fno-common -Wno-four-char-constants -Wno-unknown-pragmas -Dmacintosh -I/usr/local/opt/openssl@1.1/include -fpascal-strings -fno-common -Wno-four-char-constants -Wno-unknown-pragmas -Dmacintosh conftest.c >&5
configure:20626: $? = 0
configure:20626: gcc -c  -fpascal-strings -fno-common -Wno-four-char-constants -Wno-unknown-pragmas -Dmacintosh -I/usr/local/opt/openssl@1.1/include -fpascal-strings -fno-common -Wno-four-char-constants -Wno-unknown-pragmas -Dmacintosh conftest.c >&5
conftest.c:68:24: error: expected expression
if (sizeof ((socklen_t)))
                       ^
1 error generated.
configure:20626: $? = 1
configure: failed program was:
| /* confdefs.h */
| #define PACKAGE_NAME ""
| #define PACKAGE_TARNAME ""
| #define PACKAGE_VERSION ""
| #define PACKAGE_STRING ""
| #define PACKAGE_BUGREPORT ""
| #define PACKAGE_URL ""
| #define STDC_HEADERS 1
| #define HAVE_SYS_TYPES_H 1
| #define HAVE_SYS_STAT_H 1
| #define HAVE_STDLIB_H 1
| #define HAVE_STRING_H 1
| #define HAVE_MEMORY_H 1
| #define HAVE_STRINGS_H 1
| #define HAVE_INTTYPES_H 1
| #define HAVE_STDINT_H 1
| #define HAVE_UNISTD_H 1
| #define HAVE_DLFCN_H 1
| #define HAVE_DIRENT_H 1
| #define LTDL_SHLIB_EXT ".so"
| #define LTDL_SHLIBPATH_VAR "DYLD_LIBRARY_PATH"
| #define LTDL_SYSSEARCHPATH "/usr/local/lib:/lib:/usr/lib"
| #define LTDL_OBJDIR ".libs/"
| #define HAVE_PRELOADED_SYMBOLS 1
| #define HAVE_LIBDL 1
| #define HAVE_DLERROR 1
| #define error_t int
| #define HAVE_ASSERT_H 1
| #define HAVE_CTYPE_H 1
| #define HAVE_ERRNO_H 1
| #define HAVE_MEMORY_H 1
| #define HAVE_STDLIB_H 1
| #define HAVE_STDIO_H 1
| #define HAVE_UNISTD_H 1
| #define HAVE_MACH_O_DYLD_H 1
| #define HAVE_STRING_H 1
| #define HAVE_STRCHR 1
| #define HAVE_STRRCHR 1
| #define HAVE_MEMCPY 1
| #define HAVE_MEMMOVE 1
| #define HAVE_STRCMP 1
| #define HAVE_CLOSEDIR 1
| #define HAVE_OPENDIR 1
| #define HAVE_READDIR 1
| #define SIZEOF_UNSIGNED_CHAR 1
| #define SIZEOF_UNSIGNED_SHORT 2
| #define SIZEOF_UNSIGNED_INT 4
| #define SIZEOF_UNSIGNED_LONG 8
| #define SIZEOF_UNSIGNED_LONG_LONG 8
| #define SIZEOF_INT_P 8
| #define HAVE_GETENV 1
| #define BX_HAVE_GETENV 1
| #define HAVE_SETENV 1
| #define BX_HAVE_SETENV 1
| #define HAVE_SNPRINTF 1
| #define BX_HAVE_SNPRINTF 1
| #define HAVE_VSNPRINTF 1
| #define BX_HAVE_VSNPRINTF 1
| #define HAVE_SELECT 1
| #define BX_HAVE_SELECT 1
| /* end confdefs.h.  */
| #include <sys/types.h>
|   #include <sys/socket.h>
| 
| int
| main ()
| {
| if (sizeof ((socklen_t)))
| 	    return 0;
|   ;
|   return 0;
| }
configure:20626: result: yes
configure:20636: checking for strtoull
configure:20636: gcc -o conftest  -fpascal-strings -fno-common -Wno-four-char-constants -Wno-unknown-pragmas -Dmacintosh -I/usr/local/opt/openssl@1.1/include -fpascal-strings -fno-common -Wno-four-char-constants -Wno-unknown-pragmas -Dmacintosh -L/usr/local/opt/openssl@1.1/lib conftest.c  >&5
conftest.c:86:6: warning: incompatible redeclaration of library function 'strtoull' [-Wincompatible-library-redeclaration]
char strtoull ();
     ^
conftest.c:86:6: note: 'strtoull' is a builtin with type 'unsigned long long (const char *, char **, int)'
1 warning generated.
configure:20636: $? = 0
configure:20636: result: yes
configure:20648: checking for strtouq
configure:20648: gcc -o conftest  -fpascal-strings -fno-common -Wno-four-char-constants -Wno-unknown-pragmas -Dmacintosh -I/usr/local/opt/openssl@1.1/include -fpascal-strings -fno-common -Wno-four-char-constants -Wno-unknown-pragmas -Dmacintosh -L/usr/local/opt/openssl@1.1/lib conftest.c  >&5
configure:20648: $? = 0
configure:20648: result: yes
configure:20660: checking for strdup
configure:20660: gcc -o conftest  -fpascal-strings -fno-common -Wno-four-char-constants -Wno-unknown-pragmas -Dmacintosh -I/usr/local/opt/openssl@1.1/include -fpascal-strings -fno-common -Wno-four-char-constants -Wno-unknown-pragmas -Dmacintosh -L/usr/local/opt/openssl@1.1/lib conftest.c  >&5
conftest.c:90:6: warning: incompatible redeclaration of library function 'strdup' [-Wincompatible-library-redeclaration]
char strdup ();
     ^
conftest.c:90:6: note: 'strdup' is a builtin with type 'char *(const char *)'
1 warning generated.
configure:20660: $? = 0
configure:20660: result: yes
configure:20672: checking for strrev
configure:20672: gcc -o conftest  -fpascal-strings -fno-common -Wno-four-char-constants -Wno-unknown-pragmas -Dmacintosh -I/usr/local/opt/openssl@1.1/include -fpascal-strings -fno-common -Wno-four-char-constants -Wno-unknown-pragmas -Dmacintosh -L/usr/local/opt/openssl@1.1/lib conftest.c  >&5
Undefined symbols for architecture x86_64:
  "_strrev", referenced from:
      _main in conftest-3f11fb.o
ld: symbol(s) not found for architecture x86_64
clang: error: linker command failed with exit code 1 (use -v to see invocation)
configure:20672: $? = 1
configure: failed program was:
| /* confdefs.h */
| #define PACKAGE_NAME ""
| #define PACKAGE_TARNAME ""
| #define PACKAGE_VERSION ""
| #define PACKAGE_STRING ""
| #define PACKAGE_BUGREPORT ""
| #define PACKAGE_URL ""
| #define STDC_HEADERS 1
| #define HAVE_SYS_TYPES_H 1
| #define HAVE_SYS_STAT_H 1
| #define HAVE_STDLIB_H 1
| #define HAVE_STRING_H 1
| #define HAVE_MEMORY_H 1
| #define HAVE_STRINGS_H 1
| #define HAVE_INTTYPES_H 1
| #define HAVE_STDINT_H 1
| #define HAVE_UNISTD_H 1
| #define HAVE_DLFCN_H 1
| #define HAVE_DIRENT_H 1
| #define LTDL_SHLIB_EXT ".so"
| #define LTDL_SHLIBPATH_VAR "DYLD_LIBRARY_PATH"
| #define LTDL_SYSSEARCHPATH "/usr/local/lib:/lib:/usr/lib"
| #define LTDL_OBJDIR ".libs/"
| #define HAVE_PRELOADED_SYMBOLS 1
| #define HAVE_LIBDL 1
| #define HAVE_DLERROR 1
| #define error_t int
| #define HAVE_ASSERT_H 1
| #define HAVE_CTYPE_H 1
| #define HAVE_ERRNO_H 1
| #define HAVE_MEMORY_H 1
| #define HAVE_STDLIB_H 1
| #define HAVE_STDIO_H 1
| #define HAVE_UNISTD_H 1
| #define HAVE_MACH_O_DYLD_H 1
| #define HAVE_STRING_H 1
| #define HAVE_STRCHR 1
| #define HAVE_STRRCHR 1
| #define HAVE_MEMCPY 1
| #define HAVE_MEMMOVE 1
| #define HAVE_STRCMP 1
| #define HAVE_CLOSEDIR 1
| #define HAVE_OPENDIR 1
| #define HAVE_READDIR 1
| #define SIZEOF_UNSIGNED_CHAR 1
| #define SIZEOF_UNSIGNED_SHORT 2
| #define SIZEOF_UNSIGNED_INT 4
| #define SIZEOF_UNSIGNED_LONG 8
| #define SIZEOF_UNSIGNED_LONG_LONG 8
| #define SIZEOF_INT_P 8
| #define HAVE_GETENV 1
| #define BX_HAVE_GETENV 1
| #define HAVE_SETENV 1
| #define BX_HAVE_SETENV 1
| #define HAVE_SNPRINTF 1
| #define BX_HAVE_SNPRINTF 1
| #define HAVE_VSNPRINTF 1
| #define BX_HAVE_VSNPRINTF 1
| #define HAVE_SELECT 1
| #define BX_HAVE_SELECT 1
| #define BX_HAVE_SOCKLEN_T 1
| #define HAVE_STRTOULL 1
| #define BX_HAVE_STRTOULL 1
| #define HAVE_STRTOUQ 1
| #define BX_HAVE_STRTOUQ 1
| #define HAVE_STRDUP 1
| #define BX_HAVE_STRDUP 1
| /* end confdefs.h.  */
| /* Define strrev to an innocuous variant, in case <limits.h> declares strrev.
|    For example, HP-UX 11i <limits.h> declares gettimeofday.  */
| #define strrev innocuous_strrev
| 
| /* System header to define __stub macros and hopefully few prototypes,
|     which can conflict with char strrev (); below.
|     Prefer <limits.h> to <assert.h> if __STDC__ is defined, since
|     <limits.h> exists even on freestanding compilers.  */
| 
| #ifdef __STDC__
| # include <limits.h>
| #else
| # include <assert.h>
| #endif
| 
| #undef strrev
| 
| /* Override any GCC internal prototype to avoid an error.
|    Use char because int might match the return type of a GCC
|    builtin and then its argument prototype would still apply.  */
| #ifdef __cplusplus
| extern "C"
| #endif
| char strrev ();
| /* The GNU C library defines this for functions which it implements
|     to always fail with ENOSYS.  Some functions are actually named
|     something starting with __ and the normal name is an alias.  */
| #if defined __stub_strrev || defined __stub___strrev
| choke me
| #endif
| 
| int
| main ()
| {
| return strrev ();
|   ;
|   return 0;
| }
configure:20672: result: no
configure:20684: checking for stricmp
configure:20684: gcc -o conftest  -fpascal-strings -fno-common -Wno-four-char-constants -Wno-unknown-pragmas -Dmacintosh -I/usr/local/opt/openssl@1.1/include -fpascal-strings -fno-common -Wno-four-char-constants -Wno-unknown-pragmas -Dmacintosh -L/usr/local/opt/openssl@1.1/lib conftest.c  >&5
Undefined symbols for architecture x86_64:
  "_stricmp", referenced from:
      _main in conftest-0297aa.o
ld: symbol(s) not found for architecture x86_64
clang: error: linker command failed with exit code 1 (use -v to see invocation)
configure:20684: $? = 1
configure: failed program was:
| /* confdefs.h */
| #define PACKAGE_NAME ""
| #define PACKAGE_TARNAME ""
| #define PACKAGE_VERSION ""
| #define PACKAGE_STRING ""
| #define PACKAGE_BUGREPORT ""
| #define PACKAGE_URL ""
| #define STDC_HEADERS 1
| #define HAVE_SYS_TYPES_H 1
| #define HAVE_SYS_STAT_H 1
| #define HAVE_STDLIB_H 1
| #define HAVE_STRING_H 1
| #define HAVE_MEMORY_H 1
| #define HAVE_STRINGS_H 1
| #define HAVE_INTTYPES_H 1
| #define HAVE_STDINT_H 1
| #define HAVE_UNISTD_H 1
| #define HAVE_DLFCN_H 1
| #define HAVE_DIRENT_H 1
| #define LTDL_SHLIB_EXT ".so"
| #define LTDL_SHLIBPATH_VAR "DYLD_LIBRARY_PATH"
| #define LTDL_SYSSEARCHPATH "/usr/local/lib:/lib:/usr/lib"
| #define LTDL_OBJDIR ".libs/"
| #define HAVE_PRELOADED_SYMBOLS 1
| #define HAVE_LIBDL 1
| #define HAVE_DLERROR 1
| #define error_t int
| #define HAVE_ASSERT_H 1
| #define HAVE_CTYPE_H 1
| #define HAVE_ERRNO_H 1
| #define HAVE_MEMORY_H 1
| #define HAVE_STDLIB_H 1
| #define HAVE_STDIO_H 1
| #define HAVE_UNISTD_H 1
| #define HAVE_MACH_O_DYLD_H 1
| #define HAVE_STRING_H 1
| #define HAVE_STRCHR 1
| #define HAVE_STRRCHR 1
| #define HAVE_MEMCPY 1
| #define HAVE_MEMMOVE 1
| #define HAVE_STRCMP 1
| #define HAVE_CLOSEDIR 1
| #define HAVE_OPENDIR 1
| #define HAVE_READDIR 1
| #define SIZEOF_UNSIGNED_CHAR 1
| #define SIZEOF_UNSIGNED_SHORT 2
| #define SIZEOF_UNSIGNED_INT 4
| #define SIZEOF_UNSIGNED_LONG 8
| #define SIZEOF_UNSIGNED_LONG_LONG 8
| #define SIZEOF_INT_P 8
| #define HAVE_GETENV 1
| #define BX_HAVE_GETENV 1
| #define HAVE_SETENV 1
| #define BX_HAVE_SETENV 1
| #define HAVE_SNPRINTF 1
| #define BX_HAVE_SNPRINTF 1
| #define HAVE_VSNPRINTF 1
| #define BX_HAVE_VSNPRINTF 1
| #define HAVE_SELECT 1
| #define BX_HAVE_SELECT 1
| #define BX_HAVE_SOCKLEN_T 1
| #define HAVE_STRTOULL 1
| #define BX_HAVE_STRTOULL 1
| #define HAVE_STRTOUQ 1
| #define BX_HAVE_STRTOUQ 1
| #define HAVE_STRDUP 1
| #define BX_HAVE_STRDUP 1
| /* end confdefs.h.  */
| /* Define stricmp to an innocuous variant, in case <limits.h> declares stricmp.
|    For example, HP-UX 11i <limits.h> declares gettimeofday.  */
| #define stricmp innocuous_stricmp
| 
| /* System header to define __stub macros and hopefully few prototypes,
|     which can conflict with char stricmp (); below.
|     Prefer <limits.h> to <assert.h> if __STDC__ is defined, since
|     <limits.h> exists even on freestanding compilers.  */
| 
| #ifdef __STDC__
| # include <limits.h>
| #else
| # include <assert.h>
| #endif
| 
| #undef stricmp
| 
| /* Override any GCC internal prototype to avoid an error.
|    Use char because int might match the return type of a GCC
|    builtin and then its argument prototype would still apply.  */
| #ifdef __cplusplus
| extern "C"
| #endif
| char stricmp ();
| /* The GNU C library defines this for functions which it implements
|     to always fail with ENOSYS.  Some functions are actually named
|     something starting with __ and the normal name is an alias.  */
| #if defined __stub_stricmp || defined __stub___stricmp
| choke me
| #endif
| 
| int
| main ()
| {
| return stricmp ();
|   ;
|   return 0;
| }
configure:20684: result: no
configure:20696: checking for strcasecmp
configure:20696: gcc -o conftest  -fpascal-strings -fno-common -Wno-four-char-constants -Wno-unknown-pragmas -Dmacintosh -I/usr/local/opt/openssl@1.1/include -fpascal-strings -fno-common -Wno-four-char-constants -Wno-unknown-pragmas -Dmacintosh -L/usr/local/opt/openssl@1.1/lib conftest.c  >&5
conftest.c:92:6: warning: incompatible redeclaration of library function 'strcasecmp' [-Wincompatible-library-redeclaration]
char strcasecmp ();
     ^
conftest.c:92:6: note: 'strcasecmp' is a builtin with type 'int (const char *, const char *)'
1 warning generated.
configure:20696: $? = 0
configure:20696: result: yes
configure:20708: checking for mkstemp
configure:20708: gcc -o conftest  -fpascal-strings -fno-common -Wno-four-char-constants -Wno-unknown-pragmas -Dmacintosh -I/usr/local/opt/openssl@1.1/include -fpascal-strings -fno-common -Wno-four-char-constants -Wno-unknown-pragmas -Dmacintosh -L/usr/local/opt/openssl@1.1/lib conftest.c  >&5
configure:20708: $? = 0
configure:20708: result: yes
configure:20718: checking sys/mman.h usability
configure:20718: gcc -c  -fpascal-strings -fno-common -Wno-four-char-constants -Wno-unknown-pragmas -Dmacintosh -I/usr/local/opt/openssl@1.1/include -fpascal-strings -fno-common -Wno-four-char-constants -Wno-unknown-pragmas -Dmacintosh conftest.c >&5
configure:20718: $? = 0
configure:20718: result: yes
configure:20718: checking sys/mman.h presence
configure:20718: gcc -E -I/usr/local/opt/openssl@1.1/include -fpascal-strings -fno-common -Wno-four-char-constants -Wno-unknown-pragmas -Dmacintosh conftest.c
configure:20718: $? = 0
configure:20718: result: yes
configure:20718: checking for sys/mman.h
configure:20718: result: yes
configure:20727: checking for gettimeofday
configure:20727: gcc -o conftest  -fpascal-strings -fno-common -Wno-four-char-constants -Wno-unknown-pragmas -Dmacintosh -I/usr/local/opt/openssl@1.1/include -fpascal-strings -fno-common -Wno-four-char-constants -Wno-unknown-pragmas -Dmacintosh -L/usr/local/opt/openssl@1.1/lib conftest.c  >&5
configure:20727: $? = 0
configure:20727: result: yes
configure:20739: checking for usleep
configure:20739: gcc -o conftest  -fpascal-strings -fno-common -Wno-four-char-constants -Wno-unknown-pragmas -Dmacintosh -I/usr/local/opt/openssl@1.1/include -fpascal-strings -fno-common -Wno-four-char-constants -Wno-unknown-pragmas -Dmacintosh -L/usr/local/opt/openssl@1.1/lib conftest.c  >&5
configure:20739: $? = 0
configure:20739: result: yes
configure:20750: checking for __builtin_bswap32
configure:20765: gcc -o conftest  -fpascal-strings -fno-common -Wno-four-char-constants -Wno-unknown-pragmas -Dmacintosh -I/usr/local/opt/openssl@1.1/include -fpascal-strings -fno-common -Wno-four-char-constants -Wno-unknown-pragmas -Dmacintosh -L/usr/local/opt/openssl@1.1/lib conftest.c  >&5
conftest.c:83:5: warning: ignoring return value of function declared with const attribute [-Wunused-value]
    __builtin_bswap32(0x12345678);
    ^~~~~~~~~~~~~~~~~ ~~~~~~~~~~
1 warning generated.
configure:20765: $? = 0
configure:20770: result: yes
configure:20781: checking for __builtin_bswap64
configure:20796: gcc -o conftest  -fpascal-strings -fno-common -Wno-four-char-constants -Wno-unknown-pragmas -Dmacintosh -I/usr/local/opt/openssl@1.1/include -fpascal-strings -fno-common -Wno-four-char-constants -Wno-unknown-pragmas -Dmacintosh -L/usr/local/opt/openssl@1.1/lib conftest.c  >&5
conftest.c:84:5: warning: ignoring return value of function declared with const attribute [-Wunused-value]
    __builtin_bswap64(0x12345678);
    ^~~~~~~~~~~~~~~~~ ~~~~~~~~~~
1 warning generated.
configure:20796: $? = 0
configure:20801: result: yes
configure:20814: checking for tmpfile64
configure:20814: gcc -o conftest  -fpascal-strings -fno-common -Wno-four-char-constants -Wno-unknown-pragmas -Dmacintosh -I/usr/local/opt/openssl@1.1/include -fpascal-strings -fno-common -Wno-four-char-constants -Wno-unknown-pragmas -Dmacintosh -L/usr/local/opt/openssl@1.1/lib conftest.c  >&5
Undefined symbols for architecture x86_64:
  "_tmpfile64", referenced from:
      _main in conftest-2165a6.o
ld: symbol(s) not found for architecture x86_64
clang: error: linker command failed with exit code 1 (use -v to see invocation)
configure:20814: $? = 1
configure: failed program was:
| /* confdefs.h */
| #define PACKAGE_NAME ""
| #define PACKAGE_TARNAME ""
| #define PACKAGE_VERSION ""
| #define PACKAGE_STRING ""
| #define PACKAGE_BUGREPORT ""
| #define PACKAGE_URL ""
| #define STDC_HEADERS 1
| #define HAVE_SYS_TYPES_H 1
| #define HAVE_SYS_STAT_H 1
| #define HAVE_STDLIB_H 1
| #define HAVE_STRING_H 1
| #define HAVE_MEMORY_H 1
| #define HAVE_STRINGS_H 1
| #define HAVE_INTTYPES_H 1
| #define HAVE_STDINT_H 1
| #define HAVE_UNISTD_H 1
| #define HAVE_DLFCN_H 1
| #define HAVE_DIRENT_H 1
| #define LTDL_SHLIB_EXT ".so"
| #define LTDL_SHLIBPATH_VAR "DYLD_LIBRARY_PATH"
| #define LTDL_SYSSEARCHPATH "/usr/local/lib:/lib:/usr/lib"
| #define LTDL_OBJDIR ".libs/"
| #define HAVE_PRELOADED_SYMBOLS 1
| #define HAVE_LIBDL 1
| #define HAVE_DLERROR 1
| #define error_t int
| #define HAVE_ASSERT_H 1
| #define HAVE_CTYPE_H 1
| #define HAVE_ERRNO_H 1
| #define HAVE_MEMORY_H 1
| #define HAVE_STDLIB_H 1
| #define HAVE_STDIO_H 1
| #define HAVE_UNISTD_H 1
| #define HAVE_MACH_O_DYLD_H 1
| #define HAVE_STRING_H 1
| #define HAVE_STRCHR 1
| #define HAVE_STRRCHR 1
| #define HAVE_MEMCPY 1
| #define HAVE_MEMMOVE 1
| #define HAVE_STRCMP 1
| #define HAVE_CLOSEDIR 1
| #define HAVE_OPENDIR 1
| #define HAVE_READDIR 1
| #define SIZEOF_UNSIGNED_CHAR 1
| #define SIZEOF_UNSIGNED_SHORT 2
| #define SIZEOF_UNSIGNED_INT 4
| #define SIZEOF_UNSIGNED_LONG 8
| #define SIZEOF_UNSIGNED_LONG_LONG 8
| #define SIZEOF_INT_P 8
| #define HAVE_GETENV 1
| #define BX_HAVE_GETENV 1
| #define HAVE_SETENV 1
| #define BX_HAVE_SETENV 1
| #define HAVE_SNPRINTF 1
| #define BX_HAVE_SNPRINTF 1
| #define HAVE_VSNPRINTF 1
| #define BX_HAVE_VSNPRINTF 1
| #define HAVE_SELECT 1
| #define BX_HAVE_SELECT 1
| #define BX_HAVE_SOCKLEN_T 1
| #define HAVE_STRTOULL 1
| #define BX_HAVE_STRTOULL 1
| #define HAVE_STRTOUQ 1
| #define BX_HAVE_STRTOUQ 1
| #define HAVE_STRDUP 1
| #define BX_HAVE_STRDUP 1
| #define HAVE_STRCASECMP 1
| #define BX_HAVE_STRCASECMP 1
| #define HAVE_MKSTEMP 1
| #define BX_HAVE_MKSTEMP 1
| #define BX_HAVE_SYS_MMAN_H 1
| #define HAVE_GETTIMEOFDAY 1
| #define BX_HAVE_GETTIMEOFDAY 1
| #define HAVE_USLEEP 1
| #define BX_HAVE_USLEEP 1
| #define BX_HAVE___BUILTIN_BSWAP32 1
| #define BX_HAVE___BUILTIN_BSWAP64 1
| /* end confdefs.h.  */
| /* Define tmpfile64 to an innocuous variant, in case <limits.h> declares tmpfile64.
|    For example, HP-UX 11i <limits.h> declares gettimeofday.  */
| #define tmpfile64 innocuous_tmpfile64
| 
| /* System header to define __stub macros and hopefully few prototypes,
|     which can conflict with char tmpfile64 (); below.
|     Prefer <limits.h> to <assert.h> if __STDC__ is defined, since
|     <limits.h> exists even on freestanding compilers.  */
| 
| #ifdef __STDC__
| # include <limits.h>
| #else
| # include <assert.h>
| #endif
| 
| #undef tmpfile64
| 
| /* Override any GCC internal prototype to avoid an error.
|    Use char because int might match the return type of a GCC
|    builtin and then its argument prototype would still apply.  */
| #ifdef __cplusplus
| extern "C"
| #endif
| char tmpfile64 ();
| /* The GNU C library defines this for functions which it implements
|     to always fail with ENOSYS.  Some functions are actually named
|     something starting with __ and the normal name is an alias.  */
| #if defined __stub_tmpfile64 || defined __stub___tmpfile64
| choke me
| #endif
| 
| int
| main ()
| {
| return tmpfile64 ();
|   ;
|   return 0;
| }
configure:20814: result: no
configure:20826: checking for fseek64
configure:20826: gcc -o conftest  -fpascal-strings -fno-common -Wno-four-char-constants -Wno-unknown-pragmas -Dmacintosh -I/usr/local/opt/openssl@1.1/include -fpascal-strings -fno-common -Wno-four-char-constants -Wno-unknown-pragmas -Dmacintosh -L/usr/local/opt/openssl@1.1/lib conftest.c  >&5
Undefined symbols for architecture x86_64:
  "_fseek64", referenced from:
      _main in conftest-97cbf9.o
ld: symbol(s) not found for architecture x86_64
clang: error: linker command failed with exit code 1 (use -v to see invocation)
configure:20826: $? = 1
configure: failed program was:
| /* confdefs.h */
| #define PACKAGE_NAME ""
| #define PACKAGE_TARNAME ""
| #define PACKAGE_VERSION ""
| #define PACKAGE_STRING ""
| #define PACKAGE_BUGREPORT ""
| #define PACKAGE_URL ""
| #define STDC_HEADERS 1
| #define HAVE_SYS_TYPES_H 1
| #define HAVE_SYS_STAT_H 1
| #define HAVE_STDLIB_H 1
| #define HAVE_STRING_H 1
| #define HAVE_MEMORY_H 1
| #define HAVE_STRINGS_H 1
| #define HAVE_INTTYPES_H 1
| #define HAVE_STDINT_H 1
| #define HAVE_UNISTD_H 1
| #define HAVE_DLFCN_H 1
| #define HAVE_DIRENT_H 1
| #define LTDL_SHLIB_EXT ".so"
| #define LTDL_SHLIBPATH_VAR "DYLD_LIBRARY_PATH"
| #define LTDL_SYSSEARCHPATH "/usr/local/lib:/lib:/usr/lib"
| #define LTDL_OBJDIR ".libs/"
| #define HAVE_PRELOADED_SYMBOLS 1
| #define HAVE_LIBDL 1
| #define HAVE_DLERROR 1
| #define error_t int
| #define HAVE_ASSERT_H 1
| #define HAVE_CTYPE_H 1
| #define HAVE_ERRNO_H 1
| #define HAVE_MEMORY_H 1
| #define HAVE_STDLIB_H 1
| #define HAVE_STDIO_H 1
| #define HAVE_UNISTD_H 1
| #define HAVE_MACH_O_DYLD_H 1
| #define HAVE_STRING_H 1
| #define HAVE_STRCHR 1
| #define HAVE_STRRCHR 1
| #define HAVE_MEMCPY 1
| #define HAVE_MEMMOVE 1
| #define HAVE_STRCMP 1
| #define HAVE_CLOSEDIR 1
| #define HAVE_OPENDIR 1
| #define HAVE_READDIR 1
| #define SIZEOF_UNSIGNED_CHAR 1
| #define SIZEOF_UNSIGNED_SHORT 2
| #define SIZEOF_UNSIGNED_INT 4
| #define SIZEOF_UNSIGNED_LONG 8
| #define SIZEOF_UNSIGNED_LONG_LONG 8
| #define SIZEOF_INT_P 8
| #define HAVE_GETENV 1
| #define BX_HAVE_GETENV 1
| #define HAVE_SETENV 1
| #define BX_HAVE_SETENV 1
| #define HAVE_SNPRINTF 1
| #define BX_HAVE_SNPRINTF 1
| #define HAVE_VSNPRINTF 1
| #define BX_HAVE_VSNPRINTF 1
| #define HAVE_SELECT 1
| #define BX_HAVE_SELECT 1
| #define BX_HAVE_SOCKLEN_T 1
| #define HAVE_STRTOULL 1
| #define BX_HAVE_STRTOULL 1
| #define HAVE_STRTOUQ 1
| #define BX_HAVE_STRTOUQ 1
| #define HAVE_STRDUP 1
| #define BX_HAVE_STRDUP 1
| #define HAVE_STRCASECMP 1
| #define BX_HAVE_STRCASECMP 1
| #define HAVE_MKSTEMP 1
| #define BX_HAVE_MKSTEMP 1
| #define BX_HAVE_SYS_MMAN_H 1
| #define HAVE_GETTIMEOFDAY 1
| #define BX_HAVE_GETTIMEOFDAY 1
| #define HAVE_USLEEP 1
| #define BX_HAVE_USLEEP 1
| #define BX_HAVE___BUILTIN_BSWAP32 1
| #define BX_HAVE___BUILTIN_BSWAP64 1
| /* end confdefs.h.  */
| /* Define fseek64 to an innocuous variant, in case <limits.h> declares fseek64.
|    For example, HP-UX 11i <limits.h> declares gettimeofday.  */
| #define fseek64 innocuous_fseek64
| 
| /* System header to define __stub macros and hopefully few prototypes,
|     which can conflict with char fseek64 (); below.
|     Prefer <limits.h> to <assert.h> if __STDC__ is defined, since
|     <limits.h> exists even on freestanding compilers.  */
| 
| #ifdef __STDC__
| # include <limits.h>
| #else
| # include <assert.h>
| #endif
| 
| #undef fseek64
| 
| /* Override any GCC internal prototype to avoid an error.
|    Use char because int might match the return type of a GCC
|    builtin and then its argument prototype would still apply.  */
| #ifdef __cplusplus
| extern "C"
| #endif
| char fseek64 ();
| /* The GNU C library defines this for functions which it implements
|     to always fail with ENOSYS.  Some functions are actually named
|     something starting with __ and the normal name is an alias.  */
| #if defined __stub_fseek64 || defined __stub___fseek64
| choke me
| #endif
| 
| int
| main ()
| {
| return fseek64 ();
|   ;
|   return 0;
| }
configure:20826: result: no
configure:20838: checking for fseeko64
configure:20838: gcc -o conftest  -fpascal-strings -fno-common -Wno-four-char-constants -Wno-unknown-pragmas -Dmacintosh -I/usr/local/opt/openssl@1.1/include -fpascal-strings -fno-common -Wno-four-char-constants -Wno-unknown-pragmas -Dmacintosh -L/usr/local/opt/openssl@1.1/lib conftest.c  >&5
Undefined symbols for architecture x86_64:
  "_fseeko64", referenced from:
      _main in conftest-92bdd7.o
ld: symbol(s) not found for architecture x86_64
clang: error: linker command failed with exit code 1 (use -v to see invocation)
configure:20838: $? = 1
configure: failed program was:
| /* confdefs.h */
| #define PACKAGE_NAME ""
| #define PACKAGE_TARNAME ""
| #define PACKAGE_VERSION ""
| #define PACKAGE_STRING ""
| #define PACKAGE_BUGREPORT ""
| #define PACKAGE_URL ""
| #define STDC_HEADERS 1
| #define HAVE_SYS_TYPES_H 1
| #define HAVE_SYS_STAT_H 1
| #define HAVE_STDLIB_H 1
| #define HAVE_STRING_H 1
| #define HAVE_MEMORY_H 1
| #define HAVE_STRINGS_H 1
| #define HAVE_INTTYPES_H 1
| #define HAVE_STDINT_H 1
| #define HAVE_UNISTD_H 1
| #define HAVE_DLFCN_H 1
| #define HAVE_DIRENT_H 1
| #define LTDL_SHLIB_EXT ".so"
| #define LTDL_SHLIBPATH_VAR "DYLD_LIBRARY_PATH"
| #define LTDL_SYSSEARCHPATH "/usr/local/lib:/lib:/usr/lib"
| #define LTDL_OBJDIR ".libs/"
| #define HAVE_PRELOADED_SYMBOLS 1
| #define HAVE_LIBDL 1
| #define HAVE_DLERROR 1
| #define error_t int
| #define HAVE_ASSERT_H 1
| #define HAVE_CTYPE_H 1
| #define HAVE_ERRNO_H 1
| #define HAVE_MEMORY_H 1
| #define HAVE_STDLIB_H 1
| #define HAVE_STDIO_H 1
| #define HAVE_UNISTD_H 1
| #define HAVE_MACH_O_DYLD_H 1
| #define HAVE_STRING_H 1
| #define HAVE_STRCHR 1
| #define HAVE_STRRCHR 1
| #define HAVE_MEMCPY 1
| #define HAVE_MEMMOVE 1
| #define HAVE_STRCMP 1
| #define HAVE_CLOSEDIR 1
| #define HAVE_OPENDIR 1
| #define HAVE_READDIR 1
| #define SIZEOF_UNSIGNED_CHAR 1
| #define SIZEOF_UNSIGNED_SHORT 2
| #define SIZEOF_UNSIGNED_INT 4
| #define SIZEOF_UNSIGNED_LONG 8
| #define SIZEOF_UNSIGNED_LONG_LONG 8
| #define SIZEOF_INT_P 8
| #define HAVE_GETENV 1
| #define BX_HAVE_GETENV 1
| #define HAVE_SETENV 1
| #define BX_HAVE_SETENV 1
| #define HAVE_SNPRINTF 1
| #define BX_HAVE_SNPRINTF 1
| #define HAVE_VSNPRINTF 1
| #define BX_HAVE_VSNPRINTF 1
| #define HAVE_SELECT 1
| #define BX_HAVE_SELECT 1
| #define BX_HAVE_SOCKLEN_T 1
| #define HAVE_STRTOULL 1
| #define BX_HAVE_STRTOULL 1
| #define HAVE_STRTOUQ 1
| #define BX_HAVE_STRTOUQ 1
| #define HAVE_STRDUP 1
| #define BX_HAVE_STRDUP 1
| #define HAVE_STRCASECMP 1
| #define BX_HAVE_STRCASECMP 1
| #define HAVE_MKSTEMP 1
| #define BX_HAVE_MKSTEMP 1
| #define BX_HAVE_SYS_MMAN_H 1
| #define HAVE_GETTIMEOFDAY 1
| #define BX_HAVE_GETTIMEOFDAY 1
| #define HAVE_USLEEP 1
| #define BX_HAVE_USLEEP 1
| #define BX_HAVE___BUILTIN_BSWAP32 1
| #define BX_HAVE___BUILTIN_BSWAP64 1
| /* end confdefs.h.  */
| /* Define fseeko64 to an innocuous variant, in case <limits.h> declares fseeko64.
|    For example, HP-UX 11i <limits.h> declares gettimeofday.  */
| #define fseeko64 innocuous_fseeko64
| 
| /* System header to define __stub macros and hopefully few prototypes,
|     which can conflict with char fseeko64 (); below.
|     Prefer <limits.h> to <assert.h> if __STDC__ is defined, since
|     <limits.h> exists even on freestanding compilers.  */
| 
| #ifdef __STDC__
| # include <limits.h>
| #else
| # include <assert.h>
| #endif
| 
| #undef fseeko64
| 
| /* Override any GCC internal prototype to avoid an error.
|    Use char because int might match the return type of a GCC
|    builtin and then its argument prototype would still apply.  */
| #ifdef __cplusplus
| extern "C"
| #endif
| char fseeko64 ();
| /* The GNU C library defines this for functions which it implements
|     to always fail with ENOSYS.  Some functions are actually named
|     something starting with __ and the normal name is an alias.  */
| #if defined __stub_fseeko64 || defined __stub___fseeko64
| choke me
| #endif
| 
| int
| main ()
| {
| return fseeko64 ();
|   ;
|   return 0;
| }
configure:20838: result: no
configure:20886: checking for sleep
configure:20886: gcc -o conftest  -fpascal-strings -fno-common -Wno-four-char-constants -Wno-unknown-pragmas -Dmacintosh -I/usr/local/opt/openssl@1.1/include -fpascal-strings -fno-common -Wno-four-char-constants -Wno-unknown-pragmas -Dmacintosh -L/usr/local/opt/openssl@1.1/lib conftest.c  >&5
configure:20886: $? = 0
configure:20886: result: yes
configure:20898: checking for nanosleep
configure:20898: gcc -o conftest  -fpascal-strings -fno-common -Wno-four-char-constants -Wno-unknown-pragmas -Dmacintosh -I/usr/local/opt/openssl@1.1/include -fpascal-strings -fno-common -Wno-four-char-constants -Wno-unknown-pragmas -Dmacintosh -L/usr/local/opt/openssl@1.1/lib conftest.c  >&5
configure:20898: $? = 0
configure:20898: result: yes
configure:20910: checking for abort
configure:20910: gcc -o conftest  -fpascal-strings -fno-common -Wno-four-char-constants -Wno-unknown-pragmas -Dmacintosh -I/usr/local/opt/openssl@1.1/include -fpascal-strings -fno-common -Wno-four-char-constants -Wno-unknown-pragmas -Dmacintosh -L/usr/local/opt/openssl@1.1/lib conftest.c  >&5
conftest.c:107:6: warning: incompatible redeclaration of library function 'abort' [-Wincompatible-library-redeclaration]
char abort ();
     ^
conftest.c:107:6: note: 'abort' is a builtin with type 'void (void) __attribute__((noreturn))'
1 warning generated.
configure:20910: $? = 0
configure:20910: result: yes
configure:20920: checking for struct sockaddr_in.sin_len
configure:20920: gcc -c  -fpascal-strings -fno-common -Wno-four-char-constants -Wno-unknown-pragmas -Dmacintosh -I/usr/local/opt/openssl@1.1/include -fpascal-strings -fno-common -Wno-four-char-constants -Wno-unknown-pragmas -Dmacintosh conftest.c >&5
configure:20920: $? = 0
configure:20920: result: yes
configure:20930: checking for timelocal
configure:20930: gcc -o conftest  -fpascal-strings -fno-common -Wno-four-char-constants -Wno-unknown-pragmas -Dmacintosh -I/usr/local/opt/openssl@1.1/include -fpascal-strings -fno-common -Wno-four-char-constants -Wno-unknown-pragmas -Dmacintosh -L/usr/local/opt/openssl@1.1/lib conftest.c  >&5
configure:20930: $? = 0
configure:20930: result: yes
configure:20942: checking for gmtime
configure:20942: gcc -o conftest  -fpascal-strings -fno-common -Wno-four-char-constants -Wno-unknown-pragmas -Dmacintosh -I/usr/local/opt/openssl@1.1/include -fpascal-strings -fno-common -Wno-four-char-constants -Wno-unknown-pragmas -Dmacintosh -L/usr/local/opt/openssl@1.1/lib conftest.c  >&5
configure:20942: $? = 0
configure:20942: result: yes
configure:20954: checking for mktime
configure:20954: gcc -o conftest  -fpascal-strings -fno-common -Wno-four-char-constants -Wno-unknown-pragmas -Dmacintosh -I/usr/local/opt/openssl@1.1/include -fpascal-strings -fno-common -Wno-four-char-constants -Wno-unknown-pragmas -Dmacintosh -L/usr/local/opt/openssl@1.1/lib conftest.c  >&5
configure:20954: $? = 0
configure:20954: result: yes
configure:20973: checking for _FILE_OFFSET_BITS value needed for large files
configure:20994: gcc -c  -fpascal-strings -fno-common -Wno-four-char-constants -Wno-unknown-pragmas -Dmacintosh -I/usr/local/opt/openssl@1.1/include -fpascal-strings -fno-common -Wno-four-char-constants -Wno-unknown-pragmas -Dmacintosh conftest.c >&5
configure:20994: $? = 0
configure:21003: result: 64
configure:21059: checking if large file support is available
configure:21065: result: yes
configure:21088: checking for cos
configure:21088: gcc -o conftest  -fpascal-strings -fno-common -Wno-four-char-constants -Wno-unknown-pragmas -Dmacintosh -D_FILE_OFFSET_BITS=64 -D_LARGE_FILES -I/usr/local/opt/openssl@1.1/include -fpascal-strings -fno-common -Wno-four-char-constants -Wno-unknown-pragmas -Dmacintosh -D_FILE_OFFSET_BITS=64 -D_LARGE_FILES -L/usr/local/opt/openssl@1.1/lib conftest.c  >&5
conftest.c:118:6: warning: incompatible redeclaration of library function 'cos' [-Wincompatible-library-redeclaration]
char cos ();
     ^
conftest.c:118:6: note: 'cos' is a builtin with type 'double (double)'
1 warning generated.
configure:21088: $? = 0
configure:21088: result: yes
configure:21099: checking for floor
configure:21099: gcc -o conftest  -fpascal-strings -fno-common -Wno-four-char-constants -Wno-unknown-pragmas -Dmacintosh -D_FILE_OFFSET_BITS=64 -D_LARGE_FILES -I/usr/local/opt/openssl@1.1/include -fpascal-strings -fno-common -Wno-four-char-constants -Wno-unknown-pragmas -Dmacintosh -D_FILE_OFFSET_BITS=64 -D_LARGE_FILES -L/usr/local/opt/openssl@1.1/lib conftest.c  >&5
conftest.c:119:6: warning: incompatible redeclaration of library function 'floor' [-Wincompatible-library-redeclaration]
char floor ();
     ^
conftest.c:119:6: note: 'floor' is a builtin with type 'double (double)'
1 warning generated.
configure:21099: $? = 0
configure:21099: result: yes
configure:21108: checking if math functions link without -lm
configure:21111: result: yes
configure:21155: checking if compiler allows __attribute__
configure:21168: gcc -c  -fpascal-strings -fno-common -Wno-four-char-constants -Wno-unknown-pragmas -Dmacintosh -D_FILE_OFFSET_BITS=64 -D_LARGE_FILES -I/usr/local/opt/openssl@1.1/include -fpascal-strings -fno-common -Wno-four-char-constants -Wno-unknown-pragmas -Dmacintosh -D_FILE_OFFSET_BITS=64 -D_LARGE_FILES conftest.c >&5
configure:21168: $? = 0
configure:21169: result: yes
configure:21188: checking for set
configure:21201: g++ -c  -fpascal-strings -fno-common -Wno-four-char-constants -Wno-unknown-pragmas -Dmacintosh -D_FILE_OFFSET_BITS=64 -D_LARGE_FILES -I/usr/local/opt/openssl@1.1/include -fpascal-strings -fno-common -Wno-four-char-constants -Wno-unknown-pragmas -Dmacintosh -D_FILE_OFFSET_BITS=64 -D_LARGE_FILES conftest.cpp >&5
configure:21201: $? = 0
configure:21203: result: yes
configure:21213: checking for set.h
configure:21226: g++ -c  -fpascal-strings -fno-common -Wno-four-char-constants -Wno-unknown-pragmas -Dmacintosh -D_FILE_OFFSET_BITS=64 -D_LARGE_FILES -I/usr/local/opt/openssl@1.1/include -fpascal-strings -fno-common -Wno-four-char-constants -Wno-unknown-pragmas -Dmacintosh -D_FILE_OFFSET_BITS=64 -D_LARGE_FILES conftest.cpp >&5
conftest.cpp:98:10: fatal error: 'set.h' file not found
#include <set.h>
         ^~~~~~~
1 error generated.
configure:21226: $? = 1
configure: failed program was:
| /* confdefs.h */
| #define PACKAGE_NAME ""
| #define PACKAGE_TARNAME ""
| #define PACKAGE_VERSION ""
| #define PACKAGE_STRING ""
| #define PACKAGE_BUGREPORT ""
| #define PACKAGE_URL ""
| #define STDC_HEADERS 1
| #define HAVE_SYS_TYPES_H 1
| #define HAVE_SYS_STAT_H 1
| #define HAVE_STDLIB_H 1
| #define HAVE_STRING_H 1
| #define HAVE_MEMORY_H 1
| #define HAVE_STRINGS_H 1
| #define HAVE_INTTYPES_H 1
| #define HAVE_STDINT_H 1
| #define HAVE_UNISTD_H 1
| #define HAVE_DLFCN_H 1
| #define HAVE_DIRENT_H 1
| #define LTDL_SHLIB_EXT ".so"
| #define LTDL_SHLIBPATH_VAR "DYLD_LIBRARY_PATH"
| #define LTDL_SYSSEARCHPATH "/usr/local/lib:/lib:/usr/lib"
| #define LTDL_OBJDIR ".libs/"
| #define HAVE_PRELOADED_SYMBOLS 1
| #define HAVE_LIBDL 1
| #define HAVE_DLERROR 1
| #define error_t int
| #define HAVE_ASSERT_H 1
| #define HAVE_CTYPE_H 1
| #define HAVE_ERRNO_H 1
| #define HAVE_MEMORY_H 1
| #define HAVE_STDLIB_H 1
| #define HAVE_STDIO_H 1
| #define HAVE_UNISTD_H 1
| #define HAVE_MACH_O_DYLD_H 1
| #define HAVE_STRING_H 1
| #define HAVE_STRCHR 1
| #define HAVE_STRRCHR 1
| #define HAVE_MEMCPY 1
| #define HAVE_MEMMOVE 1
| #define HAVE_STRCMP 1
| #define HAVE_CLOSEDIR 1
| #define HAVE_OPENDIR 1
| #define HAVE_READDIR 1
| #define SIZEOF_UNSIGNED_CHAR 1
| #define SIZEOF_UNSIGNED_SHORT 2
| #define SIZEOF_UNSIGNED_INT 4
| #define SIZEOF_UNSIGNED_LONG 8
| #define SIZEOF_UNSIGNED_LONG_LONG 8
| #define SIZEOF_INT_P 8
| #define HAVE_GETENV 1
| #define BX_HAVE_GETENV 1
| #define HAVE_SETENV 1
| #define BX_HAVE_SETENV 1
| #define HAVE_SNPRINTF 1
| #define BX_HAVE_SNPRINTF 1
| #define HAVE_VSNPRINTF 1
| #define BX_HAVE_VSNPRINTF 1
| #define HAVE_SELECT 1
| #define BX_HAVE_SELECT 1
| #define BX_HAVE_SOCKLEN_T 1
| #define HAVE_STRTOULL 1
| #define BX_HAVE_STRTOULL 1
| #define HAVE_STRTOUQ 1
| #define BX_HAVE_STRTOUQ 1
| #define HAVE_STRDUP 1
| #define BX_HAVE_STRDUP 1
| #define HAVE_STRCASECMP 1
| #define BX_HAVE_STRCASECMP 1
| #define HAVE_MKSTEMP 1
| #define BX_HAVE_MKSTEMP 1
| #define BX_HAVE_SYS_MMAN_H 1
| #define HAVE_GETTIMEOFDAY 1
| #define BX_HAVE_GETTIMEOFDAY 1
| #define HAVE_USLEEP 1
| #define BX_HAVE_USLEEP 1
| #define BX_HAVE___BUILTIN_BSWAP32 1
| #define BX_HAVE___BUILTIN_BSWAP64 1
| #define HAVE_SLEEP 1
| #define BX_HAVE_SLEEP 1
| #define HAVE_NANOSLEEP 1
| #define BX_HAVE_NANOSLEEP 1
| #define HAVE_ABORT 1
| #define BX_HAVE_ABORT 1
| #define BX_HAVE_SOCKADDR_IN_SIN_LEN 1
| #define HAVE_TIMELOCAL 1
| #define BX_HAVE_TIMELOCAL 1
| #define HAVE_GMTIME 1
| #define BX_HAVE_GMTIME 1
| #define HAVE_MKTIME 1
| #define BX_HAVE_MKTIME 1
| #define _FILE_OFFSET_BITS 64
| #define HAVE_LARGEFILE_SUPPORT 1
| #define HAVE_COS 1
| #define HAVE_FLOOR 1
| #define BX_HAVE_SET 1
| /* end confdefs.h.  */
| #include <set.h>
| int
| main ()
| {
| 
|   ;
|   return 0;
| }
configure:21234: result: no
configure:21238: checking for map
configure:21251: g++ -c  -fpascal-strings -fno-common -Wno-four-char-constants -Wno-unknown-pragmas -Dmacintosh -D_FILE_OFFSET_BITS=64 -D_LARGE_FILES -I/usr/local/opt/openssl@1.1/include -fpascal-strings -fno-common -Wno-four-char-constants -Wno-unknown-pragmas -Dmacintosh -D_FILE_OFFSET_BITS=64 -D_LARGE_FILES conftest.cpp >&5
configure:21251: $? = 0
configure:21253: result: yes
configure:21263: checking for map.h
configure:21276: g++ -c  -fpascal-strings -fno-common -Wno-four-char-constants -Wno-unknown-pragmas -Dmacintosh -D_FILE_OFFSET_BITS=64 -D_LARGE_FILES -I/usr/local/opt/openssl@1.1/include -fpascal-strings -fno-common -Wno-four-char-constants -Wno-unknown-pragmas -Dmacintosh -D_FILE_OFFSET_BITS=64 -D_LARGE_FILES conftest.cpp >&5
conftest.cpp:99:10: fatal error: 'map.h' file not found
#include <map.h>
         ^~~~~~~
1 error generated.
configure:21276: $? = 1
configure: failed program was:
| /* confdefs.h */
| #define PACKAGE_NAME ""
| #define PACKAGE_TARNAME ""
| #define PACKAGE_VERSION ""
| #define PACKAGE_STRING ""
| #define PACKAGE_BUGREPORT ""
| #define PACKAGE_URL ""
| #define STDC_HEADERS 1
| #define HAVE_SYS_TYPES_H 1
| #define HAVE_SYS_STAT_H 1
| #define HAVE_STDLIB_H 1
| #define HAVE_STRING_H 1
| #define HAVE_MEMORY_H 1
| #define HAVE_STRINGS_H 1
| #define HAVE_INTTYPES_H 1
| #define HAVE_STDINT_H 1
| #define HAVE_UNISTD_H 1
| #define HAVE_DLFCN_H 1
| #define HAVE_DIRENT_H 1
| #define LTDL_SHLIB_EXT ".so"
| #define LTDL_SHLIBPATH_VAR "DYLD_LIBRARY_PATH"
| #define LTDL_SYSSEARCHPATH "/usr/local/lib:/lib:/usr/lib"
| #define LTDL_OBJDIR ".libs/"
| #define HAVE_PRELOADED_SYMBOLS 1
| #define HAVE_LIBDL 1
| #define HAVE_DLERROR 1
| #define error_t int
| #define HAVE_ASSERT_H 1
| #define HAVE_CTYPE_H 1
| #define HAVE_ERRNO_H 1
| #define HAVE_MEMORY_H 1
| #define HAVE_STDLIB_H 1
| #define HAVE_STDIO_H 1
| #define HAVE_UNISTD_H 1
| #define HAVE_MACH_O_DYLD_H 1
| #define HAVE_STRING_H 1
| #define HAVE_STRCHR 1
| #define HAVE_STRRCHR 1
| #define HAVE_MEMCPY 1
| #define HAVE_MEMMOVE 1
| #define HAVE_STRCMP 1
| #define HAVE_CLOSEDIR 1
| #define HAVE_OPENDIR 1
| #define HAVE_READDIR 1
| #define SIZEOF_UNSIGNED_CHAR 1
| #define SIZEOF_UNSIGNED_SHORT 2
| #define SIZEOF_UNSIGNED_INT 4
| #define SIZEOF_UNSIGNED_LONG 8
| #define SIZEOF_UNSIGNED_LONG_LONG 8
| #define SIZEOF_INT_P 8
| #define HAVE_GETENV 1
| #define BX_HAVE_GETENV 1
| #define HAVE_SETENV 1
| #define BX_HAVE_SETENV 1
| #define HAVE_SNPRINTF 1
| #define BX_HAVE_SNPRINTF 1
| #define HAVE_VSNPRINTF 1
| #define BX_HAVE_VSNPRINTF 1
| #define HAVE_SELECT 1
| #define BX_HAVE_SELECT 1
| #define BX_HAVE_SOCKLEN_T 1
| #define HAVE_STRTOULL 1
| #define BX_HAVE_STRTOULL 1
| #define HAVE_STRTOUQ 1
| #define BX_HAVE_STRTOUQ 1
| #define HAVE_STRDUP 1
| #define BX_HAVE_STRDUP 1
| #define HAVE_STRCASECMP 1
| #define BX_HAVE_STRCASECMP 1
| #define HAVE_MKSTEMP 1
| #define BX_HAVE_MKSTEMP 1
| #define BX_HAVE_SYS_MMAN_H 1
| #define HAVE_GETTIMEOFDAY 1
| #define BX_HAVE_GETTIMEOFDAY 1
| #define HAVE_USLEEP 1
| #define BX_HAVE_USLEEP 1
| #define BX_HAVE___BUILTIN_BSWAP32 1
| #define BX_HAVE___BUILTIN_BSWAP64 1
| #define HAVE_SLEEP 1
| #define BX_HAVE_SLEEP 1
| #define HAVE_NANOSLEEP 1
| #define BX_HAVE_NANOSLEEP 1
| #define HAVE_ABORT 1
| #define BX_HAVE_ABORT 1
| #define BX_HAVE_SOCKADDR_IN_SIN_LEN 1
| #define HAVE_TIMELOCAL 1
| #define BX_HAVE_TIMELOCAL 1
| #define HAVE_GMTIME 1
| #define BX_HAVE_GMTIME 1
| #define HAVE_MKTIME 1
| #define BX_HAVE_MKTIME 1
| #define _FILE_OFFSET_BITS 64
| #define HAVE_LARGEFILE_SUPPORT 1
| #define HAVE_COS 1
| #define HAVE_FLOOR 1
| #define BX_HAVE_SET 1
| #define BX_HAVE_MAP 1
| /* end confdefs.h.  */
| #include <map.h>
| int
| main ()
| {
| 
|   ;
|   return 0;
| }
configure:21284: result: no
configure:21559: checking for idle hack
configure:21576: result: no
configure:21586: checking for dlfcn.h
configure:21586: result: yes
configure:21593: checking for assert.h
configure:21593: result: yes
configure:21601: checking for plugins support
configure:21686: result: no
configure:21761: checking if compiler allows LL for 64-bit constants
configure:21774: gcc -c  -fpascal-strings -fno-common -Wno-four-char-constants -Wno-unknown-pragmas -Dmacintosh -D_FILE_OFFSET_BITS=64 -D_LARGE_FILES -I/usr/local/opt/openssl@1.1/include -fpascal-strings -fno-common -Wno-four-char-constants -Wno-unknown-pragmas -Dmacintosh -D_FILE_OFFSET_BITS=64 -D_LARGE_FILES conftest.c >&5
conftest.c:107:4: warning: expression result unused [-Wunused-value]
 { 42LL; }
   ^~~~
1 warning generated.
configure:21774: $? = 0
configure:21775: result: yes
configure:21787: checking for A20 support
configure:21805: result: yes
configure:21815: checking for x86-64 support
configure:21820: result: yes
configure:21848: checking for SMP support
configure:21869: result: no
configure:21878: checking for cpu level
configure:21902: result: 6
configure:21935: checking for larger than 32 bit physical address emulation
configure:21954: result: yes
configure:21969: checking for large ramfile support
configure:21986: result: yes
configure:21998: checking for NE2000 support
configure:22003: result: yes
configure:22026: checking for i440FX PCI support
configure:22031: result: yes
configure:22062: checking for PCI host device mapping support
configure:22122: result: no
configure:22133: checking for USB UHCI support
configure:22138: result: yes
configure:22161: checking for USB OHCI support
configure:22166: result: yes
configure:22189: checking for experimental USB xHCI support
configure:22208: result: no
configure:22231: checking for PCI pseudo NIC support
configure:22250: result: no
configure:22259: checking for Intel(R) Gigabit Ethernet support
configure:22264: result: yes
configure:22291: checking net/bpf.h usability
configure:22291: gcc -c  -fpascal-strings -fno-common -Wno-four-char-constants -Wno-unknown-pragmas -Dmacintosh -D_FILE_OFFSET_BITS=64 -D_LARGE_FILES -I/usr/local/opt/openssl@1.1/include -fpascal-strings -fno-common -Wno-four-char-constants -Wno-unknown-pragmas -Dmacintosh -D_FILE_OFFSET_BITS=64 -D_LARGE_FILES conftest.c >&5
configure:22291: $? = 0
configure:22291: result: yes
configure:22291: checking net/bpf.h presence
configure:22291: gcc -E -I/usr/local/opt/openssl@1.1/include -fpascal-strings -fno-common -Wno-four-char-constants -Wno-unknown-pragmas -Dmacintosh -D_FILE_OFFSET_BITS=64 -D_LARGE_FILES conftest.c
configure:22291: $? = 0
configure:22291: result: yes
configure:22291: checking for net/bpf.h
configure:22291: result: yes
configure:22301: checking netpacket/packet.h usability
configure:22301: gcc -c  -fpascal-strings -fno-common -Wno-four-char-constants -Wno-unknown-pragmas -Dmacintosh -D_FILE_OFFSET_BITS=64 -D_LARGE_FILES -I/usr/local/opt/openssl@1.1/include -fpascal-strings -fno-common -Wno-four-char-constants -Wno-unknown-pragmas -Dmacintosh -D_FILE_OFFSET_BITS=64 -D_LARGE_FILES conftest.c >&5
conftest.c:151:10: fatal error: 'netpacket/packet.h' file not found
#include <netpacket/packet.h>
         ^~~~~~~~~~~~~~~~~~~~
1 error generated.
configure:22301: $? = 1
configure: failed program was:
| /* confdefs.h */
| #define PACKAGE_NAME ""
| #define PACKAGE_TARNAME ""
| #define PACKAGE_VERSION ""
| #define PACKAGE_STRING ""
| #define PACKAGE_BUGREPORT ""
| #define PACKAGE_URL ""
| #define STDC_HEADERS 1
| #define HAVE_SYS_TYPES_H 1
| #define HAVE_SYS_STAT_H 1
| #define HAVE_STDLIB_H 1
| #define HAVE_STRING_H 1
| #define HAVE_MEMORY_H 1
| #define HAVE_STRINGS_H 1
| #define HAVE_INTTYPES_H 1
| #define HAVE_STDINT_H 1
| #define HAVE_UNISTD_H 1
| #define HAVE_DLFCN_H 1
| #define HAVE_DIRENT_H 1
| #define LTDL_SHLIB_EXT ".so"
| #define LTDL_SHLIBPATH_VAR "DYLD_LIBRARY_PATH"
| #define LTDL_SYSSEARCHPATH "/usr/local/lib:/lib:/usr/lib"
| #define LTDL_OBJDIR ".libs/"
| #define HAVE_PRELOADED_SYMBOLS 1
| #define HAVE_LIBDL 1
| #define HAVE_DLERROR 1
| #define error_t int
| #define HAVE_ASSERT_H 1
| #define HAVE_CTYPE_H 1
| #define HAVE_ERRNO_H 1
| #define HAVE_MEMORY_H 1
| #define HAVE_STDLIB_H 1
| #define HAVE_STDIO_H 1
| #define HAVE_UNISTD_H 1
| #define HAVE_MACH_O_DYLD_H 1
| #define HAVE_STRING_H 1
| #define HAVE_STRCHR 1
| #define HAVE_STRRCHR 1
| #define HAVE_MEMCPY 1
| #define HAVE_MEMMOVE 1
| #define HAVE_STRCMP 1
| #define HAVE_CLOSEDIR 1
| #define HAVE_OPENDIR 1
| #define HAVE_READDIR 1
| #define SIZEOF_UNSIGNED_CHAR 1
| #define SIZEOF_UNSIGNED_SHORT 2
| #define SIZEOF_UNSIGNED_INT 4
| #define SIZEOF_UNSIGNED_LONG 8
| #define SIZEOF_UNSIGNED_LONG_LONG 8
| #define SIZEOF_INT_P 8
| #define HAVE_GETENV 1
| #define BX_HAVE_GETENV 1
| #define HAVE_SETENV 1
| #define BX_HAVE_SETENV 1
| #define HAVE_SNPRINTF 1
| #define BX_HAVE_SNPRINTF 1
| #define HAVE_VSNPRINTF 1
| #define BX_HAVE_VSNPRINTF 1
| #define HAVE_SELECT 1
| #define BX_HAVE_SELECT 1
| #define BX_HAVE_SOCKLEN_T 1
| #define HAVE_STRTOULL 1
| #define BX_HAVE_STRTOULL 1
| #define HAVE_STRTOUQ 1
| #define BX_HAVE_STRTOUQ 1
| #define HAVE_STRDUP 1
| #define BX_HAVE_STRDUP 1
| #define HAVE_STRCASECMP 1
| #define BX_HAVE_STRCASECMP 1
| #define HAVE_MKSTEMP 1
| #define BX_HAVE_MKSTEMP 1
| #define BX_HAVE_SYS_MMAN_H 1
| #define HAVE_GETTIMEOFDAY 1
| #define BX_HAVE_GETTIMEOFDAY 1
| #define HAVE_USLEEP 1
| #define BX_HAVE_USLEEP 1
| #define BX_HAVE___BUILTIN_BSWAP32 1
| #define BX_HAVE___BUILTIN_BSWAP64 1
| #define HAVE_SLEEP 1
| #define BX_HAVE_SLEEP 1
| #define HAVE_NANOSLEEP 1
| #define BX_HAVE_NANOSLEEP 1
| #define HAVE_ABORT 1
| #define BX_HAVE_ABORT 1
| #define BX_HAVE_SOCKADDR_IN_SIN_LEN 1
| #define HAVE_TIMELOCAL 1
| #define BX_HAVE_TIMELOCAL 1
| #define HAVE_GMTIME 1
| #define BX_HAVE_GMTIME 1
| #define HAVE_MKTIME 1
| #define BX_HAVE_MKTIME 1
| #define _FILE_OFFSET_BITS 64
| #define HAVE_LARGEFILE_SUPPORT 1
| #define HAVE_COS 1
| #define HAVE_FLOOR 1
| #define BX_HAVE_SET 1
| #define BX_HAVE_MAP 1
| #define BX_USE_IDLE_HACK 0
| #define BX_HAVE_DLFCN_H 1
| #define HAVE_ASSERT_H 1
| #define BX_PLUGINS 0
| #define BX_SUPPORT_A20 1
| #define BX_SUPPORT_X86_64 1
| #define BX_SUPPORT_SMP 0
| #define BX_CPU_LEVEL 6
| #define BX_PHY_ADDRESS_LONG 1
| #define BX_LARGE_RAMFILE 1
| #define BX_SUPPORT_NE2K 1
| #define BX_SUPPORT_PCI 1
| #define BX_SUPPORT_PCIDEV 0
| #define BX_SUPPORT_USB_UHCI 1
| #define BX_SUPPORT_USB_OHCI 1
| #define BX_SUPPORT_USB_XHCI 0
| #define BX_SUPPORT_PCIPNIC 0
| #define BX_SUPPORT_E1000 1
| #define BX_NETMOD_FBSD 1
| /* end confdefs.h.  */
| #include <stdio.h>
| #ifdef HAVE_SYS_TYPES_H
| # include <sys/types.h>
| #endif
| #ifdef HAVE_SYS_STAT_H
| # include <sys/stat.h>
| #endif
| #ifdef STDC_HEADERS
| # include <stdlib.h>
| # include <stddef.h>
| #else
| # ifdef HAVE_STDLIB_H
| #  include <stdlib.h>
| # endif
| #endif
| #ifdef HAVE_STRING_H
| # if !defined STDC_HEADERS && defined HAVE_MEMORY_H
| #  include <memory.h>
| # endif
| # include <string.h>
| #endif
| #ifdef HAVE_STRINGS_H
| # include <strings.h>
| #endif
| #ifdef HAVE_INTTYPES_H
| # include <inttypes.h>
| #endif
| #ifdef HAVE_STDINT_H
| # include <stdint.h>
| #endif
| #ifdef HAVE_UNISTD_H
| # include <unistd.h>
| #endif
| #include <netpacket/packet.h>
configure:22301: result: no
configure:22301: checking netpacket/packet.h presence
configure:22301: gcc -E -I/usr/local/opt/openssl@1.1/include -fpascal-strings -fno-common -Wno-four-char-constants -Wno-unknown-pragmas -Dmacintosh -D_FILE_OFFSET_BITS=64 -D_LARGE_FILES conftest.c
conftest.c:118:10: fatal error: 'netpacket/packet.h' file not found
#include <netpacket/packet.h>
         ^~~~~~~~~~~~~~~~~~~~
1 error generated.
configure:22301: $? = 1
configure: failed program was:
| /* confdefs.h */
| #define PACKAGE_NAME ""
| #define PACKAGE_TARNAME ""
| #define PACKAGE_VERSION ""
| #define PACKAGE_STRING ""
| #define PACKAGE_BUGREPORT ""
| #define PACKAGE_URL ""
| #define STDC_HEADERS 1
| #define HAVE_SYS_TYPES_H 1
| #define HAVE_SYS_STAT_H 1
| #define HAVE_STDLIB_H 1
| #define HAVE_STRING_H 1
| #define HAVE_MEMORY_H 1
| #define HAVE_STRINGS_H 1
| #define HAVE_INTTYPES_H 1
| #define HAVE_STDINT_H 1
| #define HAVE_UNISTD_H 1
| #define HAVE_DLFCN_H 1
| #define HAVE_DIRENT_H 1
| #define LTDL_SHLIB_EXT ".so"
| #define LTDL_SHLIBPATH_VAR "DYLD_LIBRARY_PATH"
| #define LTDL_SYSSEARCHPATH "/usr/local/lib:/lib:/usr/lib"
| #define LTDL_OBJDIR ".libs/"
| #define HAVE_PRELOADED_SYMBOLS 1
| #define HAVE_LIBDL 1
| #define HAVE_DLERROR 1
| #define error_t int
| #define HAVE_ASSERT_H 1
| #define HAVE_CTYPE_H 1
| #define HAVE_ERRNO_H 1
| #define HAVE_MEMORY_H 1
| #define HAVE_STDLIB_H 1
| #define HAVE_STDIO_H 1
| #define HAVE_UNISTD_H 1
| #define HAVE_MACH_O_DYLD_H 1
| #define HAVE_STRING_H 1
| #define HAVE_STRCHR 1
| #define HAVE_STRRCHR 1
| #define HAVE_MEMCPY 1
| #define HAVE_MEMMOVE 1
| #define HAVE_STRCMP 1
| #define HAVE_CLOSEDIR 1
| #define HAVE_OPENDIR 1
| #define HAVE_READDIR 1
| #define SIZEOF_UNSIGNED_CHAR 1
| #define SIZEOF_UNSIGNED_SHORT 2
| #define SIZEOF_UNSIGNED_INT 4
| #define SIZEOF_UNSIGNED_LONG 8
| #define SIZEOF_UNSIGNED_LONG_LONG 8
| #define SIZEOF_INT_P 8
| #define HAVE_GETENV 1
| #define BX_HAVE_GETENV 1
| #define HAVE_SETENV 1
| #define BX_HAVE_SETENV 1
| #define HAVE_SNPRINTF 1
| #define BX_HAVE_SNPRINTF 1
| #define HAVE_VSNPRINTF 1
| #define BX_HAVE_VSNPRINTF 1
| #define HAVE_SELECT 1
| #define BX_HAVE_SELECT 1
| #define BX_HAVE_SOCKLEN_T 1
| #define HAVE_STRTOULL 1
| #define BX_HAVE_STRTOULL 1
| #define HAVE_STRTOUQ 1
| #define BX_HAVE_STRTOUQ 1
| #define HAVE_STRDUP 1
| #define BX_HAVE_STRDUP 1
| #define HAVE_STRCASECMP 1
| #define BX_HAVE_STRCASECMP 1
| #define HAVE_MKSTEMP 1
| #define BX_HAVE_MKSTEMP 1
| #define BX_HAVE_SYS_MMAN_H 1
| #define HAVE_GETTIMEOFDAY 1
| #define BX_HAVE_GETTIMEOFDAY 1
| #define HAVE_USLEEP 1
| #define BX_HAVE_USLEEP 1
| #define BX_HAVE___BUILTIN_BSWAP32 1
| #define BX_HAVE___BUILTIN_BSWAP64 1
| #define HAVE_SLEEP 1
| #define BX_HAVE_SLEEP 1
| #define HAVE_NANOSLEEP 1
| #define BX_HAVE_NANOSLEEP 1
| #define HAVE_ABORT 1
| #define BX_HAVE_ABORT 1
| #define BX_HAVE_SOCKADDR_IN_SIN_LEN 1
| #define HAVE_TIMELOCAL 1
| #define BX_HAVE_TIMELOCAL 1
| #define HAVE_GMTIME 1
| #define BX_HAVE_GMTIME 1
| #define HAVE_MKTIME 1
| #define BX_HAVE_MKTIME 1
| #define _FILE_OFFSET_BITS 64
| #define HAVE_LARGEFILE_SUPPORT 1
| #define HAVE_COS 1
| #define HAVE_FLOOR 1
| #define BX_HAVE_SET 1
| #define BX_HAVE_MAP 1
| #define BX_USE_IDLE_HACK 0
| #define BX_HAVE_DLFCN_H 1
| #define HAVE_ASSERT_H 1
| #define BX_PLUGINS 0
| #define BX_SUPPORT_A20 1
| #define BX_SUPPORT_X86_64 1
| #define BX_SUPPORT_SMP 0
| #define BX_CPU_LEVEL 6
| #define BX_PHY_ADDRESS_LONG 1
| #define BX_LARGE_RAMFILE 1
| #define BX_SUPPORT_NE2K 1
| #define BX_SUPPORT_PCI 1
| #define BX_SUPPORT_PCIDEV 0
| #define BX_SUPPORT_USB_UHCI 1
| #define BX_SUPPORT_USB_OHCI 1
| #define BX_SUPPORT_USB_XHCI 0
| #define BX_SUPPORT_PCIPNIC 0
| #define BX_SUPPORT_E1000 1
| #define BX_NETMOD_FBSD 1
| /* end confdefs.h.  */
| #include <netpacket/packet.h>
configure:22301: result: no
configure:22301: checking for netpacket/packet.h
configure:22301: result: no
configure:22313: checking for fork
configure:22313: gcc -o conftest  -fpascal-strings -fno-common -Wno-four-char-constants -Wno-unknown-pragmas -Dmacintosh -D_FILE_OFFSET_BITS=64 -D_LARGE_FILES -I/usr/local/opt/openssl@1.1/include -fpascal-strings -fno-common -Wno-four-char-constants -Wno-unknown-pragmas -Dmacintosh -D_FILE_OFFSET_BITS=64 -D_LARGE_FILES -L/usr/local/opt/openssl@1.1/lib conftest.c  >&5
configure:22313: $? = 0
configure:22313: result: yes
configure:22324: checking for execlp
configure:22324: gcc -o conftest  -fpascal-strings -fno-common -Wno-four-char-constants -Wno-unknown-pragmas -Dmacintosh -D_FILE_OFFSET_BITS=64 -D_LARGE_FILES -I/usr/local/opt/openssl@1.1/include -fpascal-strings -fno-common -Wno-four-char-constants -Wno-unknown-pragmas -Dmacintosh -D_FILE_OFFSET_BITS=64 -D_LARGE_FILES -L/usr/local/opt/openssl@1.1/lib conftest.c  >&5
configure:22324: $? = 0
configure:22324: result: yes
configure:22335: checking for socketpair
configure:22335: gcc -o conftest  -fpascal-strings -fno-common -Wno-four-char-constants -Wno-unknown-pragmas -Dmacintosh -D_FILE_OFFSET_BITS=64 -D_LARGE_FILES -I/usr/local/opt/openssl@1.1/include -fpascal-strings -fno-common -Wno-four-char-constants -Wno-unknown-pragmas -Dmacintosh -D_FILE_OFFSET_BITS=64 -D_LARGE_FILES -L/usr/local/opt/openssl@1.1/lib conftest.c  >&5
configure:22335: $? = 0
configure:22335: result: yes
configure:22444: checking for repeated IO and mem copy speedups
configure:22459: result: no
configure:22467: checking for gcc fast function calls optimization
configure:22482: result: no
configure:22490: checking for handlers chaining speedups
configure:22505: result: no
configure:22513: checking support for configurable MSR registers
configure:22531: result: yes
configure:22546: checking show IPS
configure:22563: result: yes
configure:22572: checking for use of .cpp as suffix
configure:22589: result: no
configure:22617: checking for Bochs internal debugger support
configure:22622: result: yes
configure:22630: checking for flex
configure:22648: found /usr/bin/flex
configure:22661: result: /usr/bin/flex
configure:22671: checking for yacc
configure:22689: found /usr/bin/yacc
configure:22702: result: /usr/bin/yacc
configure:22710: checking whether to generate parser / lexer files
configure:22717: result: yes
configure:22745: checking for disassembler support
configure:22750: result: yes
configure:22778: checking enable Bochs internal debugger GUI
configure:22789: result: no
configure:22816: checking for gdb stub enable
configure:22839: result: no
configure:22851: checking for I/O Interface to the debugger
configure:22873: result: yes
configure:22889: checking for ALL optimizations enabled
configure:22894: result: yes
configure:22964: checking whether user wants readline
configure:22979: result: yes
configure:22988: checking whether to use readline
configure:22993: checking if readline works without -lcurses
configure:23011: gcc -o conftest  -fpascal-strings -fno-common -Wno-four-char-constants -Wno-unknown-pragmas -Dmacintosh -D_FILE_OFFSET_BITS=64 -D_LARGE_FILES -I/usr/local/opt/openssl@1.1/include -fpascal-strings -fno-common -Wno-four-char-constants -Wno-unknown-pragmas -Dmacintosh -D_FILE_OFFSET_BITS=64 -D_LARGE_FILES -L/usr/local/opt/openssl@1.1/lib conftest.c  -lreadline >&5
conftest.c:137:37: warning: implicitly declaring library function 'exit' with type 'void (int) __attribute__((noreturn))' [-Wimplicit-function-declaration]
      int main() { rl_initialize(); exit(0); }
                                    ^
conftest.c:137:37: note: include the header <stdlib.h> or explicitly provide a declaration for 'exit'
1 warning generated.
configure:23011: $? = 0
configure:23011: ./conftest
configure:23011: $? = 0
configure:23012: result: yes
configure:23024: checking if readline works with -lcurses
configure:23041: gcc -o conftest  -fpascal-strings -fno-common -Wno-four-char-constants -Wno-unknown-pragmas -Dmacintosh -D_FILE_OFFSET_BITS=64 -D_LARGE_FILES -I/usr/local/opt/openssl@1.1/include -fpascal-strings -fno-common -Wno-four-char-constants -Wno-unknown-pragmas -Dmacintosh -D_FILE_OFFSET_BITS=64 -D_LARGE_FILES -L/usr/local/opt/openssl@1.1/lib conftest.c  -lreadline -lcurses >&5
conftest.c:137:37: warning: implicitly declaring library function 'exit' with type 'void (int) __attribute__((noreturn))' [-Wimplicit-function-declaration]
      int main() { rl_initialize(); exit(0); }
                                    ^
conftest.c:137:37: note: include the header <stdlib.h> or explicitly provide a declaration for 'exit'
1 warning generated.
configure:23041: $? = 0
configure:23041: ./conftest
configure:23041: $? = 0
configure:23042: result: yes
configure:23057: result: yes
configure:23085: checking readline/history.h usability
configure:23085: gcc -c  -fpascal-strings -fno-common -Wno-four-char-constants -Wno-unknown-pragmas -Dmacintosh -D_FILE_OFFSET_BITS=64 -D_LARGE_FILES -I/usr/local/opt/openssl@1.1/include -fpascal-strings -fno-common -Wno-four-char-constants -Wno-unknown-pragmas -Dmacintosh -D_FILE_OFFSET_BITS=64 -D_LARGE_FILES conftest.c >&5
configure:23085: $? = 0
configure:23085: result: yes
configure:23085: checking readline/history.h presence
configure:23085: gcc -E -I/usr/local/opt/openssl@1.1/include -fpascal-strings -fno-common -Wno-four-char-constants -Wno-unknown-pragmas -Dmacintosh -D_FILE_OFFSET_BITS=64 -D_LARGE_FILES conftest.c
configure:23085: $? = 0
configure:23085: result: yes
configure:23085: checking for readline/history.h
configure:23085: result: yes
configure:23096: checking for instrumentation support
configure:23122: result: no
configure:23145: checking enable logging
configure:23162: result: yes
configure:23171: checking enable assert checks
configure:23189: result: yes
configure:23204: checking for raw serial support
configure:23221: result: no
configure:23230: checking for CLGD54XX emulation
configure:23247: result: no
configure:23257: checking for FPU emulation
configure:23282: result: yes
configure:23294: checking for VMX support
configure:23315: result: 2
configure:23346: checking for SVM support
configure:23365: result: no
configure:23382: checking for 3DNow! support
configure:23400: result: no
configure:23409: checking for alignment check support
configure:23428: result: yes
configure:23443: checking for misaligned SSE support
configure:23461: result: no
configure:23470: checking for MONITOR/MWAIT instructions support (experimental)
configure:23489: result: yes
configure:23505: checking for AVX instructions support
configure:23524: result: no
configure:23537: checking for x86 debugger support
configure:23555: result: no
configure:23564: checking for CDROM support
configure:23580: result: yes
configure:23590: checking IOKit/storage/IOCDMedia.h usability
configure:23590: gcc -c  -fpascal-strings -fno-common -Wno-four-char-constants -Wno-unknown-pragmas -Dmacintosh -D_FILE_OFFSET_BITS=64 -D_LARGE_FILES -I/usr/local/opt/openssl@1.1/include -fpascal-strings -fno-common -Wno-four-char-constants -Wno-unknown-pragmas -Dmacintosh -D_FILE_OFFSET_BITS=64 -D_LARGE_FILES conftest.c >&5
configure:23590: $? = 0
configure:23590: result: yes
configure:23590: checking IOKit/storage/IOCDMedia.h presence
configure:23590: gcc -E -I/usr/local/opt/openssl@1.1/include -fpascal-strings -fno-common -Wno-four-char-constants -Wno-unknown-pragmas -Dmacintosh -D_FILE_OFFSET_BITS=64 -D_LARGE_FILES conftest.c
configure:23590: $? = 0
configure:23590: result: yes
configure:23590: checking for IOKit/storage/IOCDMedia.h
configure:23590: result: yes
configure:23602: result: Using OSX IOKit CD Interface
configure:23629: checking for Sound Blaster 16 support
configure:23650: result: no
configure:23659: checking for ES1370 soundcard support
configure:23683: result: no
configure:23780: checking for standard PC gameport support
configure:23814: result: no
configure:23825: checking for docbook2html
configure:23856: result: not_found
configure:23864: checking whether to build docbook documentation
configure:23891: result: no
configure:24030: checking for wx-config
configure:24046: found /usr/local/bin/wx-config
configure:24058: result: wx-config
configure:24067: checking for wxWidgets configuration script
configure:24069: result: wx-config
configure:24076: checking for wxWidgets library version
configure:24101: result: 3.0.4
configure:24118: checking for default gui on this platform
configure:24120: result: carbon
configure:24368: checking for display libraries
configure:24370: result:  sdl
configure:24434: checking for wget
configure:24450: found /usr/local/bin/wget
configure:24461: result: wget
configure:24965: checking pthread.h usability
configure:24965: gcc -c  -fpascal-strings -fno-common -Wno-four-char-constants -Wno-unknown-pragmas -Dmacintosh -D_FILE_OFFSET_BITS=64 -D_LARGE_FILES -I/usr/local/opt/openssl@1.1/include -fpascal-strings -fno-common -Wno-four-char-constants -Wno-unknown-pragmas -Dmacintosh -D_FILE_OFFSET_BITS=64 -D_LARGE_FILES conftest.c >&5
configure:24965: $? = 0
configure:24965: result: yes
configure:24965: checking pthread.h presence
configure:24965: gcc -E -I/usr/local/opt/openssl@1.1/include -fpascal-strings -fno-common -Wno-four-char-constants -Wno-unknown-pragmas -Dmacintosh -D_FILE_OFFSET_BITS=64 -D_LARGE_FILES conftest.c
configure:24965: $? = 0
configure:24965: result: yes
configure:24965: checking for pthread.h
configure:24965: result: yes
configure:25078: checking for the pthreads library -lpthreads
configure:25111: gcc -o conftest  -fpascal-strings -fno-common -Wno-four-char-constants -Wno-unknown-pragmas -Dmacintosh -D_FILE_OFFSET_BITS=64 -D_LARGE_FILES  -I/usr/local/opt/openssl@1.1/include -fpascal-strings -fno-common -Wno-four-char-constants -Wno-unknown-pragmas -Dmacintosh -D_FILE_OFFSET_BITS=64 -D_LARGE_FILES -L/usr/local/opt/openssl@1.1/lib conftest.c -lpthreads  >&5
conftest.c:162:27: warning: null passed to a callee that requires a non-null argument [-Wnonnull]
                     pthread_attr_init(0); pthread_cleanup_push(0, 0);
                                       ~^
conftest.c:163:30: warning: null passed to a callee that requires a non-null argument [-Wnonnull]
                     pthread_create(0,0,0,0); pthread_cleanup_pop(0);
                                    ~      ^
conftest.c:163:30: warning: null passed to a callee that requires a non-null argument [-Wnonnull]
                     pthread_create(0,0,0,0); pthread_cleanup_pop(0);
                                        ~  ^
3 warnings generated.
ld: library not found for -lpthreads
clang: error: linker command failed with exit code 1 (use -v to see invocation)
configure:25111: $? = 1
configure: failed program was:
| /* confdefs.h */
| #define PACKAGE_NAME ""
| #define PACKAGE_TARNAME ""
| #define PACKAGE_VERSION ""
| #define PACKAGE_STRING ""
| #define PACKAGE_BUGREPORT ""
| #define PACKAGE_URL ""
| #define STDC_HEADERS 1
| #define HAVE_SYS_TYPES_H 1
| #define HAVE_SYS_STAT_H 1
| #define HAVE_STDLIB_H 1
| #define HAVE_STRING_H 1
| #define HAVE_MEMORY_H 1
| #define HAVE_STRINGS_H 1
| #define HAVE_INTTYPES_H 1
| #define HAVE_STDINT_H 1
| #define HAVE_UNISTD_H 1
| #define HAVE_DLFCN_H 1
| #define HAVE_DIRENT_H 1
| #define LTDL_SHLIB_EXT ".so"
| #define LTDL_SHLIBPATH_VAR "DYLD_LIBRARY_PATH"
| #define LTDL_SYSSEARCHPATH "/usr/local/lib:/lib:/usr/lib"
| #define LTDL_OBJDIR ".libs/"
| #define HAVE_PRELOADED_SYMBOLS 1
| #define HAVE_LIBDL 1
| #define HAVE_DLERROR 1
| #define error_t int
| #define HAVE_ASSERT_H 1
| #define HAVE_CTYPE_H 1
| #define HAVE_ERRNO_H 1
| #define HAVE_MEMORY_H 1
| #define HAVE_STDLIB_H 1
| #define HAVE_STDIO_H 1
| #define HAVE_UNISTD_H 1
| #define HAVE_MACH_O_DYLD_H 1
| #define HAVE_STRING_H 1
| #define HAVE_STRCHR 1
| #define HAVE_STRRCHR 1
| #define HAVE_MEMCPY 1
| #define HAVE_MEMMOVE 1
| #define HAVE_STRCMP 1
| #define HAVE_CLOSEDIR 1
| #define HAVE_OPENDIR 1
| #define HAVE_READDIR 1
| #define SIZEOF_UNSIGNED_CHAR 1
| #define SIZEOF_UNSIGNED_SHORT 2
| #define SIZEOF_UNSIGNED_INT 4
| #define SIZEOF_UNSIGNED_LONG 8
| #define SIZEOF_UNSIGNED_LONG_LONG 8
| #define SIZEOF_INT_P 8
| #define HAVE_GETENV 1
| #define BX_HAVE_GETENV 1
| #define HAVE_SETENV 1
| #define BX_HAVE_SETENV 1
| #define HAVE_SNPRINTF 1
| #define BX_HAVE_SNPRINTF 1
| #define HAVE_VSNPRINTF 1
| #define BX_HAVE_VSNPRINTF 1
| #define HAVE_SELECT 1
| #define BX_HAVE_SELECT 1
| #define BX_HAVE_SOCKLEN_T 1
| #define HAVE_STRTOULL 1
| #define BX_HAVE_STRTOULL 1
| #define HAVE_STRTOUQ 1
| #define BX_HAVE_STRTOUQ 1
| #define HAVE_STRDUP 1
| #define BX_HAVE_STRDUP 1
| #define HAVE_STRCASECMP 1
| #define BX_HAVE_STRCASECMP 1
| #define HAVE_MKSTEMP 1
| #define BX_HAVE_MKSTEMP 1
| #define BX_HAVE_SYS_MMAN_H 1
| #define HAVE_GETTIMEOFDAY 1
| #define BX_HAVE_GETTIMEOFDAY 1
| #define HAVE_USLEEP 1
| #define BX_HAVE_USLEEP 1
| #define BX_HAVE___BUILTIN_BSWAP32 1
| #define BX_HAVE___BUILTIN_BSWAP64 1
| #define HAVE_SLEEP 1
| #define BX_HAVE_SLEEP 1
| #define HAVE_NANOSLEEP 1
| #define BX_HAVE_NANOSLEEP 1
| #define HAVE_ABORT 1
| #define BX_HAVE_ABORT 1
| #define BX_HAVE_SOCKADDR_IN_SIN_LEN 1
| #define HAVE_TIMELOCAL 1
| #define BX_HAVE_TIMELOCAL 1
| #define HAVE_GMTIME 1
| #define BX_HAVE_GMTIME 1
| #define HAVE_MKTIME 1
| #define BX_HAVE_MKTIME 1
| #define _FILE_OFFSET_BITS 64
| #define HAVE_LARGEFILE_SUPPORT 1
| #define HAVE_COS 1
| #define HAVE_FLOOR 1
| #define BX_HAVE_SET 1
| #define BX_HAVE_MAP 1
| #define BX_USE_IDLE_HACK 0
| #define BX_HAVE_DLFCN_H 1
| #define HAVE_ASSERT_H 1
| #define BX_PLUGINS 0
| #define BX_SUPPORT_A20 1
| #define BX_SUPPORT_X86_64 1
| #define BX_SUPPORT_SMP 0
| #define BX_CPU_LEVEL 6
| #define BX_PHY_ADDRESS_LONG 1
| #define BX_LARGE_RAMFILE 1
| #define BX_SUPPORT_NE2K 1
| #define BX_SUPPORT_PCI 1
| #define BX_SUPPORT_PCIDEV 0
| #define BX_SUPPORT_USB_UHCI 1
| #define BX_SUPPORT_USB_OHCI 1
| #define BX_SUPPORT_USB_XHCI 0
| #define BX_SUPPORT_PCIPNIC 0
| #define BX_SUPPORT_E1000 1
| #define BX_NETMOD_FBSD 1
| #define HAVE_FORK 1
| #define HAVE_EXECLP 1
| #define HAVE_SOCKETPAIR 1
| #define BX_NETMOD_SLIRP 1
| #define BX_NETMOD_TUNTAP 1
| #define BX_NETWORKING 1
| #define BX_CONFIGURE_MSRS 1
| #define BX_SHOW_IPS 1
| #define BX_DEBUGGER 1
| #define BX_DISASM 1
| #define BX_DEBUGGER_GUI 0
| #define BX_GDBSTUB 0
| #define BX_SUPPORT_IODEBUG 1
| #define BX_SUPPORT_REPEAT_SPEEDUPS 1
| #define BX_FAST_FUNC_CALL 1
| #define BX_SUPPORT_HANDLERS_CHAINING_SPEEDUPS 0
| #define HAVE_LIBREADLINE 1
| #define HAVE_READLINE_HISTORY_H 1
| #define BX_INSTRUMENTATION 0
| #define BX_NO_LOGGING 0
| #define BX_ASSERT_ENABLE 1
| #define USE_RAW_SERIAL 0
| #define BX_SUPPORT_CLGD54XX 0
| #define BX_SUPPORT_FPU 1
| #define BX_SUPPORT_VMX 2
| #define BX_SUPPORT_SVM 0
| #define BX_SUPPORT_3DNOW 0
| #define BX_SUPPORT_ALIGNMENT_CHECK 1
| #define BX_SUPPORT_MISALIGNED_SSE 0
| #define BX_SUPPORT_MONITOR_MWAIT 1
| #define BX_SUPPORT_AVX 0
| #define BX_X86_DEBUGGER 0
| #define BX_SUPPORT_CDROM 1
| #define BX_SUPPORT_SB16 0
| #define BX_SUPPORT_ES1370 0
| #define BX_SUPPORT_SOUNDLOW 0
| #define BX_SUPPORT_GAMEPORT 0
| #define BX_WITH_SDL 1
| #define BX_USE_TEXTCONFIG 1
| /* end confdefs.h.  */
| #include <pthread.h>
| int
| main ()
| {
| pthread_t th; pthread_join(th, 0);
| 		     pthread_attr_init(0); pthread_cleanup_push(0, 0);
| 		     pthread_create(0,0,0,0); pthread_cleanup_pop(0);
|   ;
|   return 0;
| }
configure:25120: result: no
configure:25067: checking whether pthreads work without any flags
configure:25111: gcc -o conftest  -fpascal-strings -fno-common -Wno-four-char-constants -Wno-unknown-pragmas -Dmacintosh -D_FILE_OFFSET_BITS=64 -D_LARGE_FILES  -I/usr/local/opt/openssl@1.1/include -fpascal-strings -fno-common -Wno-four-char-constants -Wno-unknown-pragmas -Dmacintosh -D_FILE_OFFSET_BITS=64 -D_LARGE_FILES -L/usr/local/opt/openssl@1.1/lib conftest.c   >&5
conftest.c:162:27: warning: null passed to a callee that requires a non-null argument [-Wnonnull]
                     pthread_attr_init(0); pthread_cleanup_push(0, 0);
                                       ~^
conftest.c:163:30: warning: null passed to a callee that requires a non-null argument [-Wnonnull]
                     pthread_create(0,0,0,0); pthread_cleanup_pop(0);
                                    ~      ^
conftest.c:163:30: warning: null passed to a callee that requires a non-null argument [-Wnonnull]
                     pthread_create(0,0,0,0); pthread_cleanup_pop(0);
                                        ~  ^
3 warnings generated.
configure:25111: $? = 0
configure:25120: result: yes
configure:25140: checking for joinable pthread attribute
configure:25153: gcc -o conftest  -fpascal-strings -fno-common -Wno-four-char-constants -Wno-unknown-pragmas -Dmacintosh -D_FILE_OFFSET_BITS=64 -D_LARGE_FILES  -I/usr/local/opt/openssl@1.1/include -fpascal-strings -fno-common -Wno-four-char-constants -Wno-unknown-pragmas -Dmacintosh -D_FILE_OFFSET_BITS=64 -D_LARGE_FILES -L/usr/local/opt/openssl@1.1/lib conftest.c   >&5
configure:25153: $? = 0
configure:25185: result: PTHREAD_CREATE_JOINABLE
configure:25192: checking if more special flags are required for pthreads
configure:25199: result: no
configure:25211: checking for cc_r
configure:25239: result: gcc
configure:25303: checking for APIC support (deprecated)
configure:25313: result: no
configure:25319: checking for X2APIC support (deprecated)
configure:25329: result: no
configure:25335: checking for VESA BIOS extensions (deprecated)
configure:25345: result: no
configure:25351: checking for ACPI extensions support (deprecated)
configure:25361: result: no
configure:25367: checking for instruction trace cache support (deprecated)
configure:25377: result: no
configure:25433: checking for gzip
configure:25451: found /usr/bin/gzip
configure:25463: result: /usr/bin/gzip
configure:25473: checking for tar
configure:25491: found /usr/bin/tar
configure:25503: result: /usr/bin/tar
configure:25629: creating ./config.status

## ---------------------- ##
## Running config.status. ##
## ---------------------- ##

This file was extended by config.status, which was
generated by GNU Autoconf 2.68.  Invocation command line was

  CONFIG_FILES    = 
  CONFIG_HEADERS  = 
  CONFIG_LINKS    = 
  CONFIG_COMMANDS = 
  $ ./config.status 

on jauzzz.local

config.status:1111: creating Makefile
config.status:1111: creating iodev/Makefile
config.status:1111: creating iodev/hdimage/Makefile
config.status:1111: creating iodev/usb/Makefile
config.status:1111: creating iodev/network/Makefile
config.status:1111: creating iodev/sound/Makefile
config.status:1111: creating bx_debug/Makefile
config.status:1111: creating bios/Makefile
config.status:1111: creating cpu/Makefile
config.status:1111: creating cpu/cpudb/Makefile
config.status:1111: creating memory/Makefile
config.status:1111: creating gui/Makefile
config.status:1111: creating disasm/Makefile
config.status:1111: creating instrument/stubs/Makefile
config.status:1111: creating misc/Makefile
config.status:1111: creating fpu/Makefile
config.status:1111: creating doc/docbook/Makefile
config.status:1111: creating build/linux/bochs-dlx
config.status:1111: creating bxversion.h
config.status:1111: creating bxversion.rc
config.status:1111: creating build/macosx/Info.plist
config.status:1111: creating build/win32/nsis/Makefile
config.status:1111: creating build/win32/nsis/bochs.nsi
config.status:1111: creating host/linux/pcidev/Makefile
config.status:1111: creating config.h
config.status:1111: creating ltdlconf.h

## ---------------- ##
## Cache variables. ##
## ---------------- ##

ac_cv_build=x86_64-apple-darwin18.7.0
ac_cv_c_bigendian=no
ac_cv_c_compiler_gnu=yes
ac_cv_c_const=yes
ac_cv_c_inline=inline
ac_cv_cxx_compiler_gnu=yes
ac_cv_env_CCC_set=
ac_cv_env_CCC_value=
ac_cv_env_CC_set=
ac_cv_env_CC_value=
ac_cv_env_CFLAGS_set=
ac_cv_env_CFLAGS_value=
ac_cv_env_CPPFLAGS_set=set
ac_cv_env_CPPFLAGS_value=-I/usr/local/opt/openssl@1.1/include
ac_cv_env_CPP_set=
ac_cv_env_CPP_value=
ac_cv_env_CXXCPP_set=
ac_cv_env_CXXCPP_value=
ac_cv_env_CXXFLAGS_set=
ac_cv_env_CXXFLAGS_value=
ac_cv_env_CXX_set=
ac_cv_env_CXX_value=
ac_cv_env_F77_set=
ac_cv_env_F77_value=
ac_cv_env_FFLAGS_set=
ac_cv_env_FFLAGS_value=
ac_cv_env_LDFLAGS_set=set
ac_cv_env_LDFLAGS_value=-L/usr/local/opt/openssl@1.1/lib
ac_cv_env_LIBS_set=
ac_cv_env_LIBS_value=
ac_cv_env_XMKMF_set=
ac_cv_env_XMKMF_value=
ac_cv_env_build_alias_set=
ac_cv_env_build_alias_value=
ac_cv_env_host_alias_set=
ac_cv_env_host_alias_value=
ac_cv_env_target_alias_set=
ac_cv_env_target_alias_value=
ac_cv_f77_compiler_gnu=no
ac_cv_func_abort=yes
ac_cv_func_argz_append=no
ac_cv_func_argz_create_sep=no
ac_cv_func_argz_insert=no
ac_cv_func_argz_next=no
ac_cv_func_argz_stringify=no
ac_cv_func_closedir=yes
ac_cv_func_cos=yes
ac_cv_func_dlerror=yes
ac_cv_func_execlp=yes
ac_cv_func_floor=yes
ac_cv_func_fork=yes
ac_cv_func_fseek64=no
ac_cv_func_fseeko64=no
ac_cv_func_getenv=yes
ac_cv_func_gettimeofday=yes
ac_cv_func_gmtime=yes
ac_cv_func_memcpy=yes
ac_cv_func_memmove=yes
ac_cv_func_mkstemp=yes
ac_cv_func_mktime=yes
ac_cv_func_nanosleep=yes
ac_cv_func_opendir=yes
ac_cv_func_readdir=yes
ac_cv_func_select=yes
ac_cv_func_setenv=yes
ac_cv_func_shl_load=no
ac_cv_func_sleep=yes
ac_cv_func_snprintf=yes
ac_cv_func_socketpair=yes
ac_cv_func_strcasecmp=yes
ac_cv_func_strchr=yes
ac_cv_func_strcmp=yes
ac_cv_func_strdup=yes
ac_cv_func_stricmp=no
ac_cv_func_strrchr=yes
ac_cv_func_strrev=no
ac_cv_func_strtoull=yes
ac_cv_func_strtouq=yes
ac_cv_func_timelocal=yes
ac_cv_func_tmpfile64=no
ac_cv_func_usleep=yes
ac_cv_func_vsnprintf=yes
ac_cv_header_IOKit_storage_IOCDMedia_h=yes
ac_cv_header_argz_h=no
ac_cv_header_assert_h=yes
ac_cv_header_ctype_h=yes
ac_cv_header_dirent_dirent_h=yes
ac_cv_header_dl_h=no
ac_cv_header_dld_h=no
ac_cv_header_dlfcn_h=yes
ac_cv_header_errno_h=yes
ac_cv_header_inttypes_h=yes
ac_cv_header_mach_o_dyld_h=yes
ac_cv_header_malloc_h=no
ac_cv_header_memory_h=yes
ac_cv_header_net_bpf_h=yes
ac_cv_header_netpacket_packet_h=no
ac_cv_header_pthread_h=yes
ac_cv_header_readline_history_h=yes
ac_cv_header_stdc=yes
ac_cv_header_stdint_h=yes
ac_cv_header_stdio_h=yes
ac_cv_header_stdlib_h=yes
ac_cv_header_string_h=yes
ac_cv_header_strings_h=yes
ac_cv_header_sys_dl_h=no
ac_cv_header_sys_mman_h=yes
ac_cv_header_sys_stat_h=yes
ac_cv_header_sys_types_h=yes
ac_cv_header_unistd_h=yes
ac_cv_host=x86_64-apple-darwin18.7.0
ac_cv_lib_dl_dlopen=yes
ac_cv_lib_dld_shl_load=no
ac_cv_member_struct_sockaddr_in_sin_len=yes
ac_cv_objext=o
ac_cv_path_DOCBOOK2HTML=not_found
ac_cv_path_EGREP='/usr/bin/grep -E'
ac_cv_path_FLEX=/usr/bin/flex
ac_cv_path_GREP=/usr/bin/grep
ac_cv_path_GZIP=/usr/bin/gzip
ac_cv_path_PKGCONFIG=/usr/local/bin/pkg-config
ac_cv_path_TAR=/usr/bin/tar
ac_cv_path_YACC=/usr/bin/yacc
ac_cv_prog_CPP='gcc -E'
ac_cv_prog_CXXCPP='g++ -E'
ac_cv_prog_PTHREAD_CC=gcc
ac_cv_prog_WGET=wget
ac_cv_prog_WX_CONFIG=wx-config
ac_cv_prog_ac_ct_AR=ar
ac_cv_prog_ac_ct_CC=gcc
ac_cv_prog_ac_ct_CXX=g++
ac_cv_prog_ac_ct_RANLIB=ranlib
ac_cv_prog_ac_ct_STRIP=strip
ac_cv_prog_cc_c89=
ac_cv_prog_cc_g=yes
ac_cv_prog_cxx_g=yes
ac_cv_prog_f77_g=no
ac_cv_prog_make_make_set=yes
ac_cv_search_opendir='none required'
ac_cv_sizeof_int_p=8
ac_cv_sizeof_unsigned_char=1
ac_cv_sizeof_unsigned_int=4
ac_cv_sizeof_unsigned_long=8
ac_cv_sizeof_unsigned_long_long=8
ac_cv_sizeof_unsigned_short=2
ac_cv_sys_file_offset_bits=64
ac_cv_sys_symbol_underscore=yes
ac_cv_target=x86_64-apple-darwin18.7.0
ac_cv_type_error_t=no
ac_cv_type_socklen_t=yes
libltdl_cv_lib_dl_dlopen=yes
libltdl_cv_need_uscore=no
libltdl_cv_objdir=.libs
libltdl_cv_preloaded_symbols=yes
libltdl_cv_shlibext=.so
libltdl_cv_shlibpath_var=DYLD_LIBRARY_PATH
libltdl_cv_sys_dlopen_deplibs=yes
libltdl_cv_sys_search_path='/usr/local/lib /lib /usr/lib'
lt_cv_deplibs_check_method=pass_all
lt_cv_dlopen=dlopen
lt_cv_dlopen_libs=-ldl
lt_cv_dlopen_self=yes
lt_cv_dlopen_self_static=yes
lt_cv_file_magic_cmd='/usr/bin/file -L'
lt_cv_file_magic_test_file=/usr/lib/libSystem.dylib
lt_cv_ld_reload_flag=-r
lt_cv_objdir=.libs
lt_cv_path_LD=/Library/Developer/CommandLineTools/usr/bin/ld
lt_cv_path_LDCXX=/Library/Developer/CommandLineTools/usr/bin/ld
lt_cv_path_NM='/usr/bin/nm -B'
lt_cv_path_SED=/usr/bin/sed
lt_cv_prog_compiler_c_o=yes
lt_cv_prog_compiler_c_o_CXX=yes
lt_cv_prog_compiler_pic_works=yes
lt_cv_prog_compiler_pic_works_CXX=yes
lt_cv_prog_compiler_rtti_exceptions=yes
lt_cv_prog_compiler_static_works=yes
lt_cv_prog_gnu_ld=no
lt_cv_prog_gnu_ldcxx=no
lt_cv_sys_global_symbol_pipe='sed -n -e '\''s/^.*[ 	]\([BCDEGRST][BCDEGRST]*\)[ 	][ 	]*\(_\)\([_A-Za-z][_A-Za-z0-9]*\)$/\1 \2\3 \3/p'\'''
lt_cv_sys_global_symbol_to_c_name_address='sed -n -e '\''s/^: \([^ ]*\) $/  {\"\1\", (lt_ptr) 0},/p'\'' -e '\''s/^[BCDEGRST] \([^ ]*\) \([^ ]*\)$/  {"\2", (lt_ptr) \&\2},/p'\'''
lt_cv_sys_global_symbol_to_cdecl='sed -n -e '\''s/^. .* \(.*\)$/extern int \1;/p'\'''
lt_cv_sys_max_cmd_len=65536
lt_lt_cv_prog_compiler_c_o='"yes"'
lt_lt_cv_prog_compiler_c_o_CXX='"yes"'
lt_lt_cv_sys_global_symbol_pipe='"sed -n -e '\''s/^.*[ 	]\\([BCDEGRST][BCDEGRST]*\\)[ 	][ 	]*\\(_\\)\\([_A-Za-z][_A-Za-z0-9]*\\)\$/\\1 \\2\\3 \\3/p'\''"'
lt_lt_cv_sys_global_symbol_to_c_name_address='"sed -n -e '\''s/^: \\([^ ]*\\) \$/  {\\\"\\1\\\", (lt_ptr) 0},/p'\'' -e '\''s/^[BCDEGRST] \\([^ ]*\\) \\([^ ]*\\)\$/  {\"\\2\", (lt_ptr) \\&\\2},/p'\''"'
lt_lt_cv_sys_global_symbol_to_cdecl='"sed -n -e '\''s/^. .* \\(.*\\)\$/extern int \\1;/p'\''"'

## ----------------- ##
## Output variables. ##
## ----------------- ##

AR='ar'
BUILD_DOCBOOK_VAR=''
BXIMAGE_LINK_OPTS=''
BX_LARGE_RAMFILE=''
BX_USE_IDLE_HACK=''
CC='gcc'
CDROM_OBJS='cdrom.o cdrom_osx.o'
CD_UP_ONE='echo done'
CD_UP_THREE='echo done'
CD_UP_TWO='echo done'
CFLAGS=' -fpascal-strings -fno-common -Wno-four-char-constants -Wno-unknown-pragmas -Dmacintosh -D_FILE_OFFSET_BITS=64 -D_LARGE_FILES'
CFP=''
CLEAN_DOCBOOK_VAR=''
CLEAN_PCIDEV_VAR=''
COMMAND_SEPARATOR='&& \'
CPP='gcc -E'
CPPFLAGS='-I/usr/local/opt/openssl@1.1/include -fpascal-strings -fno-common -Wno-four-char-constants -Wno-unknown-pragmas -Dmacintosh -D_FILE_OFFSET_BITS=64 -D_LARGE_FILES'
CPP_SUFFIX='cc'
CXX='g++'
CXXCPP='g++ -E'
CXXFLAGS=' -fpascal-strings -fno-common -Wno-four-char-constants -Wno-unknown-pragmas -Dmacintosh -D_FILE_OFFSET_BITS=64 -D_LARGE_FILES'
CXXFP=''
DASH='-'
DEBUGGER_VAR='$(DEBUGGER_LIB)'
DEFINE_PLUGIN_PATH=''
DEFS='-DHAVE_CONFIG_H'
DEPMOD=''
DEVICE_LINK_OPTS=''
DIALOG_OBJS=''
DISASM_VAR='$(DISASM_LIB)'
DOCBOOK2HTML='not_found'
ECHO='/bin/echo'
ECHO_C='\c'
ECHO_N=''
ECHO_T=''
EGREP='/usr/bin/grep -E'
ENH_DBG_OBJS=''
EXE=''
EXEEXT=''
EXPORT_DYNAMIC='-export-dynamic'
EXTERNAL_DEPENDENCY=''
EXTRA_BX_OBJS=''
EXTRA_LINK_OPTS=' -framework IOKit -framework CoreFoundation $(GUI_LINK_OPTS)'
F77=''
FFLAGS=''
FLEX='/usr/bin/flex'
FPU_VAR='$(FPU_LIB)'
GAME_OBJS=''
GDBSTUB_VAR=''
GREP='/usr/bin/grep'
GUI_CFLAGS=' -I/usr/local/include/SDL -D_GNU_SOURCE=1 -D_THREAD_SAFE'
GUI_CXXFLAGS=' -I/usr/local/include/SDL -D_GNU_SOURCE=1 -D_THREAD_SAFE'
GUI_LINK_OPTS=' $(GUI_LINK_OPTS_SDL)'
GUI_LINK_OPTS_TERM=''
GUI_LINK_OPTS_WX=''
GUI_NON_PLUGIN_OBJS='$(OBJS_THAT_CANNOT_BE_PLUGINS) $(OBJS_THAT_CAN_BE_PLUGINS) $(OBJS_THAT_SUPPORT_OTHER_PLUGINS)  $(GUI_OBJS_SDL) '
GUI_OBJS=''
GUI_PLUGIN_OBJS=''
GZIP='/usr/bin/gzip'
HDIMAGE_LIB_VAR='iodev/hdimage/libhdimage.a'
INLINE_VAR=''
INSMOD=''
INSTALL_DOCBOOK_VAR=''
INSTALL_LIST_FOR_PLATFORM=''
INSTALL_PLUGINS_VAR=''
INSTALL_TARGET='install_unix'
INSTRUMENT_DIR='instrument/stubs'
INSTRUMENT_VAR=''
IODEBUG_OBJS='iodebug.o'
IODEV_EXT_NON_PLUGIN_OBJS='$(OBJS_THAT_CANNOT_BE_PLUGINS) $(OBJS_THAT_CAN_BE_PLUGINS) $(OBJS_THAT_SUPPORT_OTHER_PLUGINS)'
IODEV_EXT_PLUGIN_OBJS=''
IODEV_LIB_VAR='iodev/libiodev.a'
IODEV_NON_PLUGIN_OBJS='$(OBJS_THAT_CANNOT_BE_PLUGINS) $(OBJS_THAT_CAN_BE_PLUGINS) $(OBJS_THAT_SUPPORT_OTHER_PLUGINS)'
IODEV_PLUGIN_OBJS=''
KERNELDIR=''
KERNEL_MODULE_SUFFIX=''
LDFLAGS='-L/usr/local/opt/openssl@1.1/lib'
LIBADD_DL='-ldl'
LIBOBJS=''
LIBS=''
LIBTOOL='$(SHELL) $(top_builddir)/libtool'
LINK='$(LIBTOOL) --mode=link --tag CXX $(CXX) -o $@ $(CXXFLAGS) $(LDFLAGS)'
LINK_CONSOLE='$(LIBTOOL) --mode=link --tag CXX $(CXX) -o $@ $(CXXFLAGS_CONSOLE) $(LDFLAGS)'
LN_S='ln -s'
LSMOD=''
LTLIBOBJS=''
MAKELIB='ar rv $@'
NETDEV_OBJS='ne2k.o e1000.o'
NETLOW_OBJS='eth_null.o eth_vnet.o eth_fbsd.o eth_slirp.o eth_tuntap.o'
NETWORK_LIB_VAR='iodev/network/libnetwork.a'
NONINLINE_VAR='$(NONINLINE_OBJS)'
NONPLUGIN_GUI_LINK_OPTS='$(GUI_LINK_OPTS)'
NO_FLEX_YACC=''
OBJEXT='o'
OBJS64='$(OBJS64)'
OFP='-o '
PACKAGE_BUGREPORT=''
PACKAGE_NAME=''
PACKAGE_STRING=''
PACKAGE_TARNAME=''
PACKAGE_URL=''
PACKAGE_VERSION=''
PATH_SEPARATOR=':'
PCIDEV_MODULE_MAKE_ALL=''
PCI_OBJ='pci.o pci2isa.o pci_ide.o acpi.o'
PKGCONFIG='/usr/local/bin/pkg-config'
PLUGIN_LIBNAME_TRANSFORMATION='%.o=libbx_%.la'
PLUGIN_TARGET=''
PLUGIN_VAR=''
PRIMARY_TARGET='bochs'
PTHREAD_CC='gcc'
PTHREAD_CFLAGS=''
PTHREAD_LIBS=''
RANLIB='ranlib'
RC_CMD=''
READLINE_LIB='-lreadline'
REL_STRING='Built from SVN snapshot on September 2nd, 2012'
RFB_LIBS=''
RMCOMMAND='rm -f '
RMMOD=''
SCSI_OBJS='scsi_device.o'
SET_MAKE=''
SHELL='/bin/sh'
SLASH='/'
SOUNDCARD_OBJS=''
SOUNDLOW_OBJS=''
SOUND_LIB_VAR=''
SOUND_LINK_OPTS=''
STRIP='strip'
SUFFIX_LINE='.SUFFIXES: .cc'
TAR='/usr/bin/tar'
TOOLKIT_CXXFLAGS=''
USBCORE_OBJ='usb_common.o'
USBDEV_OBJS='usb_hid.o usb_hub.o usb_msd.o usb_printer.o'
USBHC_OBJS='usb_uhci.o usb_ohci.o'
USB_LIB_VAR='iodev/usb/libusb.a'
VERSION='2.6'
VER_STRING='2.6'
WGET='wget'
WIN_VER_STRING='2, 6, 0, 0'
WX_CFLAGS=''
WX_CONFIG='wx-config'
WX_CXXFLAGS=''
XMKMF=''
X_CFLAGS=''
X_EXTRA_LIBS=''
X_LIBS=''
X_PRE_LIBS=''
YACC='/usr/bin/yacc'
ac_ct_CC='gcc'
ac_ct_CXX='g++'
ac_ct_F77=''
bindir='${exec_prefix}/bin'
build='x86_64-apple-darwin18.7.0'
build_alias=''
build_cpu='x86_64'
build_os='darwin18.7.0'
build_vendor='apple'
datadir='${datarootdir}'
datarootdir='${prefix}/share'
docdir='${datarootdir}/doc/${PACKAGE}'
dvidir='${docdir}'
exec_prefix='${prefix}'
host='x86_64-apple-darwin18.7.0'
host_alias=''
host_cpu='x86_64'
host_os='darwin18.7.0'
host_vendor='apple'
htmldir='${docdir}'
includedir='${prefix}/include'
infodir='${datarootdir}/info'
libdir='${exec_prefix}/lib'
libexecdir='${exec_prefix}/libexec'
localedir='${datarootdir}/locale'
localstatedir='${prefix}/var'
mandir='${datarootdir}/man'
oldincludedir='/usr/include'
pdfdir='${docdir}'
prefix='/Users/yingli/tools/bochs'
program_transform_name='s,x,x,'
psdir='${docdir}'
sbindir='${exec_prefix}/sbin'
sharedstatedir='${prefix}/com'
sysconfdir='${prefix}/etc'
target='x86_64-apple-darwin18.7.0'
target_alias=''
target_cpu='x86_64'
target_os='darwin18.7.0'
target_vendor='apple'

## ----------- ##
## confdefs.h. ##
## ----------- ##

/* confdefs.h */
#define PACKAGE_NAME ""
#define PACKAGE_TARNAME ""
#define PACKAGE_VERSION ""
#define PACKAGE_STRING ""
#define PACKAGE_BUGREPORT ""
#define PACKAGE_URL ""
#define STDC_HEADERS 1
#define HAVE_SYS_TYPES_H 1
#define HAVE_SYS_STAT_H 1
#define HAVE_STDLIB_H 1
#define HAVE_STRING_H 1
#define HAVE_MEMORY_H 1
#define HAVE_STRINGS_H 1
#define HAVE_INTTYPES_H 1
#define HAVE_STDINT_H 1
#define HAVE_UNISTD_H 1
#define HAVE_DLFCN_H 1
#define HAVE_DIRENT_H 1
#define LTDL_SHLIB_EXT ".so"
#define LTDL_SHLIBPATH_VAR "DYLD_LIBRARY_PATH"
#define LTDL_SYSSEARCHPATH "/usr/local/lib:/lib:/usr/lib"
#define LTDL_OBJDIR ".libs/"
#define HAVE_PRELOADED_SYMBOLS 1
#define HAVE_LIBDL 1
#define HAVE_DLERROR 1
#define error_t int
#define HAVE_ASSERT_H 1
#define HAVE_CTYPE_H 1
#define HAVE_ERRNO_H 1
#define HAVE_MEMORY_H 1
#define HAVE_STDLIB_H 1
#define HAVE_STDIO_H 1
#define HAVE_UNISTD_H 1
#define HAVE_MACH_O_DYLD_H 1
#define HAVE_STRING_H 1
#define HAVE_STRCHR 1
#define HAVE_STRRCHR 1
#define HAVE_MEMCPY 1
#define HAVE_MEMMOVE 1
#define HAVE_STRCMP 1
#define HAVE_CLOSEDIR 1
#define HAVE_OPENDIR 1
#define HAVE_READDIR 1
#define SIZEOF_UNSIGNED_CHAR 1
#define SIZEOF_UNSIGNED_SHORT 2
#define SIZEOF_UNSIGNED_INT 4
#define SIZEOF_UNSIGNED_LONG 8
#define SIZEOF_UNSIGNED_LONG_LONG 8
#define SIZEOF_INT_P 8
#define HAVE_GETENV 1
#define BX_HAVE_GETENV 1
#define HAVE_SETENV 1
#define BX_HAVE_SETENV 1
#define HAVE_SNPRINTF 1
#define BX_HAVE_SNPRINTF 1
#define HAVE_VSNPRINTF 1
#define BX_HAVE_VSNPRINTF 1
#define HAVE_SELECT 1
#define BX_HAVE_SELECT 1
#define BX_HAVE_SOCKLEN_T 1
#define HAVE_STRTOULL 1
#define BX_HAVE_STRTOULL 1
#define HAVE_STRTOUQ 1
#define BX_HAVE_STRTOUQ 1
#define HAVE_STRDUP 1
#define BX_HAVE_STRDUP 1
#define HAVE_STRCASECMP 1
#define BX_HAVE_STRCASECMP 1
#define HAVE_MKSTEMP 1
#define BX_HAVE_MKSTEMP 1
#define BX_HAVE_SYS_MMAN_H 1
#define HAVE_GETTIMEOFDAY 1
#define BX_HAVE_GETTIMEOFDAY 1
#define HAVE_USLEEP 1
#define BX_HAVE_USLEEP 1
#define BX_HAVE___BUILTIN_BSWAP32 1
#define BX_HAVE___BUILTIN_BSWAP64 1
#define HAVE_SLEEP 1
#define BX_HAVE_SLEEP 1
#define HAVE_NANOSLEEP 1
#define BX_HAVE_NANOSLEEP 1
#define HAVE_ABORT 1
#define BX_HAVE_ABORT 1
#define BX_HAVE_SOCKADDR_IN_SIN_LEN 1
#define HAVE_TIMELOCAL 1
#define BX_HAVE_TIMELOCAL 1
#define HAVE_GMTIME 1
#define BX_HAVE_GMTIME 1
#define HAVE_MKTIME 1
#define BX_HAVE_MKTIME 1
#define _FILE_OFFSET_BITS 64
#define HAVE_LARGEFILE_SUPPORT 1
#define HAVE_COS 1
#define HAVE_FLOOR 1
#define BX_HAVE_SET 1
#define BX_HAVE_MAP 1
#define BX_USE_IDLE_HACK 0
#define BX_HAVE_DLFCN_H 1
#define HAVE_ASSERT_H 1
#define BX_PLUGINS 0
#define BX_SUPPORT_A20 1
#define BX_SUPPORT_X86_64 1
#define BX_SUPPORT_SMP 0
#define BX_CPU_LEVEL 6
#define BX_PHY_ADDRESS_LONG 1
#define BX_LARGE_RAMFILE 1
#define BX_SUPPORT_NE2K 1
#define BX_SUPPORT_PCI 1
#define BX_SUPPORT_PCIDEV 0
#define BX_SUPPORT_USB_UHCI 1
#define BX_SUPPORT_USB_OHCI 1
#define BX_SUPPORT_USB_XHCI 0
#define BX_SUPPORT_PCIPNIC 0
#define BX_SUPPORT_E1000 1
#define BX_NETMOD_FBSD 1
#define HAVE_FORK 1
#define HAVE_EXECLP 1
#define HAVE_SOCKETPAIR 1
#define BX_NETMOD_SLIRP 1
#define BX_NETMOD_TUNTAP 1
#define BX_NETWORKING 1
#define BX_CONFIGURE_MSRS 1
#define BX_SHOW_IPS 1
#define BX_DEBUGGER 1
#define BX_DISASM 1
#define BX_DEBUGGER_GUI 0
#define BX_GDBSTUB 0
#define BX_SUPPORT_IODEBUG 1
#define BX_SUPPORT_REPEAT_SPEEDUPS 1
#define BX_FAST_FUNC_CALL 1
#define BX_SUPPORT_HANDLERS_CHAINING_SPEEDUPS 0
#define HAVE_LIBREADLINE 1
#define HAVE_READLINE_HISTORY_H 1
#define BX_INSTRUMENTATION 0
#define BX_NO_LOGGING 0
#define BX_ASSERT_ENABLE 1
#define USE_RAW_SERIAL 0
#define BX_SUPPORT_CLGD54XX 0
#define BX_SUPPORT_FPU 1
#define BX_SUPPORT_VMX 2
#define BX_SUPPORT_SVM 0
#define BX_SUPPORT_3DNOW 0
#define BX_SUPPORT_ALIGNMENT_CHECK 1
#define BX_SUPPORT_MISALIGNED_SSE 0
#define BX_SUPPORT_MONITOR_MWAIT 1
#define BX_SUPPORT_AVX 0
#define BX_X86_DEBUGGER 0
#define BX_SUPPORT_CDROM 1
#define BX_SUPPORT_SB16 0
#define BX_SUPPORT_ES1370 0
#define BX_SUPPORT_SOUNDLOW 0
#define BX_SUPPORT_GAMEPORT 0
#define BX_WITH_SDL 1
#define BX_USE_TEXTCONFIG 1

configure: exit 0
